<?xml version="1.0" encoding="UTF-8"?>
<coverage generated="1765473126339" clover="3.2.0">
  <project timestamp="1765473126339" name="All files">
    <metrics statements="1351" coveredstatements="539" conditionals="624" coveredconditionals="160" methods="184" coveredmethods="51" elements="2159" coveredelements="750" complexity="0" loc="1351" ncloc="1351" packages="7" files="21" classes="21"/>
    <package name="server">
      <metrics statements="53" coveredstatements="36" conditionals="8" coveredconditionals="1" methods="3" coveredmethods="0"/>
      <file name="index.js" path="C:\Users\lenov\Desktop\placement coordination system\server\index.js">
        <metrics statements="53" coveredstatements="36" conditionals="8" coveredconditionals="1" methods="3" coveredmethods="0"/>
        <line num="1" count="2" type="stmt"/>
        <line num="2" count="2" type="stmt"/>
        <line num="3" count="2" type="stmt"/>
        <line num="4" count="2" type="stmt"/>
        <line num="5" count="2" type="stmt"/>
        <line num="6" count="2" type="stmt"/>
        <line num="8" count="2" type="stmt"/>
        <line num="9" count="2" type="stmt"/>
        <line num="10" count="2" type="stmt"/>
        <line num="11" count="2" type="stmt"/>
        <line num="12" count="2" type="stmt"/>
        <line num="13" count="2" type="stmt"/>
        <line num="14" count="2" type="stmt"/>
        <line num="16" count="2" type="stmt"/>
        <line num="17" count="2" type="stmt"/>
        <line num="19" count="2" type="stmt"/>
        <line num="22" count="2" type="stmt"/>
        <line num="23" count="2" type="stmt"/>
        <line num="29" count="2" type="stmt"/>
        <line num="32" count="2" type="stmt"/>
        <line num="33" count="2" type="stmt"/>
        <line num="34" count="2" type="stmt"/>
        <line num="37" count="2" type="stmt"/>
        <line num="38" count="2" type="stmt"/>
        <line num="41" count="2" type="stmt"/>
        <line num="45" count="0" type="stmt"/>
        <line num="46" count="0" type="cond" truecount="0" falsecount="2"/>
        <line num="47" count="0" type="cond" truecount="0" falsecount="2"/>
        <line num="49" count="0" type="stmt"/>
        <line num="51" count="0" type="cond" truecount="0" falsecount="2"/>
        <line num="53" count="0" type="stmt"/>
        <line num="60" count="0" type="stmt"/>
        <line num="61" count="0" type="stmt"/>
        <line num="64" count="0" type="stmt"/>
        <line num="65" count="0" type="stmt"/>
        <line num="66" count="0" type="stmt"/>
        <line num="67" count="0" type="stmt"/>
        <line num="68" count="0" type="stmt"/>
        <line num="69" count="0" type="stmt"/>
        <line num="72" count="0" type="stmt"/>
        <line num="77" count="2" type="stmt"/>
        <line num="78" count="2" type="stmt"/>
        <line num="79" count="2" type="stmt"/>
        <line num="80" count="2" type="stmt"/>
        <line num="81" count="2" type="stmt"/>
        <line num="82" count="2" type="stmt"/>
        <line num="83" count="2" type="stmt"/>
        <line num="86" count="2" type="stmt"/>
        <line num="87" count="0" type="stmt"/>
        <line num="91" count="2" type="stmt"/>
        <line num="94" count="2" type="stmt"/>
        <line num="95" count="0" type="stmt"/>
        <line num="98" count="2" type="stmt"/>
      </file>
    </package>
    <package name="server.config">
      <metrics statements="6" coveredstatements="6" conditionals="0" coveredconditionals="0" methods="0" coveredmethods="0"/>
      <file name="roles.js" path="C:\Users\lenov\Desktop\placement coordination system\server\config\roles.js">
        <metrics statements="6" coveredstatements="6" conditionals="0" coveredconditionals="0" methods="0" coveredmethods="0"/>
        <line num="4" count="2" type="stmt"/>
        <line num="11" count="2" type="stmt"/>
        <line num="18" count="2" type="stmt"/>
        <line num="25" count="2" type="stmt"/>
        <line num="34" count="2" type="stmt"/>
        <line num="40" count="2" type="stmt"/>
      </file>
    </package>
    <package name="server.middleware">
      <metrics statements="84" coveredstatements="43" conditionals="60" coveredconditionals="24" methods="12" coveredmethods="5"/>
      <file name="auth.js" path="C:\Users\lenov\Desktop\placement coordination system\server\middleware\auth.js">
        <metrics statements="54" coveredstatements="24" conditionals="38" coveredconditionals="12" methods="6" coveredmethods="3"/>
        <line num="1" count="2" type="stmt"/>
        <line num="2" count="2" type="stmt"/>
        <line num="7" count="2" type="stmt"/>
        <line num="8" count="7" type="stmt"/>
        <line num="9" count="7" type="stmt"/>
        <line num="11" count="7" type="cond" truecount="4" falsecount="0"/>
        <line num="12" count="1" type="stmt"/>
        <line num="15" count="6" type="stmt"/>
        <line num="17" count="6" type="cond" truecount="1" falsecount="1"/>
        <line num="18" count="0" type="stmt"/>
        <line num="22" count="6" type="stmt"/>
        <line num="25" count="6" type="stmt"/>
        <line num="27" count="6" type="cond" truecount="4" falsecount="0"/>
        <line num="28" count="1" type="stmt"/>
        <line num="32" count="5" type="stmt"/>
        <line num="33" count="5" type="stmt"/>
        <line num="35" count="0" type="cond" truecount="0" falsecount="2"/>
        <line num="36" count="0" type="stmt"/>
        <line num="37" count="0" type="cond" truecount="0" falsecount="2"/>
        <line num="38" count="0" type="stmt"/>
        <line num="41" count="0" type="stmt"/>
        <line num="42" count="0" type="stmt"/>
        <line num="50" count="2" type="stmt"/>
        <line num="51" count="68" type="stmt"/>
        <line num="52" count="4" type="cond" truecount="1" falsecount="1"/>
        <line num="53" count="0" type="stmt"/>
        <line num="56" count="4" type="cond" truecount="2" falsecount="0"/>
        <line num="57" count="1" type="stmt"/>
        <line num="64" count="3" type="stmt"/>
        <line num="71" count="2" type="stmt"/>
        <line num="72" count="0" type="stmt"/>
        <line num="73" count="0" type="stmt"/>
        <line num="75" count="0" type="cond" truecount="0" falsecount="4"/>
        <line num="76" count="0" type="stmt"/>
        <line num="79" count="0" type="stmt"/>
        <line num="81" count="0" type="cond" truecount="0" falsecount="2"/>
        <line num="82" count="0" type="stmt"/>
        <line num="85" count="0" type="stmt"/>
        <line num="86" count="0" type="stmt"/>
        <line num="88" count="0" type="cond" truecount="0" falsecount="4"/>
        <line num="89" count="0" type="stmt"/>
        <line num="92" count="0" type="stmt"/>
        <line num="95" count="0" type="stmt"/>
        <line num="102" count="2" type="cond" truecount="0" falsecount="1"/>
        <line num="103" count="0" type="stmt"/>
        <line num="104" count="0" type="cond" truecount="0" falsecount="2"/>
        <line num="105" count="0" type="stmt"/>
        <line num="109" count="0" type="cond" truecount="0" falsecount="2"/>
        <line num="110" count="0" type="stmt"/>
        <line num="114" count="0" type="cond" truecount="0" falsecount="3"/>
        <line num="116" count="0" type="cond" truecount="0" falsecount="2"/>
        <line num="117" count="0" type="stmt"/>
        <line num="120" count="0" type="stmt"/>
        <line num="124" count="2" type="stmt"/>
      </file>
      <file name="errorHandler.js" path="C:\Users\lenov\Desktop\placement coordination system\server\middleware\errorHandler.js">
        <metrics statements="20" coveredstatements="11" conditionals="22" coveredconditionals="12" methods="3" coveredmethods="1"/>
        <line num="1" count="2" type="stmt"/>
        <line num="2" count="1" type="stmt"/>
        <line num="5" count="1" type="stmt"/>
        <line num="11" count="1" type="cond" truecount="1" falsecount="1"/>
        <line num="12" count="0" type="stmt"/>
        <line num="13" count="0" type="stmt"/>
        <line num="21" count="1" type="cond" truecount="1" falsecount="1"/>
        <line num="22" count="0" type="stmt"/>
        <line num="23" count="0" type="stmt"/>
        <line num="31" count="1" type="cond" truecount="1" falsecount="1"/>
        <line num="32" count="0" type="stmt"/>
        <line num="39" count="1" type="cond" truecount="1" falsecount="1"/>
        <line num="40" count="0" type="stmt"/>
        <line num="46" count="1" type="cond" truecount="1" falsecount="1"/>
        <line num="47" count="0" type="stmt"/>
        <line num="54" count="1" type="cond" truecount="1" falsecount="1"/>
        <line num="55" count="0" type="stmt"/>
        <line num="58" count="0" type="stmt"/>
        <line num="63" count="1" type="stmt"/>
        <line num="72" count="2" type="stmt"/>
      </file>
      <file name="rateLimiter.js" path="C:\Users\lenov\Desktop\placement coordination system\server\middleware\rateLimiter.js">
        <metrics statements="10" coveredstatements="8" conditionals="0" coveredconditionals="0" methods="3" coveredmethods="1"/>
        <line num="1" count="2" type="stmt"/>
        <line num="4" count="2" type="stmt"/>
        <line num="5" count="0" type="stmt"/>
        <line num="12" count="2" type="stmt"/>
        <line num="13" count="6" type="stmt"/>
        <line num="16" count="0" type="stmt"/>
        <line num="23" count="2" type="stmt"/>
        <line num="29" count="2" type="stmt"/>
        <line num="35" count="2" type="stmt"/>
        <line num="41" count="2" type="stmt"/>
      </file>
    </package>
    <package name="server.models">
      <metrics statements="148" coveredstatements="97" conditionals="27" coveredconditionals="11" methods="35" coveredmethods="11"/>
      <file name="JobPosting.js" path="C:\Users\lenov\Desktop\placement coordination system\server\models\JobPosting.js">
        <metrics statements="40" coveredstatements="19" conditionals="11" coveredconditionals="2" methods="10" coveredmethods="2"/>
        <line num="1" count="3" type="stmt"/>
        <line num="3" count="3" type="stmt"/>
        <line num="91" count="3" type="stmt"/>
        <line num="92" count="3" type="stmt"/>
        <line num="93" count="3" type="stmt"/>
        <line num="94" count="3" type="stmt"/>
        <line num="95" count="3" type="stmt"/>
        <line num="96" count="3" type="stmt"/>
        <line num="99" count="3" type="stmt"/>
        <line num="100" count="0" type="cond" truecount="0" falsecount="2"/>
        <line num="101" count="0" type="stmt"/>
        <line num="102" count="0" type="stmt"/>
        <line num="103" count="0" type="stmt"/>
        <line num="104" count="0" type="stmt"/>
        <line num="105" count="0" type="stmt"/>
        <line num="109" count="3" type="stmt"/>
        <line num="110" count="0" type="stmt"/>
        <line num="114" count="3" type="stmt"/>
        <line num="115" count="0" type="stmt"/>
        <line num="119" count="3" type="stmt"/>
        <line num="120" count="12" type="stmt"/>
        <line num="124" count="3" type="cond" truecount="0" falsecount="1"/>
        <line num="126" count="0" type="stmt"/>
        <line num="127" count="0" type="stmt"/>
        <line num="130" count="0" type="cond" truecount="0" falsecount="2"/>
        <line num="131" count="0" type="stmt"/>
        <line num="134" count="0" type="stmt"/>
        <line num="140" count="0" type="stmt"/>
        <line num="144" count="3" type="stmt"/>
        <line num="145" count="0" type="stmt"/>
        <line num="146" count="0" type="stmt"/>
        <line num="149" count="0" type="cond" truecount="0" falsecount="2"/>
        <line num="150" count="0" type="stmt"/>
        <line num="153" count="0" type="stmt"/>
        <line num="154" count="0" type="stmt"/>
        <line num="158" count="3" type="stmt"/>
        <line num="159" count="12" type="cond" truecount="2" falsecount="2"/>
        <line num="160" count="0" type="stmt"/>
        <line num="162" count="12" type="stmt"/>
        <line num="165" count="3" type="stmt"/>
      </file>
      <file name="Notification.js" path="C:\Users\lenov\Desktop\placement coordination system\server\models\Notification.js">
        <metrics statements="20" coveredstatements="11" conditionals="0" coveredconditionals="0" methods="5" coveredmethods="0"/>
        <line num="1" count="2" type="stmt"/>
        <line num="3" count="2" type="stmt"/>
        <line num="60" count="0" type="stmt"/>
        <line num="67" count="2" type="stmt"/>
        <line num="68" count="2" type="stmt"/>
        <line num="69" count="2" type="stmt"/>
        <line num="70" count="2" type="stmt"/>
        <line num="73" count="2" type="stmt"/>
        <line num="74" count="0" type="stmt"/>
        <line num="75" count="0" type="stmt"/>
        <line num="76" count="0" type="stmt"/>
        <line num="80" count="2" type="stmt"/>
        <line num="81" count="0" type="stmt"/>
        <line num="82" count="0" type="stmt"/>
        <line num="87" count="0" type="stmt"/>
        <line num="91" count="2" type="stmt"/>
        <line num="92" count="0" type="stmt"/>
        <line num="106" count="2" type="stmt"/>
        <line num="107" count="0" type="stmt"/>
        <line num="110" count="2" type="stmt"/>
      </file>
      <file name="StudentEvaluation.js" path="C:\Users\lenov\Desktop\placement coordination system\server\models\StudentEvaluation.js">
        <metrics statements="5" coveredstatements="5" conditionals="0" coveredconditionals="0" methods="0" coveredmethods="0"/>
        <line num="1" count="2" type="stmt"/>
        <line num="3" count="2" type="stmt"/>
        <line num="5" count="2" type="stmt"/>
        <line num="73" count="2" type="stmt"/>
        <line num="78" count="2" type="stmt"/>
      </file>
      <file name="StudentProfile.js" path="C:\Users\lenov\Desktop\placement coordination system\server\models\StudentProfile.js">
        <metrics statements="38" coveredstatements="30" conditionals="8" coveredconditionals="6" methods="7" coveredmethods="4"/>
        <line num="1" count="3" type="stmt"/>
        <line num="3" count="3" type="stmt"/>
        <line num="87" count="3" type="stmt"/>
        <line num="88" count="3" type="stmt"/>
        <line num="89" count="3" type="stmt"/>
        <line num="90" count="3" type="stmt"/>
        <line num="91" count="3" type="stmt"/>
        <line num="92" count="3" type="stmt"/>
        <line num="95" count="3" type="stmt"/>
        <line num="96" count="27" type="stmt"/>
        <line num="97" count="27" type="stmt"/>
        <line num="100" count="27" type="cond" truecount="2" falsecount="0"/>
        <line num="101" count="11" type="stmt"/>
        <line num="102" count="22" type="stmt"/>
        <line num="103" count="22" type="stmt"/>
        <line num="105" count="11" type="stmt"/>
        <line num="109" count="27" type="cond" truecount="2" falsecount="0"/>
        <line num="110" count="22" type="stmt"/>
        <line num="111" count="11" type="stmt"/>
        <line num="112" count="11" type="stmt"/>
        <line num="116" count="27" type="stmt"/>
        <line num="119" count="27" type="cond" truecount="2" falsecount="0"/>
        <line num="121" count="27" type="stmt"/>
        <line num="125" count="3" type="stmt"/>
        <line num="126" count="27" type="stmt"/>
        <line num="127" count="27" type="stmt"/>
        <line num="131" count="3" type="stmt"/>
        <line num="132" count="0" type="cond" truecount="0" falsecount="2"/>
        <line num="133" count="0" type="stmt"/>
        <line num="137" count="3" type="stmt"/>
        <line num="138" count="0" type="stmt"/>
        <line num="139" count="0" type="stmt"/>
        <line num="140" count="0" type="stmt"/>
        <line num="144" count="3" type="stmt"/>
        <line num="145" count="0" type="stmt"/>
        <line num="146" count="0" type="stmt"/>
        <line num="147" count="0" type="stmt"/>
        <line num="150" count="3" type="stmt"/>
      </file>
      <file name="TrainerEvaluation.js" path="C:\Users\lenov\Desktop\placement coordination system\server\models\TrainerEvaluation.js">
        <metrics statements="17" coveredstatements="9" conditionals="4" coveredconditionals="0" methods="5" coveredmethods="0"/>
        <line num="1" count="2" type="stmt"/>
        <line num="3" count="2" type="stmt"/>
        <line num="71" count="2" type="stmt"/>
        <line num="72" count="2" type="stmt"/>
        <line num="73" count="2" type="stmt"/>
        <line num="74" count="2" type="stmt"/>
        <line num="77" count="2" type="stmt"/>
        <line num="78" count="0" type="cond" truecount="0" falsecount="2"/>
        <line num="79" count="0" type="stmt"/>
        <line num="80" count="0" type="stmt"/>
        <line num="84" count="2" type="stmt"/>
        <line num="85" count="0" type="stmt"/>
        <line num="91" count="0" type="stmt"/>
        <line num="93" count="0" type="cond" truecount="0" falsecount="2"/>
        <line num="95" count="0" type="stmt"/>
        <line num="96" count="0" type="stmt"/>
        <line num="99" count="2" type="stmt"/>
      </file>
      <file name="User.js" path="C:\Users\lenov\Desktop\placement coordination system\server\models\User.js">
        <metrics statements="28" coveredstatements="23" conditionals="4" coveredconditionals="3" methods="8" coveredmethods="5"/>
        <line num="1" count="3" type="stmt"/>
        <line num="2" count="3" type="stmt"/>
        <line num="4" count="3" type="stmt"/>
        <line num="31" count="35" type="stmt"/>
        <line num="45" count="7" type="stmt"/>
        <line num="46" count="7" type="stmt"/>
        <line num="47" count="7" type="stmt"/>
        <line num="53" count="3" type="stmt"/>
        <line num="56" count="3" type="stmt"/>
        <line num="57" count="0" type="stmt"/>
        <line num="61" count="3" type="stmt"/>
        <line num="62" count="35" type="cond" truecount="2" falsecount="0"/>
        <line num="64" count="28" type="stmt"/>
        <line num="65" count="28" type="stmt"/>
        <line num="66" count="28" type="stmt"/>
        <line num="67" count="28" type="stmt"/>
        <line num="69" count="0" type="stmt"/>
        <line num="74" count="3" type="stmt"/>
        <line num="75" count="2" type="stmt"/>
        <line num="79" count="3" type="stmt"/>
        <line num="80" count="6" type="stmt"/>
        <line num="82" count="6" type="cond" truecount="1" falsecount="1"/>
        <line num="83" count="0" type="stmt"/>
        <line num="85" count="6" type="stmt"/>
        <line num="89" count="3" type="stmt"/>
        <line num="90" count="0" type="stmt"/>
        <line num="91" count="0" type="stmt"/>
        <line num="94" count="3" type="stmt"/>
      </file>
    </package>
    <package name="server.routes">
      <metrics statements="852" coveredstatements="201" conditionals="380" coveredconditionals="28" methods="99" coveredmethods="9"/>
      <file name="auth.js" path="C:\Users\lenov\Desktop\placement coordination system\server\routes\auth.js">
        <metrics statements="70" coveredstatements="40" conditionals="22" coveredconditionals="11" methods="10" coveredmethods="4"/>
        <line num="1" count="2" type="stmt"/>
        <line num="2" count="2" type="stmt"/>
        <line num="3" count="2" type="stmt"/>
        <line num="4" count="2" type="stmt"/>
        <line num="5" count="2" type="stmt"/>
        <line num="7" count="2" type="stmt"/>
        <line num="10" count="2" type="stmt"/>
        <line num="45" count="2" type="stmt"/>
        <line num="50" count="2" type="stmt"/>
        <line num="54" count="2" type="stmt"/>
        <line num="64" count="2" type="stmt"/>
        <line num="65" count="8" type="stmt"/>
        <line num="67" count="8" type="stmt"/>
        <line num="68" count="8" type="cond" truecount="2" falsecount="0"/>
        <line num="69" count="1" type="stmt"/>
        <line num="72" count="1" type="stmt"/>
        <line num="77" count="7" type="stmt"/>
        <line num="80" count="6" type="stmt"/>
        <line num="89" count="6" type="cond" truecount="3" falsecount="1"/>
        <line num="90" count="6" type="stmt"/>
        <line num="91" count="6" type="stmt"/>
        <line num="94" count="6" type="stmt"/>
        <line num="96" count="1" type="cond" truecount="1" falsecount="1"/>
        <line num="97" count="1" type="stmt"/>
        <line num="103" count="0" type="stmt"/>
        <line num="112" count="2" type="stmt"/>
        <line num="113" count="3" type="stmt"/>
        <line num="115" count="3" type="stmt"/>
        <line num="116" count="3" type="cond" truecount="1" falsecount="1"/>
        <line num="117" count="0" type="stmt"/>
        <line num="120" count="0" type="stmt"/>
        <line num="125" count="3" type="stmt"/>
        <line num="127" count="0" type="stmt"/>
        <line num="137" count="3" type="cond" truecount="2" falsecount="0"/>
        <line num="138" count="2" type="stmt"/>
        <line num="143" count="1" type="stmt"/>
        <line num="152" count="2" type="stmt"/>
        <line num="153" count="0" type="stmt"/>
        <line num="155" count="0" type="stmt"/>
        <line num="156" count="0" type="cond" truecount="0" falsecount="2"/>
        <line num="157" count="0" type="stmt"/>
        <line num="160" count="0" type="stmt"/>
        <line num="165" count="0" type="stmt"/>
        <line num="167" count="0" type="stmt"/>
        <line num="173" count="0" type="cond" truecount="0" falsecount="2"/>
        <line num="174" count="0" type="stmt"/>
        <line num="179" count="0" type="stmt"/>
        <line num="188" count="2" type="stmt"/>
        <line num="189" count="0" type="stmt"/>
        <line num="190" count="0" type="stmt"/>
        <line num="192" count="0" type="stmt"/>
        <line num="194" count="0" type="stmt"/>
        <line num="199" count="0" type="stmt"/>
        <line num="208" count="2" type="stmt"/>
        <line num="209" count="0" type="stmt"/>
        <line num="211" count="0" type="stmt"/>
        <line num="212" count="0" type="cond" truecount="0" falsecount="2"/>
        <line num="213" count="0" type="stmt"/>
        <line num="216" count="0" type="stmt"/>
        <line num="220" count="0" type="stmt"/>
        <line num="226" count="0" type="stmt"/>
        <line num="231" count="0" type="cond" truecount="0" falsecount="2"/>
        <line num="232" count="0" type="stmt"/>
        <line num="237" count="0" type="stmt"/>
        <line num="246" count="2" type="stmt"/>
        <line num="247" count="1" type="stmt"/>
        <line num="248" count="1" type="stmt"/>
        <line num="250" count="1" type="stmt"/>
        <line num="255" count="0" type="stmt"/>
        <line num="259" count="2" type="stmt"/>
      </file>
      <file name="jobs.js" path="C:\Users\lenov\Desktop\placement coordination system\server\routes\jobs.js">
        <metrics statements="164" coveredstatements="21" conditionals="74" coveredconditionals="0" methods="18" coveredmethods="0"/>
        <line num="1" count="2" type="stmt"/>
        <line num="2" count="2" type="stmt"/>
        <line num="3" count="2" type="stmt"/>
        <line num="4" count="2" type="stmt"/>
        <line num="5" count="2" type="stmt"/>
        <line num="6" count="2" type="stmt"/>
        <line num="7" count="2" type="stmt"/>
        <line num="9" count="2" type="stmt"/>
        <line num="12" count="2" type="stmt"/>
        <line num="44" count="2" type="stmt"/>
        <line num="76" count="2" type="stmt"/>
        <line num="86" count="2" type="stmt"/>
        <line num="87" count="0" type="stmt"/>
        <line num="89" count="0" type="stmt"/>
        <line num="90" count="0" type="cond" truecount="0" falsecount="2"/>
        <line num="91" count="0" type="stmt"/>
        <line num="94" count="0" type="stmt"/>
        <line num="99" count="0" type="stmt"/>
        <line num="104" count="0" type="stmt"/>
        <line num="107" count="0" type="stmt"/>
        <line num="110" count="0" type="stmt"/>
        <line num="112" count="0" type="stmt"/>
        <line num="113" count="0" type="stmt"/>
        <line num="130" count="0" type="stmt"/>
        <line num="136" count="0" type="stmt"/>
        <line num="145" count="2" type="stmt"/>
        <line num="146" count="0" type="stmt"/>
        <line num="158" count="0" type="stmt"/>
        <line num="161" count="0" type="stmt"/>
        <line num="163" count="0" type="cond" truecount="0" falsecount="2"/>
        <line num="164" count="0" type="cond" truecount="0" falsecount="2"/>
        <line num="165" count="0" type="cond" truecount="0" falsecount="2"/>
        <line num="166" count="0" type="cond" truecount="0" falsecount="2"/>
        <line num="167" count="0" type="cond" truecount="0" falsecount="2"/>
        <line num="168" count="0" type="cond" truecount="0" falsecount="2"/>
        <line num="169" count="0" type="cond" truecount="0" falsecount="2"/>
        <line num="170" count="0" type="stmt"/>
        <line num="171" count="0" type="stmt"/>
        <line num="173" count="0" type="cond" truecount="0" falsecount="2"/>
        <line num="174" count="0" type="stmt"/>
        <line num="182" count="0" type="cond" truecount="0" falsecount="2"/>
        <line num="183" count="0" type="stmt"/>
        <line num="184" count="0" type="cond" truecount="0" falsecount="2"/>
        <line num="186" count="0" type="stmt"/>
        <line num="189" count="0" type="cond" truecount="0" falsecount="2"/>
        <line num="190" count="0" type="stmt"/>
        <line num="200" count="0" type="stmt"/>
        <line num="201" count="0" type="stmt"/>
        <line num="207" count="0" type="stmt"/>
        <line num="210" count="0" type="stmt"/>
        <line num="211" count="0" type="cond" truecount="0" falsecount="2"/>
        <line num="212" count="0" type="stmt"/>
        <line num="213" count="0" type="cond" truecount="0" falsecount="2"/>
        <line num="214" count="0" type="stmt"/>
        <line num="215" count="0" type="stmt"/>
        <line num="216" count="0" type="stmt"/>
        <line num="217" count="0" type="stmt"/>
        <line num="220" count="0" type="stmt"/>
        <line num="221" count="0" type="stmt"/>
        <line num="224" count="0" type="stmt"/>
        <line num="229" count="0" type="stmt"/>
        <line num="242" count="0" type="stmt"/>
        <line num="251" count="2" type="stmt"/>
        <line num="252" count="0" type="stmt"/>
        <line num="253" count="0" type="stmt"/>
        <line num="257" count="0" type="cond" truecount="0" falsecount="2"/>
        <line num="258" count="0" type="stmt"/>
        <line num="264" count="0" type="stmt"/>
        <line num="267" count="0" type="cond" truecount="0" falsecount="2"/>
        <line num="268" count="0" type="stmt"/>
        <line num="269" count="0" type="cond" truecount="0" falsecount="2"/>
        <line num="270" count="0" type="stmt"/>
        <line num="276" count="0" type="stmt"/>
        <line num="277" count="0" type="stmt"/>
        <line num="281" count="0" type="stmt"/>
        <line num="282" count="0" type="stmt"/>
        <line num="286" count="0" type="stmt"/>
        <line num="290" count="0" type="stmt"/>
        <line num="292" count="0" type="stmt"/>
        <line num="297" count="0" type="stmt"/>
        <line num="306" count="2" type="stmt"/>
        <line num="307" count="0" type="stmt"/>
        <line num="309" count="0" type="stmt"/>
        <line num="310" count="0" type="cond" truecount="0" falsecount="2"/>
        <line num="311" count="0" type="stmt"/>
        <line num="314" count="0" type="stmt"/>
        <line num="318" count="0" type="stmt"/>
        <line num="319" count="0" type="cond" truecount="0" falsecount="2"/>
        <line num="320" count="0" type="stmt"/>
        <line num="327" count="0" type="cond" truecount="0" falsecount="2"/>
        <line num="328" count="0" type="stmt"/>
        <line num="335" count="0" type="stmt"/>
        <line num="336" count="0" type="stmt"/>
        <line num="338" count="0" type="stmt"/>
        <line num="344" count="0" type="stmt"/>
        <line num="353" count="2" type="stmt"/>
        <line num="354" count="0" type="stmt"/>
        <line num="361" count="0" type="stmt"/>
        <line num="363" count="0" type="stmt"/>
        <line num="369" count="0" type="stmt"/>
        <line num="375" count="0" type="stmt"/>
        <line num="384" count="0" type="stmt"/>
        <line num="393" count="2" type="stmt"/>
        <line num="394" count="0" type="stmt"/>
        <line num="396" count="0" type="stmt"/>
        <line num="397" count="0" type="cond" truecount="0" falsecount="2"/>
        <line num="398" count="0" type="stmt"/>
        <line num="401" count="0" type="stmt"/>
        <line num="405" count="0" type="stmt"/>
        <line num="406" count="0" type="cond" truecount="0" falsecount="2"/>
        <line num="407" count="0" type="stmt"/>
        <line num="414" count="0" type="cond" truecount="0" falsecount="2"/>
        <line num="415" count="0" type="stmt"/>
        <line num="422" count="0" type="stmt"/>
        <line num="423" count="0" type="stmt"/>
        <line num="424" count="0" type="stmt"/>
        <line num="425" count="0" type="stmt"/>
        <line num="428" count="0" type="cond" truecount="0" falsecount="2"/>
        <line num="429" count="0" type="stmt"/>
        <line num="430" count="0" type="stmt"/>
        <line num="433" count="0" type="stmt"/>
        <line num="441" count="0" type="stmt"/>
        <line num="454" count="0" type="stmt"/>
        <line num="456" count="0" type="stmt"/>
        <line num="465" count="0" type="stmt"/>
        <line num="474" count="2" type="stmt"/>
        <line num="475" count="0" type="stmt"/>
        <line num="476" count="0" type="stmt"/>
        <line num="477" count="0" type="cond" truecount="0" falsecount="2"/>
        <line num="478" count="0" type="stmt"/>
        <line num="485" count="0" type="cond" truecount="0" falsecount="2"/>
        <line num="486" count="0" type="stmt"/>
        <line num="492" count="0" type="stmt"/>
        <line num="493" count="0" type="stmt"/>
        <line num="495" count="0" type="stmt"/>
        <line num="501" count="0" type="stmt"/>
        <line num="510" count="2" type="stmt"/>
        <line num="511" count="0" type="stmt"/>
        <line num="512" count="0" type="stmt"/>
        <line num="513" count="0" type="cond" truecount="0" falsecount="2"/>
        <line num="514" count="0" type="stmt"/>
        <line num="520" count="0" type="cond" truecount="0" falsecount="2"/>
        <line num="521" count="0" type="stmt"/>
        <line num="528" count="0" type="stmt"/>
        <line num="529" count="0" type="stmt"/>
        <line num="532" count="0" type="cond" truecount="0" falsecount="2"/>
        <line num="533" count="0" type="stmt"/>
        <line num="540" count="0" type="stmt"/>
        <line num="541" count="0" type="cond" truecount="0" falsecount="2"/>
        <line num="542" count="0" type="stmt"/>
        <line num="548" count="0" type="cond" truecount="0" falsecount="2"/>
        <line num="549" count="0" type="stmt"/>
        <line num="555" count="0" type="cond" truecount="0" falsecount="2"/>
        <line num="556" count="0" type="stmt"/>
        <line num="563" count="0" type="stmt"/>
        <line num="570" count="0" type="stmt"/>
        <line num="572" count="0" type="stmt"/>
        <line num="581" count="0" type="stmt"/>
        <line num="590" count="2" type="stmt"/>
        <line num="591" count="0" type="stmt"/>
        <line num="592" count="0" type="stmt"/>
        <line num="597" count="0" type="stmt"/>
        <line num="602" count="0" type="stmt"/>
        <line num="606" count="2" type="stmt"/>
      </file>
      <file name="notifications.js" path="C:\Users\lenov\Desktop\placement coordination system\server\routes\notifications.js">
        <metrics statements="59" coveredstatements="13" conditionals="20" coveredconditionals="0" methods="7" coveredmethods="0"/>
        <line num="1" count="2" type="stmt"/>
        <line num="2" count="2" type="stmt"/>
        <line num="3" count="2" type="stmt"/>
        <line num="4" count="2" type="stmt"/>
        <line num="6" count="2" type="stmt"/>
        <line num="9" count="2" type="stmt"/>
        <line num="19" count="2" type="stmt"/>
        <line num="20" count="0" type="stmt"/>
        <line num="27" count="0" type="stmt"/>
        <line num="30" count="0" type="stmt"/>
        <line num="32" count="0" type="cond" truecount="0" falsecount="2"/>
        <line num="33" count="0" type="cond" truecount="0" falsecount="2"/>
        <line num="34" count="0" type="cond" truecount="0" falsecount="2"/>
        <line num="37" count="0" type="stmt"/>
        <line num="38" count="0" type="stmt"/>
        <line num="43" count="0" type="stmt"/>
        <line num="44" count="0" type="stmt"/>
        <line num="46" count="0" type="stmt"/>
        <line num="60" count="0" type="stmt"/>
        <line num="69" count="2" type="stmt"/>
        <line num="70" count="0" type="stmt"/>
        <line num="71" count="0" type="stmt"/>
        <line num="73" count="0" type="stmt"/>
        <line num="78" count="0" type="stmt"/>
        <line num="87" count="2" type="stmt"/>
        <line num="88" count="0" type="stmt"/>
        <line num="90" count="0" type="stmt"/>
        <line num="91" count="0" type="cond" truecount="0" falsecount="2"/>
        <line num="92" count="0" type="stmt"/>
        <line num="95" count="0" type="stmt"/>
        <line num="101" count="0" type="cond" truecount="0" falsecount="2"/>
        <line num="103" count="0" type="stmt"/>
        <line num="107" count="0" type="cond" truecount="0" falsecount="4"/>
        <line num="109" count="0" type="stmt"/>
        <line num="111" count="0" type="stmt"/>
        <line num="117" count="0" type="stmt"/>
        <line num="125" count="0" type="stmt"/>
        <line num="134" count="2" type="stmt"/>
        <line num="135" count="0" type="stmt"/>
        <line num="136" count="0" type="stmt"/>
        <line num="141" count="0" type="cond" truecount="0" falsecount="2"/>
        <line num="142" count="0" type="stmt"/>
        <line num="148" count="0" type="stmt"/>
        <line num="150" count="0" type="stmt"/>
        <line num="156" count="0" type="stmt"/>
        <line num="165" count="2" type="stmt"/>
        <line num="166" count="0" type="stmt"/>
        <line num="167" count="0" type="stmt"/>
        <line num="172" count="0" type="cond" truecount="0" falsecount="2"/>
        <line num="173" count="0" type="stmt"/>
        <line num="179" count="0" type="stmt"/>
        <line num="184" count="0" type="stmt"/>
        <line num="193" count="2" type="stmt"/>
        <line num="194" count="0" type="stmt"/>
        <line num="195" count="0" type="stmt"/>
        <line num="199" count="0" type="stmt"/>
        <line num="201" count="0" type="stmt"/>
        <line num="209" count="0" type="stmt"/>
        <line num="213" count="2" type="stmt"/>
      </file>
      <file name="reports.js" path="C:\Users\lenov\Desktop\placement coordination system\server\routes\reports.js">
        <metrics statements="57" coveredstatements="13" conditionals="20" coveredconditionals="0" methods="8" coveredmethods="0"/>
        <line num="1" count="2" type="stmt"/>
        <line num="2" count="2" type="stmt"/>
        <line num="3" count="2" type="stmt"/>
        <line num="4" count="2" type="stmt"/>
        <line num="5" count="2" type="stmt"/>
        <line num="6" count="2" type="stmt"/>
        <line num="8" count="2" type="stmt"/>
        <line num="15" count="2" type="stmt"/>
        <line num="16" count="0" type="stmt"/>
        <line num="18" count="0" type="stmt"/>
        <line num="41" count="0" type="stmt"/>
        <line num="78" count="0" type="stmt"/>
        <line num="103" count="0" type="stmt"/>
        <line num="118" count="0" type="stmt"/>
        <line num="139" count="0" type="stmt"/>
        <line num="153" count="0" type="stmt"/>
        <line num="170" count="0" type="stmt"/>
        <line num="183" count="0" type="stmt"/>
        <line num="192" count="2" type="stmt"/>
        <line num="193" count="0" type="stmt"/>
        <line num="195" count="0" type="stmt"/>
        <line num="228" count="0" type="stmt"/>
        <line num="266" count="0" type="stmt"/>
        <line num="274" count="0" type="stmt"/>
        <line num="283" count="2" type="stmt"/>
        <line num="284" count="0" type="stmt"/>
        <line num="286" count="0" type="stmt"/>
        <line num="302" count="0" type="stmt"/>
        <line num="317" count="0" type="stmt"/>
        <line num="369" count="0" type="stmt"/>
        <line num="378" count="0" type="stmt"/>
        <line num="387" count="2" type="stmt"/>
        <line num="388" count="0" type="stmt"/>
        <line num="389" count="0" type="stmt"/>
        <line num="392" count="0" type="stmt"/>
        <line num="393" count="0" type="cond" truecount="0" falsecount="2"/>
        <line num="394" count="0" type="cond" truecount="0" falsecount="2"/>
        <line num="395" count="0" type="cond" truecount="0" falsecount="2"/>
        <line num="397" count="0" type="stmt"/>
        <line num="402" count="0" type="stmt"/>
        <line num="416" count="0" type="stmt"/>
        <line num="431" count="0" type="stmt"/>
        <line num="432" count="0" type="stmt"/>
        <line num="435" count="0" type="stmt"/>
        <line num="436" count="0" type="stmt"/>
        <line num="437" count="0" type="stmt"/>
        <line num="439" count="0" type="stmt"/>
        <line num="448" count="2" type="stmt"/>
        <line num="449" count="0" type="stmt"/>
        <line num="451" count="0" type="stmt"/>
        <line num="452" count="0" type="stmt"/>
        <line num="462" count="0" type="stmt"/>
        <line num="472" count="0" type="stmt"/>
        <line num="487" count="0" type="stmt"/>
        <line num="502" count="0" type="stmt"/>
        <line num="507" count="0" type="stmt"/>
        <line num="511" count="2" type="stmt"/>
      </file>
      <file name="students.js" path="C:\Users\lenov\Desktop\placement coordination system\server\routes\students.js">
        <metrics statements="225" coveredstatements="71" conditionals="117" coveredconditionals="17" methods="30" coveredmethods="5"/>
        <line num="1" count="2" type="stmt"/>
        <line num="2" count="2" type="stmt"/>
        <line num="3" count="2" type="stmt"/>
        <line num="4" count="2" type="stmt"/>
        <line num="5" count="2" type="stmt"/>
        <line num="6" count="2" type="stmt"/>
        <line num="7" count="2" type="stmt"/>
        <line num="8" count="2" type="stmt"/>
        <line num="9" count="2" type="stmt"/>
        <line num="11" count="2" type="stmt"/>
        <line num="14" count="2" type="stmt"/>
        <line num="27" count="2" type="stmt"/>
        <line num="44" count="2" type="stmt"/>
        <line num="49" count="2" type="stmt"/>
        <line num="59" count="2" type="stmt"/>
        <line num="60" count="0" type="stmt"/>
        <line num="61" count="0" type="stmt"/>
        <line num="64" count="0" type="cond" truecount="0" falsecount="2"/>
        <line num="65" count="0" type="stmt"/>
        <line num="71" count="0" type="stmt"/>
        <line num="75" count="0" type="stmt"/>
        <line num="76" count="0" type="stmt"/>
        <line num="77" count="0" type="stmt"/>
        <line num="80" count="0" type="stmt"/>
        <line num="81" count="0" type="cond" truecount="0" falsecount="2"/>
        <line num="82" count="0" type="stmt"/>
        <line num="84" count="0" type="stmt"/>
        <line num="87" count="0" type="stmt"/>
        <line num="88" count="0" type="stmt"/>
        <line num="91" count="0" type="stmt"/>
        <line num="93" count="0" type="stmt"/>
        <line num="94" count="0" type="cond" truecount="0" falsecount="3"/>
        <line num="95" count="0" type="cond" truecount="0" falsecount="2"/>
        <line num="97" count="0" type="stmt"/>
        <line num="98" count="0" type="stmt"/>
        <line num="99" count="0" type="stmt"/>
        <line num="100" count="0" type="stmt"/>
        <line num="102" count="0" type="cond" truecount="0" falsecount="2"/>
        <line num="103" count="0" type="stmt"/>
        <line num="109" count="0" type="cond" truecount="0" falsecount="2"/>
        <line num="110" count="0" type="stmt"/>
        <line num="124" count="0" type="stmt"/>
        <line num="126" count="0" type="stmt"/>
        <line num="127" count="0" type="cond" truecount="0" falsecount="2"/>
        <line num="131" count="0" type="stmt"/>
        <line num="146" count="0" type="cond" truecount="0" falsecount="2"/>
        <line num="147" count="0" type="stmt"/>
        <line num="148" count="0" type="cond" truecount="0" falsecount="2"/>
        <line num="149" count="0" type="stmt"/>
        <line num="153" count="0" type="cond" truecount="0" falsecount="2"/>
        <line num="156" count="0" type="cond" truecount="0" falsecount="4"/>
        <line num="157" count="0" type="stmt"/>
        <line num="160" count="0" type="cond" truecount="0" falsecount="2"/>
        <line num="161" count="0" type="cond" truecount="0" falsecount="2"/>
        <line num="162" count="0" type="stmt"/>
        <line num="164" count="0" type="stmt"/>
        <line num="169" count="0" type="stmt"/>
        <line num="170" count="0" type="stmt"/>
        <line num="171" count="0" type="cond" truecount="0" falsecount="2"/>
        <line num="172" count="0" type="cond" truecount="0" falsecount="2"/>
        <line num="173" count="0" type="stmt"/>
        <line num="174" count="0" type="stmt"/>
        <line num="176" count="0" type="stmt"/>
        <line num="177" count="0" type="cond" truecount="0" falsecount="2"/>
        <line num="178" count="0" type="stmt"/>
        <line num="180" count="0" type="stmt"/>
        <line num="181" count="0" type="stmt"/>
        <line num="182" count="0" type="stmt"/>
        <line num="185" count="0" type="stmt"/>
        <line num="186" count="0" type="stmt"/>
        <line num="187" count="0" type="stmt"/>
        <line num="188" count="0" type="stmt"/>
        <line num="192" count="0" type="stmt"/>
        <line num="196" count="0" type="stmt"/>
        <line num="209" count="0" type="stmt"/>
        <line num="218" count="2" type="stmt"/>
        <line num="219" count="1" type="stmt"/>
        <line num="220" count="1" type="stmt"/>
        <line num="224" count="1" type="cond" truecount="1" falsecount="1"/>
        <line num="225" count="0" type="stmt"/>
        <line num="232" count="1" type="stmt"/>
        <line num="233" count="1" type="cond" truecount="1" falsecount="2"/>
        <line num="234" count="1" type="stmt"/>
        <line num="235" count="1" type="stmt"/>
        <line num="236" count="1" type="stmt"/>
        <line num="238" count="1" type="stmt"/>
        <line num="239" count="1" type="cond" truecount="1" falsecount="2"/>
        <line num="240" count="1" type="cond" truecount="2" falsecount="0"/>
        <line num="243" count="1" type="stmt"/>
        <line num="244" count="1" type="stmt"/>
        <line num="245" count="1" type="stmt"/>
        <line num="246" count="1" type="stmt"/>
        <line num="247" count="1" type="stmt"/>
        <line num="249" count="1" type="stmt"/>
        <line num="250" count="1" type="cond" truecount="1" falsecount="1"/>
        <line num="254" count="1" type="cond" truecount="1" falsecount="1"/>
        <line num="255" count="1" type="stmt"/>
        <line num="256" count="1" type="stmt"/>
        <line num="258" count="1" type="cond" truecount="1" falsecount="1"/>
        <line num="259" count="1" type="stmt"/>
        <line num="261" count="1" type="stmt"/>
        <line num="262" count="1" type="stmt"/>
        <line num="265" count="1" type="cond" truecount="2" falsecount="2"/>
        <line num="266" count="1" type="stmt"/>
        <line num="269" count="1" type="cond" truecount="1" falsecount="1"/>
        <line num="270" count="0" type="stmt"/>
        <line num="280" count="1" type="cond" truecount="1" falsecount="1"/>
        <line num="281" count="1" type="stmt"/>
        <line num="282" count="1" type="stmt"/>
        <line num="283" count="1" type="cond" truecount="1" falsecount="1"/>
        <line num="284" count="1" type="stmt"/>
        <line num="287" count="1" type="stmt"/>
        <line num="288" count="1" type="cond" truecount="1" falsecount="1"/>
        <line num="290" count="1" type="stmt"/>
        <line num="306" count="0" type="stmt"/>
        <line num="315" count="2" type="stmt"/>
        <line num="316" count="2" type="stmt"/>
        <line num="317" count="2" type="stmt"/>
        <line num="319" count="2" type="stmt"/>
        <line num="320" count="2" type="stmt"/>
        <line num="322" count="2" type="cond" truecount="1" falsecount="1"/>
        <line num="323" count="2" type="stmt"/>
        <line num="324" count="2" type="cond" truecount="1" falsecount="1"/>
        <line num="325" count="2" type="stmt"/>
        <line num="332" count="2" type="stmt"/>
        <line num="336" count="2" type="stmt"/>
        <line num="344" count="0" type="stmt"/>
        <line num="353" count="2" type="stmt"/>
        <line num="354" count="0" type="stmt"/>
        <line num="365" count="0" type="stmt"/>
        <line num="368" count="0" type="stmt"/>
        <line num="370" count="0" type="cond" truecount="0" falsecount="2"/>
        <line num="371" count="0" type="stmt"/>
        <line num="372" count="0" type="stmt"/>
        <line num="375" count="0" type="cond" truecount="0" falsecount="2"/>
        <line num="376" count="0" type="cond" truecount="0" falsecount="2"/>
        <line num="377" count="0" type="cond" truecount="0" falsecount="2"/>
        <line num="378" count="0" type="cond" truecount="0" falsecount="2"/>
        <line num="379" count="0" type="cond" truecount="0" falsecount="2"/>
        <line num="382" count="0" type="stmt"/>
        <line num="383" count="0" type="stmt"/>
        <line num="391" count="0" type="cond" truecount="0" falsecount="2"/>
        <line num="392" count="0" type="stmt"/>
        <line num="401" count="0" type="stmt"/>
        <line num="402" count="0" type="stmt"/>
        <line num="405" count="0" type="stmt"/>
        <line num="406" count="0" type="stmt"/>
        <line num="408" count="0" type="stmt"/>
        <line num="421" count="0" type="stmt"/>
        <line num="430" count="2" type="stmt"/>
        <line num="431" count="0" type="stmt"/>
        <line num="432" count="0" type="stmt"/>
        <line num="436" count="0" type="cond" truecount="0" falsecount="2"/>
        <line num="437" count="0" type="stmt"/>
        <line num="444" count="0" type="stmt"/>
        <line num="448" count="0" type="stmt"/>
        <line num="456" count="0" type="stmt"/>
        <line num="465" count="2" type="stmt"/>
        <line num="466" count="0" type="stmt"/>
        <line num="468" count="0" type="stmt"/>
        <line num="469" count="0" type="cond" truecount="0" falsecount="2"/>
        <line num="470" count="0" type="stmt"/>
        <line num="473" count="0" type="stmt"/>
        <line num="478" count="0" type="stmt"/>
        <line num="479" count="0" type="cond" truecount="0" falsecount="2"/>
        <line num="480" count="0" type="stmt"/>
        <line num="487" count="0" type="stmt"/>
        <line num="492" count="0" type="stmt"/>
        <line num="495" count="0" type="stmt"/>
        <line num="506" count="0" type="stmt"/>
        <line num="512" count="0" type="stmt"/>
        <line num="521" count="2" type="stmt"/>
        <line num="522" count="0" type="stmt"/>
        <line num="524" count="0" type="stmt"/>
        <line num="525" count="0" type="cond" truecount="0" falsecount="2"/>
        <line num="526" count="0" type="stmt"/>
        <line num="529" count="0" type="stmt"/>
        <line num="534" count="0" type="stmt"/>
        <line num="535" count="0" type="cond" truecount="0" falsecount="2"/>
        <line num="536" count="0" type="stmt"/>
        <line num="543" count="0" type="stmt"/>
        <line num="549" count="0" type="stmt"/>
        <line num="552" count="0" type="stmt"/>
        <line num="558" count="0" type="stmt"/>
        <line num="561" count="0" type="stmt"/>
        <line num="572" count="0" type="stmt"/>
        <line num="578" count="0" type="stmt"/>
        <line num="587" count="2" type="stmt"/>
        <line num="588" count="0" type="stmt"/>
        <line num="590" count="0" type="stmt"/>
        <line num="591" count="0" type="cond" truecount="0" falsecount="2"/>
        <line num="592" count="0" type="stmt"/>
        <line num="595" count="0" type="stmt"/>
        <line num="600" count="0" type="stmt"/>
        <line num="601" count="0" type="cond" truecount="0" falsecount="2"/>
        <line num="602" count="0" type="stmt"/>
        <line num="609" count="0" type="stmt"/>
        <line num="614" count="0" type="stmt"/>
        <line num="617" count="0" type="stmt"/>
        <line num="628" count="0" type="stmt"/>
        <line num="634" count="0" type="stmt"/>
        <line num="643" count="2" type="stmt"/>
        <line num="644" count="0" type="stmt"/>
        <line num="646" count="0" type="stmt"/>
        <line num="647" count="0" type="cond" truecount="0" falsecount="2"/>
        <line num="648" count="0" type="stmt"/>
        <line num="651" count="0" type="stmt"/>
        <line num="656" count="0" type="stmt"/>
        <line num="657" count="0" type="cond" truecount="0" falsecount="2"/>
        <line num="658" count="0" type="stmt"/>
        <line num="665" count="0" type="cond" truecount="0" falsecount="2"/>
        <line num="666" count="0" type="stmt"/>
        <line num="669" count="0" type="stmt"/>
        <line num="671" count="0" type="stmt"/>
        <line num="674" count="0" type="cond" truecount="0" falsecount="2"/>
        <line num="678" count="0" type="stmt"/>
        <line num="690" count="0" type="stmt"/>
        <line num="696" count="0" type="stmt"/>
        <line num="705" count="2" type="stmt"/>
        <line num="706" count="0" type="stmt"/>
        <line num="707" count="0" type="stmt"/>
        <line num="726" count="0" type="stmt"/>
        <line num="743" count="0" type="stmt"/>
        <line num="757" count="0" type="stmt"/>
        <line num="761" count="2" type="stmt"/>
      </file>
      <file name="trainers.js" path="C:\Users\lenov\Desktop\placement coordination system\server\routes\trainers.js">
        <metrics statements="155" coveredstatements="23" conditionals="77" coveredconditionals="0" methods="13" coveredmethods="0"/>
        <line num="1" count="2" type="stmt"/>
        <line num="2" count="2" type="stmt"/>
        <line num="3" count="2" type="stmt"/>
        <line num="4" count="2" type="stmt"/>
        <line num="5" count="2" type="stmt"/>
        <line num="6" count="2" type="stmt"/>
        <line num="7" count="2" type="stmt"/>
        <line num="8" count="2" type="stmt"/>
        <line num="10" count="2" type="stmt"/>
        <line num="12" count="2" type="stmt"/>
        <line num="14" count="2" type="stmt"/>
        <line num="22" count="2" type="stmt"/>
        <line num="29" count="2" type="stmt"/>
        <line num="30" count="0" type="stmt"/>
        <line num="35" count="0" type="stmt"/>
        <line num="38" count="2" type="stmt"/>
        <line num="39" count="0" type="stmt"/>
        <line num="40" count="0" type="stmt"/>
        <line num="41" count="0" type="stmt"/>
        <line num="43" count="0" type="stmt"/>
        <line num="45" count="0" type="cond" truecount="0" falsecount="2"/>
        <line num="46" count="0" type="stmt"/>
        <line num="52" count="0" type="stmt"/>
        <line num="56" count="0" type="cond" truecount="0" falsecount="2"/>
        <line num="57" count="0" type="cond" truecount="0" falsecount="2"/>
        <line num="58" count="0" type="stmt"/>
        <line num="63" count="0" type="stmt"/>
        <line num="66" count="0" type="stmt"/>
        <line num="70" count="0" type="stmt"/>
        <line num="75" count="0" type="stmt"/>
        <line num="79" count="2" type="stmt"/>
        <line num="80" count="0" type="stmt"/>
        <line num="81" count="0" type="stmt"/>
        <line num="82" count="0" type="cond" truecount="0" falsecount="2"/>
        <line num="83" count="0" type="stmt"/>
        <line num="86" count="0" type="stmt"/>
        <line num="90" count="0" type="stmt"/>
        <line num="91" count="0" type="stmt"/>
        <line num="93" count="0" type="cond" truecount="0" falsecount="2"/>
        <line num="94" count="0" type="stmt"/>
        <line num="100" count="0" type="cond" truecount="0" falsecount="2"/>
        <line num="101" count="0" type="stmt"/>
        <line num="102" count="0" type="cond" truecount="0" falsecount="2"/>
        <line num="104" count="0" type="cond" truecount="0" falsecount="4"/>
        <line num="105" count="0" type="stmt"/>
        <line num="111" count="0" type="cond" truecount="0" falsecount="2"/>
        <line num="112" count="0" type="stmt"/>
        <line num="118" count="0" type="stmt"/>
        <line num="120" count="0" type="stmt"/>
        <line num="126" count="0" type="stmt"/>
        <line num="142" count="0" type="stmt"/>
        <line num="148" count="0" type="stmt"/>
        <line num="154" count="0" type="stmt"/>
        <line num="158" count="2" type="stmt"/>
        <line num="159" count="0" type="stmt"/>
        <line num="160" count="0" type="stmt"/>
        <line num="161" count="0" type="cond" truecount="0" falsecount="2"/>
        <line num="162" count="0" type="stmt"/>
        <line num="165" count="0" type="stmt"/>
        <line num="169" count="0" type="stmt"/>
        <line num="171" count="0" type="cond" truecount="0" falsecount="4"/>
        <line num="172" count="0" type="stmt"/>
        <line num="178" count="0" type="cond" truecount="0" falsecount="2"/>
        <line num="179" count="0" type="cond" truecount="0" falsecount="2"/>
        <line num="180" count="0" type="cond" truecount="0" falsecount="2"/>
        <line num="181" count="0" type="stmt"/>
        <line num="188" count="0" type="cond" truecount="0" falsecount="5"/>
        <line num="189" count="0" type="stmt"/>
        <line num="195" count="0" type="cond" truecount="0" falsecount="2"/>
        <line num="196" count="0" type="stmt"/>
        <line num="197" count="0" type="stmt"/>
        <line num="199" count="0" type="stmt"/>
        <line num="200" count="0" type="stmt"/>
        <line num="201" count="0" type="stmt"/>
        <line num="202" count="0" type="stmt"/>
        <line num="205" count="0" type="cond" truecount="0" falsecount="2"/>
        <line num="206" count="0" type="cond" truecount="0" falsecount="2"/>
        <line num="207" count="0" type="cond" truecount="0" falsecount="2"/>
        <line num="208" count="0" type="stmt"/>
        <line num="210" count="0" type="stmt"/>
        <line num="212" count="0" type="stmt"/>
        <line num="218" count="0" type="stmt"/>
        <line num="227" count="2" type="stmt"/>
        <line num="228" count="0" type="stmt"/>
        <line num="229" count="0" type="stmt"/>
        <line num="236" count="0" type="stmt"/>
        <line num="241" count="0" type="stmt"/>
        <line num="250" count="2" type="stmt"/>
        <line num="251" count="0" type="stmt"/>
        <line num="252" count="0" type="stmt"/>
        <line num="254" count="0" type="cond" truecount="0" falsecount="2"/>
        <line num="255" count="0" type="stmt"/>
        <line num="261" count="0" type="stmt"/>
        <line num="266" count="0" type="cond" truecount="0" falsecount="2"/>
        <line num="267" count="0" type="stmt"/>
        <line num="273" count="0" type="stmt"/>
        <line num="274" count="0" type="stmt"/>
        <line num="276" count="0" type="stmt"/>
        <line num="282" count="0" type="stmt"/>
        <line num="291" count="2" type="stmt"/>
        <line num="292" count="0" type="stmt"/>
        <line num="297" count="0" type="stmt"/>
        <line num="300" count="0" type="stmt"/>
        <line num="302" count="0" type="cond" truecount="0" falsecount="2"/>
        <line num="303" count="0" type="stmt"/>
        <line num="311" count="0" type="stmt"/>
        <line num="312" count="0" type="stmt"/>
        <line num="318" count="0" type="stmt"/>
        <line num="321" count="0" type="stmt"/>
        <line num="323" count="0" type="stmt"/>
        <line num="326" count="0" type="stmt"/>
        <line num="331" count="0" type="stmt"/>
        <line num="335" count="0" type="stmt"/>
        <line num="340" count="0" type="stmt"/>
        <line num="344" count="0" type="stmt"/>
        <line num="357" count="0" type="stmt"/>
        <line num="366" count="2" type="stmt"/>
        <line num="367" count="0" type="stmt"/>
        <line num="368" count="0" type="stmt"/>
        <line num="373" count="0" type="cond" truecount="0" falsecount="2"/>
        <line num="374" count="0" type="stmt"/>
        <line num="381" count="0" type="stmt"/>
        <line num="387" count="0" type="stmt"/>
        <line num="395" count="0" type="stmt"/>
        <line num="399" count="0" type="stmt"/>
        <line num="404" count="0" type="stmt"/>
        <line num="410" count="0" type="stmt"/>
        <line num="420" count="0" type="stmt"/>
        <line num="429" count="2" type="stmt"/>
        <line num="430" count="0" type="stmt"/>
        <line num="432" count="0" type="cond" truecount="0" falsecount="4"/>
        <line num="433" count="0" type="stmt"/>
        <line num="439" count="0" type="cond" truecount="0" falsecount="2"/>
        <line num="440" count="0" type="stmt"/>
        <line num="450" count="0" type="stmt"/>
        <line num="453" count="0" type="stmt"/>
        <line num="458" count="0" type="cond" truecount="0" falsecount="2"/>
        <line num="461" count="0" type="stmt"/>
        <line num="462" count="0" type="stmt"/>
        <line num="468" count="0" type="stmt"/>
        <line num="470" count="0" type="stmt"/>
        <line num="483" count="0" type="stmt"/>
        <line num="492" count="2" type="stmt"/>
        <line num="493" count="0" type="stmt"/>
        <line num="495" count="0" type="cond" truecount="0" falsecount="4"/>
        <line num="496" count="0" type="stmt"/>
        <line num="502" count="0" type="cond" truecount="0" falsecount="2"/>
        <line num="503" count="0" type="stmt"/>
        <line num="510" count="0" type="stmt"/>
        <line num="527" count="0" type="stmt"/>
        <line num="544" count="0" type="stmt"/>
        <line num="559" count="0" type="stmt"/>
        <line num="576" count="0" type="stmt"/>
        <line num="586" count="0" type="stmt"/>
        <line num="590" count="2" type="stmt"/>
      </file>
      <file name="users.js" path="C:\Users\lenov\Desktop\placement coordination system\server\routes\users.js">
        <metrics statements="122" coveredstatements="20" conditionals="50" coveredconditionals="0" methods="13" coveredmethods="0"/>
        <line num="1" count="2" type="stmt"/>
        <line num="2" count="2" type="stmt"/>
        <line num="3" count="2" type="stmt"/>
        <line num="4" count="2" type="stmt"/>
        <line num="5" count="2" type="stmt"/>
        <line num="6" count="2" type="stmt"/>
        <line num="8" count="2" type="stmt"/>
        <line num="11" count="2" type="stmt"/>
        <line num="23" count="2" type="stmt"/>
        <line num="40" count="2" type="stmt"/>
        <line num="41" count="0" type="stmt"/>
        <line num="42" count="0" type="stmt"/>
        <line num="45" count="0" type="cond" truecount="0" falsecount="2"/>
        <line num="46" count="0" type="stmt"/>
        <line num="49" count="0" type="cond" truecount="0" falsecount="2"/>
        <line num="50" count="0" type="stmt"/>
        <line num="54" count="0" type="stmt"/>
        <line num="59" count="0" type="stmt"/>
        <line num="68" count="2" type="stmt"/>
        <line num="69" count="0" type="stmt"/>
        <line num="71" count="0" type="stmt"/>
        <line num="72" count="0" type="cond" truecount="0" falsecount="2"/>
        <line num="73" count="0" type="stmt"/>
        <line num="76" count="0" type="stmt"/>
        <line num="81" count="0" type="stmt"/>
        <line num="82" count="0" type="cond" truecount="0" falsecount="2"/>
        <line num="83" count="0" type="stmt"/>
        <line num="90" count="0" type="cond" truecount="0" falsecount="2"/>
        <line num="91" count="0" type="stmt"/>
        <line num="93" count="0" type="cond" truecount="0" falsecount="2"/>
        <line num="94" count="0" type="stmt"/>
        <line num="97" count="0" type="stmt"/>
        <line num="99" count="0" type="stmt"/>
        <line num="105" count="0" type="stmt"/>
        <line num="114" count="2" type="stmt"/>
        <line num="115" count="0" type="stmt"/>
        <line num="117" count="0" type="stmt"/>
        <line num="118" count="0" type="cond" truecount="0" falsecount="2"/>
        <line num="119" count="0" type="stmt"/>
        <line num="122" count="0" type="stmt"/>
        <line num="127" count="0" type="stmt"/>
        <line num="128" count="0" type="cond" truecount="0" falsecount="2"/>
        <line num="129" count="0" type="stmt"/>
        <line num="136" count="0" type="cond" truecount="0" falsecount="2"/>
        <line num="137" count="0" type="cond" truecount="0" falsecount="2"/>
        <line num="138" count="0" type="cond" truecount="0" falsecount="2"/>
        <line num="140" count="0" type="stmt"/>
        <line num="141" count="0" type="stmt"/>
        <line num="143" count="0" type="stmt"/>
        <line num="146" count="0" type="stmt"/>
        <line num="148" count="0" type="stmt"/>
        <line num="154" count="0" type="stmt"/>
        <line num="163" count="2" type="stmt"/>
        <line num="164" count="0" type="stmt"/>
        <line num="165" count="0" type="stmt"/>
        <line num="166" count="0" type="cond" truecount="0" falsecount="2"/>
        <line num="167" count="0" type="stmt"/>
        <line num="173" count="0" type="stmt"/>
        <line num="176" count="0" type="cond" truecount="0" falsecount="2"/>
        <line num="177" count="0" type="stmt"/>
        <line num="180" count="0" type="cond" truecount="0" falsecount="2"/>
        <line num="181" count="0" type="stmt"/>
        <line num="185" count="0" type="stmt"/>
        <line num="190" count="0" type="stmt"/>
        <line num="199" count="2" type="stmt"/>
        <line num="200" count="0" type="stmt"/>
        <line num="207" count="0" type="stmt"/>
        <line num="210" count="0" type="stmt"/>
        <line num="211" count="0" type="cond" truecount="0" falsecount="2"/>
        <line num="212" count="0" type="cond" truecount="0" falsecount="2"/>
        <line num="213" count="0" type="cond" truecount="0" falsecount="2"/>
        <line num="214" count="0" type="stmt"/>
        <line num="222" count="0" type="stmt"/>
        <line num="223" count="0" type="stmt"/>
        <line num="229" count="0" type="stmt"/>
        <line num="231" count="0" type="stmt"/>
        <line num="244" count="0" type="stmt"/>
        <line num="253" count="2" type="stmt"/>
        <line num="254" count="0" type="stmt"/>
        <line num="255" count="0" type="stmt"/>
        <line num="257" count="0" type="cond" truecount="0" falsecount="2"/>
        <line num="258" count="0" type="stmt"/>
        <line num="264" count="0" type="stmt"/>
        <line num="265" count="0" type="cond" truecount="0" falsecount="2"/>
        <line num="266" count="0" type="stmt"/>
        <line num="272" count="0" type="stmt"/>
        <line num="273" count="0" type="stmt"/>
        <line num="275" count="0" type="stmt"/>
        <line num="281" count="0" type="stmt"/>
        <line num="290" count="2" type="stmt"/>
        <line num="294" count="0" type="stmt"/>
        <line num="295" count="0" type="stmt"/>
        <line num="296" count="0" type="stmt"/>
        <line num="298" count="0" type="stmt"/>
        <line num="302" count="0" type="cond" truecount="0" falsecount="2"/>
        <line num="303" count="0" type="cond" truecount="0" falsecount="2"/>
        <line num="304" count="0" type="stmt"/>
        <line num="309" count="0" type="stmt"/>
        <line num="312" count="0" type="stmt"/>
        <line num="314" count="0" type="stmt"/>
        <line num="320" count="0" type="stmt"/>
        <line num="326" count="2" type="stmt"/>
        <line num="327" count="0" type="stmt"/>
        <line num="328" count="0" type="stmt"/>
        <line num="334" count="0" type="stmt"/>
        <line num="339" count="0" type="stmt"/>
        <line num="348" count="2" type="stmt"/>
        <line num="352" count="0" type="stmt"/>
        <line num="353" count="0" type="stmt"/>
        <line num="358" count="0" type="stmt"/>
        <line num="364" count="0" type="stmt"/>
        <line num="374" count="2" type="stmt"/>
        <line num="378" count="0" type="stmt"/>
        <line num="379" count="0" type="stmt"/>
        <line num="381" count="0" type="cond" truecount="0" falsecount="2"/>
        <line num="382" count="0" type="stmt"/>
        <line num="388" count="0" type="stmt"/>
        <line num="398" count="0" type="cond" truecount="0" falsecount="2"/>
        <line num="399" count="0" type="stmt"/>
        <line num="405" count="0" type="stmt"/>
        <line num="411" count="0" type="stmt"/>
        <line num="416" count="2" type="stmt"/>
      </file>
    </package>
    <package name="server.services">
      <metrics statements="189" coveredstatements="146" conditionals="145" coveredconditionals="96" methods="31" coveredmethods="26"/>
      <file name="authService.js" path="C:\Users\lenov\Desktop\placement coordination system\server\services\authService.js">
        <metrics statements="82" coveredstatements="45" conditionals="65" coveredconditionals="34" methods="8" coveredmethods="5"/>
        <line num="1" count="2" type="stmt"/>
        <line num="2" count="2" type="stmt"/>
        <line num="3" count="2" type="stmt"/>
        <line num="4" count="2" type="stmt"/>
        <line num="13" count="13" type="stmt"/>
        <line num="26" count="6" type="cond" truecount="1" falsecount="1"/>
        <line num="28" count="6" type="cond" truecount="1" falsecount="1"/>
        <line num="29" count="0" type="stmt"/>
        <line num="32" count="6" type="stmt"/>
        <line num="45" count="7" type="stmt"/>
        <line num="48" count="7" type="stmt"/>
        <line num="49" count="7" type="cond" truecount="2" falsecount="0"/>
        <line num="50" count="1" type="stmt"/>
        <line num="54" count="6" type="stmt"/>
        <line num="63" count="6" type="stmt"/>
        <line num="66" count="6" type="cond" truecount="2" falsecount="0"/>
        <line num="67" count="5" type="stmt"/>
        <line num="76" count="5" type="stmt"/>
        <line num="80" count="6" type="stmt"/>
        <line num="81" count="6" type="stmt"/>
        <line num="84" count="6" type="stmt"/>
        <line num="86" count="6" type="stmt"/>
        <line num="101" count="3" type="stmt"/>
        <line num="102" count="3" type="cond" truecount="4" falsecount="0"/>
        <line num="103" count="1" type="stmt"/>
        <line num="107" count="2" type="cond" truecount="2" falsecount="2"/>
        <line num="108" count="0" type="stmt"/>
        <line num="112" count="2" type="cond" truecount="1" falsecount="1"/>
        <line num="113" count="2" type="stmt"/>
        <line num="114" count="2" type="cond" truecount="1" falsecount="1"/>
        <line num="115" count="0" type="stmt"/>
        <line num="118" count="2" type="cond" truecount="1" falsecount="1"/>
        <line num="119" count="0" type="stmt"/>
        <line num="122" count="2" type="cond" truecount="1" falsecount="1"/>
        <line num="123" count="0" type="stmt"/>
        <line num="126" count="2" type="cond" truecount="1" falsecount="1"/>
        <line num="127" count="0" type="stmt"/>
        <line num="132" count="2" type="stmt"/>
        <line num="133" count="2" type="cond" truecount="2" falsecount="0"/>
        <line num="134" count="1" type="stmt"/>
        <line num="138" count="1" type="stmt"/>
        <line num="139" count="1" type="stmt"/>
        <line num="142" count="0" type="stmt"/>
        <line num="143" count="0" type="stmt"/>
        <line num="146" count="0" type="stmt"/>
        <line num="148" count="0" type="stmt"/>
        <line num="161" count="0" type="stmt"/>
        <line num="163" count="0" type="stmt"/>
        <line num="165" count="0" type="cond" truecount="0" falsecount="2"/>
        <line num="166" count="0" type="stmt"/>
        <line num="170" count="0" type="stmt"/>
        <line num="171" count="0" type="cond" truecount="0" falsecount="5"/>
        <line num="172" count="0" type="stmt"/>
        <line num="176" count="0" type="stmt"/>
        <line num="177" count="0" type="stmt"/>
        <line num="180" count="0" type="stmt"/>
        <line num="181" count="0" type="stmt"/>
        <line num="183" count="0" type="stmt"/>
        <line num="188" count="0" type="stmt"/>
        <line num="198" count="0" type="stmt"/>
        <line num="199" count="0" type="cond" truecount="0" falsecount="4"/>
        <line num="200" count="0" type="stmt"/>
        <line num="211" count="0" type="stmt"/>
        <line num="212" count="0" type="cond" truecount="0" falsecount="2"/>
        <line num="213" count="0" type="stmt"/>
        <line num="217" count="0" type="stmt"/>
        <line num="218" count="0" type="cond" truecount="0" falsecount="2"/>
        <line num="219" count="0" type="stmt"/>
        <line num="223" count="0" type="stmt"/>
        <line num="224" count="0" type="stmt"/>
        <line num="227" count="0" type="stmt"/>
        <line num="228" count="0" type="stmt"/>
        <line num="237" count="1" type="stmt"/>
        <line num="238" count="1" type="cond" truecount="1" falsecount="1"/>
        <line num="239" count="0" type="stmt"/>
        <line num="242" count="1" type="stmt"/>
        <line num="245" count="1" type="cond" truecount="1" falsecount="1"/>
        <line num="246" count="1" type="stmt"/>
        <line num="247" count="1" type="cond" truecount="1" falsecount="1"/>
        <line num="248" count="1" type="stmt"/>
        <line num="252" count="1" type="stmt"/>
        <line num="256" count="2" type="stmt"/>
      </file>
      <file name="matchingService.js" path="C:\Users\lenov\Desktop\placement coordination system\server\services\matchingService.js">
        <metrics statements="107" coveredstatements="101" conditionals="80" coveredconditionals="62" methods="23" coveredmethods="21"/>
        <line num="1" count="3" type="stmt"/>
        <line num="2" count="3" type="stmt"/>
        <line num="3" count="3" type="stmt"/>
        <line num="13" count="3" type="stmt"/>
        <line num="33" count="2" type="stmt"/>
        <line num="36" count="2" type="stmt"/>
        <line num="37" count="2" type="cond" truecount="1" falsecount="1"/>
        <line num="38" count="0" type="stmt"/>
        <line num="41" count="2" type="cond" truecount="1" falsecount="1"/>
        <line num="42" count="0" type="stmt"/>
        <line num="46" count="2" type="stmt"/>
        <line num="53" count="2" type="cond" truecount="3" falsecount="1"/>
        <line num="54" count="0" type="stmt"/>
        <line num="57" count="2" type="cond" truecount="3" falsecount="1"/>
        <line num="58" count="0" type="stmt"/>
        <line num="62" count="2" type="stmt"/>
        <line num="67" count="2" type="stmt"/>
        <line num="69" count="2" type="stmt"/>
        <line num="71" count="1" type="stmt"/>
        <line num="72" count="0" type="stmt"/>
        <line num="75" count="1" type="cond" truecount="1" falsecount="1"/>
        <line num="77" count="1" type="stmt"/>
        <line num="79" count="1" type="cond" truecount="1" falsecount="1"/>
        <line num="80" count="1" type="stmt"/>
        <line num="89" count="2" type="stmt"/>
        <line num="91" count="2" type="stmt"/>
        <line num="103" count="6" type="stmt"/>
        <line num="106" count="6" type="stmt"/>
        <line num="107" count="6" type="stmt"/>
        <line num="115" count="6" type="stmt"/>
        <line num="116" count="6" type="stmt"/>
        <line num="128" count="6" type="stmt"/>
        <line num="129" count="6" type="stmt"/>
        <line num="141" count="6" type="stmt"/>
        <line num="142" count="6" type="stmt"/>
        <line num="151" count="6" type="stmt"/>
        <line num="155" count="6" type="stmt"/>
        <line num="157" count="6" type="stmt"/>
        <line num="159" count="6" type="cond" truecount="2" falsecount="0"/>
        <line num="160" count="4" type="stmt"/>
        <line num="169" count="6" type="stmt"/>
        <line num="179" count="8" type="cond" truecount="4" falsecount="0"/>
        <line num="180" count="1" type="stmt"/>
        <line num="183" count="7" type="cond" truecount="4" falsecount="0"/>
        <line num="184" count="2" type="stmt"/>
        <line num="187" count="5" type="stmt"/>
        <line num="188" count="5" type="stmt"/>
        <line num="190" count="5" type="stmt"/>
        <line num="191" count="10" type="stmt"/>
        <line num="193" count="10" type="stmt"/>
        <line num="194" count="16" type="stmt"/>
        <line num="197" count="10" type="cond" truecount="4" falsecount="0"/>
        <line num="199" count="8" type="stmt"/>
        <line num="200" count="8" type="stmt"/>
        <line num="201" count="8" type="stmt"/>
        <line num="205" count="5" type="cond" truecount="1" falsecount="1"/>
        <line num="215" count="6" type="stmt"/>
        <line num="221" count="12" type="stmt"/>
        <line num="223" count="6" type="stmt"/>
        <line num="224" count="12" type="stmt"/>
        <line num="225" count="16" type="stmt"/>
        <line num="228" count="12" type="cond" truecount="2" falsecount="0"/>
        <line num="229" count="8" type="stmt"/>
        <line num="236" count="4" type="stmt"/>
        <line num="244" count="6" type="cond" truecount="1" falsecount="1"/>
        <line num="245" count="18" type="cond" truecount="2" falsecount="0"/>
        <line num="246" count="10" type="stmt"/>
        <line num="253" count="6" type="stmt"/>
        <line num="262" count="6" type="cond" truecount="1" falsecount="1"/>
        <line num="271" count="6" type="cond" truecount="3" falsecount="1"/>
        <line num="272" count="0" type="stmt"/>
        <line num="275" count="6" type="stmt"/>
        <line num="276" count="6" type="stmt"/>
        <line num="285" count="6" type="stmt"/>
        <line num="286" count="6" type="stmt"/>
        <line num="288" count="6" type="stmt"/>
        <line num="291" count="6" type="cond" truecount="1" falsecount="1"/>
        <line num="292" count="12" type="stmt"/>
        <line num="295" count="6" type="cond" truecount="1" falsecount="1"/>
        <line num="296" count="6" type="stmt"/>
        <line num="300" count="6" type="cond" truecount="1" falsecount="1"/>
        <line num="301" count="12" type="stmt"/>
        <line num="304" count="6" type="cond" truecount="1" falsecount="1"/>
        <line num="305" count="6" type="stmt"/>
        <line num="308" count="6" type="stmt"/>
        <line num="317" count="6" type="cond" truecount="3" falsecount="1"/>
        <line num="319" count="6" type="stmt"/>
        <line num="320" count="12" type="stmt"/>
        <line num="321" count="12" type="stmt"/>
        <line num="324" count="6" type="stmt"/>
        <line num="333" count="12" type="cond" truecount="3" falsecount="1"/>
        <line num="335" count="24" type="stmt"/>
        <line num="336" count="12" type="stmt"/>
        <line num="345" count="6" type="cond" truecount="3" falsecount="1"/>
        <line num="347" count="12" type="stmt"/>
        <line num="348" count="6" type="stmt"/>
        <line num="357" count="6" type="cond" truecount="3" falsecount="1"/>
        <line num="359" count="12" type="stmt"/>
        <line num="360" count="6" type="stmt"/>
        <line num="371" count="3" type="stmt"/>
        <line num="375" count="3" type="cond" truecount="2" falsecount="0"/>
        <line num="376" count="1" type="stmt"/>
        <line num="379" count="2" type="stmt"/>
        <line num="380" count="2" type="cond" truecount="2" falsecount="0"/>
        <line num="381" count="1" type="stmt"/>
        <line num="384" count="1" type="stmt"/>
        <line num="388" count="3" type="stmt"/>
      </file>
    </package>
    <package name="server.utils">
      <metrics statements="19" coveredstatements="10" conditionals="4" coveredconditionals="0" methods="4" coveredmethods="0"/>
      <file name="evaluationUtils.js" path="C:\Users\lenov\Desktop\placement coordination system\server\utils\evaluationUtils.js">
        <metrics statements="19" coveredstatements="10" conditionals="4" coveredconditionals="0" methods="4" coveredmethods="0"/>
        <line num="1" count="2" type="stmt"/>
        <line num="2" count="2" type="stmt"/>
        <line num="3" count="2" type="stmt"/>
        <line num="5" count="2" type="stmt"/>
        <line num="12" count="2" type="stmt"/>
        <line num="14" count="2" type="stmt"/>
        <line num="15" count="0" type="stmt"/>
        <line num="16" count="0" type="stmt"/>
        <line num="17" count="0" type="cond" truecount="0" falsecount="2"/>
        <line num="18" count="0" type="stmt"/>
        <line num="19" count="0" type="stmt"/>
        <line num="26" count="2" type="stmt"/>
        <line num="27" count="0" type="stmt"/>
        <line num="28" count="0" type="stmt"/>
        <line num="35" count="2" type="stmt"/>
        <line num="36" count="0" type="stmt"/>
        <line num="37" count="0" type="cond" truecount="0" falsecount="2"/>
        <line num="40" count="2" type="stmt"/>
        <line num="42" count="2" type="stmt"/>
      </file>
    </package>
  </project>
</coverage>
