{"C:\\Users\\lenov\\Desktop\\placement coordination system\\server\\index.js": {"path":"C:\\Users\\lenov\\Desktop\\placement coordination system\\server\\index.js","statementMap":{"0":{"start":{"line":1,"column":16},"end":{"line":1,"column":34}},"1":{"start":{"line":2,"column":13},"end":{"line":2,"column":28}},"2":{"start":{"line":3,"column":15},"end":{"line":3,"column":32}},"3":{"start":{"line":4,"column":18},"end":{"line":4,"column":47}},"4":{"start":{"line":5,"column":22},"end":{"line":5,"column":55}},"5":{"start":{"line":6,"column":0},"end":{"line":6,"column":27}},"6":{"start":{"line":8,"column":19},"end":{"line":8,"column":43}},"7":{"start":{"line":9,"column":19},"end":{"line":9,"column":44}},"8":{"start":{"line":10,"column":22},"end":{"line":10,"column":50}},"9":{"start":{"line":11,"column":22},"end":{"line":11,"column":50}},"10":{"start":{"line":12,"column":18},"end":{"line":12,"column":42}},"11":{"start":{"line":13,"column":27},"end":{"line":13,"column":60}},"12":{"start":{"line":14,"column":21},"end":{"line":14,"column":48}},"13":{"start":{"line":16,"column":21},"end":{"line":16,"column":57}},"14":{"start":{"line":17,"column":13},"end":{"line":17,"column":37}},"15":{"start":{"line":19,"column":12},"end":{"line":19,"column":21}},"16":{"start":{"line":22,"column":0},"end":{"line":22,"column":18}},"17":{"start":{"line":23,"column":0},"end":{"line":26,"column":4}},"18":{"start":{"line":29,"column":57},"end":{"line":29,"column":92}},"19":{"start":{"line":32,"column":0},"end":{"line":32,"column":54}},"20":{"start":{"line":33,"column":0},"end":{"line":33,"column":43}},"21":{"start":{"line":34,"column":0},"end":{"line":34,"column":20}},"22":{"start":{"line":37,"column":0},"end":{"line":37,"column":41}},"23":{"start":{"line":38,"column":0},"end":{"line":38,"column":48}},"24":{"start":{"line":41,"column":0},"end":{"line":41,"column":25}},"25":{"start":{"line":45,"column":2},"end":{"line":73,"column":3}},"26":{"start":{"line":46,"column":23},"end":{"line":46,"column":71}},"27":{"start":{"line":47,"column":26},"end":{"line":47,"column":67}},"28":{"start":{"line":49,"column":16},"end":{"line":49,"column":59}},"29":{"start":{"line":51,"column":4},"end":{"line":70,"column":5}},"30":{"start":{"line":53,"column":6},"end":{"line":59,"column":9}},"31":{"start":{"line":60,"column":6},"end":{"line":60,"column":25}},"32":{"start":{"line":61,"column":6},"end":{"line":61,"column":73}},"33":{"start":{"line":64,"column":6},"end":{"line":64,"column":45}},"34":{"start":{"line":65,"column":6},"end":{"line":65,"column":41}},"35":{"start":{"line":66,"column":6},"end":{"line":66,"column":33}},"36":{"start":{"line":67,"column":6},"end":{"line":67,"column":28}},"37":{"start":{"line":68,"column":6},"end":{"line":68,"column":25}},"38":{"start":{"line":69,"column":6},"end":{"line":69,"column":82}},"39":{"start":{"line":72,"column":4},"end":{"line":72,"column":60}},"40":{"start":{"line":77,"column":0},"end":{"line":77,"column":36}},"41":{"start":{"line":78,"column":0},"end":{"line":78,"column":37}},"42":{"start":{"line":79,"column":0},"end":{"line":79,"column":43}},"43":{"start":{"line":80,"column":0},"end":{"line":80,"column":43}},"44":{"start":{"line":81,"column":0},"end":{"line":81,"column":35}},"45":{"start":{"line":82,"column":0},"end":{"line":82,"column":53}},"46":{"start":{"line":83,"column":0},"end":{"line":83,"column":41}},"47":{"start":{"line":86,"column":0},"end":{"line":88,"column":3}},"48":{"start":{"line":87,"column":2},"end":{"line":87,"column":66}},"49":{"start":{"line":91,"column":0},"end":{"line":91,"column":22}},"50":{"start":{"line":94,"column":0},"end":{"line":96,"column":3}},"51":{"start":{"line":95,"column":2},"end":{"line":95,"column":53}},"52":{"start":{"line":98,"column":0},"end":{"line":101,"column":2}}},"fnMap":{"0":{"name":"ensureAdminCoordinator","decl":{"start":{"line":44,"column":15},"end":{"line":44,"column":37}},"loc":{"start":{"line":44,"column":40},"end":{"line":74,"column":1}},"line":44},"1":{"name":"(anonymous_1)","decl":{"start":{"line":86,"column":26},"end":{"line":86,"column":27}},"loc":{"start":{"line":86,"column":40},"end":{"line":88,"column":1}},"line":86},"2":{"name":"(anonymous_2)","decl":{"start":{"line":94,"column":13},"end":{"line":94,"column":14}},"loc":{"start":{"line":94,"column":27},"end":{"line":96,"column":1}},"line":94}},"branchMap":{"0":{"loc":{"start":{"line":24,"column":10},"end":{"line":24,"column":61}},"type":"binary-expr","locations":[{"start":{"line":24,"column":10},"end":{"line":24,"column":34}},{"start":{"line":24,"column":38},"end":{"line":24,"column":61}}],"line":24},"1":{"loc":{"start":{"line":46,"column":23},"end":{"line":46,"column":71}},"type":"binary-expr","locations":[{"start":{"line":46,"column":23},"end":{"line":46,"column":46}},{"start":{"line":46,"column":50},"end":{"line":46,"column":71}}],"line":46},"2":{"loc":{"start":{"line":47,"column":26},"end":{"line":47,"column":67}},"type":"binary-expr","locations":[{"start":{"line":47,"column":26},"end":{"line":47,"column":52}},{"start":{"line":47,"column":56},"end":{"line":47,"column":67}}],"line":47},"3":{"loc":{"start":{"line":51,"column":4},"end":{"line":70,"column":5}},"type":"if","locations":[{"start":{"line":51,"column":4},"end":{"line":70,"column":5}},{"start":{"line":62,"column":11},"end":{"line":70,"column":5}}],"line":51}},"s":{"0":2,"1":2,"2":2,"3":2,"4":2,"5":2,"6":2,"7":2,"8":2,"9":2,"10":2,"11":2,"12":2,"13":2,"14":2,"15":2,"16":2,"17":2,"18":2,"19":2,"20":2,"21":2,"22":2,"23":2,"24":2,"25":0,"26":0,"27":0,"28":0,"29":0,"30":0,"31":0,"32":0,"33":0,"34":0,"35":0,"36":0,"37":0,"38":0,"39":0,"40":2,"41":2,"42":2,"43":2,"44":2,"45":2,"46":2,"47":2,"48":0,"49":2,"50":2,"51":0,"52":2},"f":{"0":0,"1":0,"2":0},"b":{"0":[2,0],"1":[0,0],"2":[0,0],"3":[0,0]},"_coverageSchema":"1a1c01bbd47fc00a2c39e90264f33305004495a9","hash":"0d0b0bf22edf8cbdc547cbb5de8ba95962c68d98"}
,"C:\\Users\\lenov\\Desktop\\placement coordination system\\server\\config\\roles.js": {"path":"C:\\Users\\lenov\\Desktop\\placement coordination system\\server\\config\\roles.js","statementMap":{"0":{"start":{"line":4,"column":14},"end":{"line":8,"column":1}},"1":{"start":{"line":11,"column":27},"end":{"line":16,"column":1}},"2":{"start":{"line":18,"column":27},"end":{"line":23,"column":1}},"3":{"start":{"line":25,"column":31},"end":{"line":32,"column":1}},"4":{"start":{"line":34,"column":20},"end":{"line":38,"column":1}},"5":{"start":{"line":40,"column":0},"end":{"line":43,"column":2}}},"fnMap":{},"branchMap":{},"s":{"0":2,"1":2,"2":2,"3":2,"4":2,"5":2},"f":{},"b":{},"_coverageSchema":"1a1c01bbd47fc00a2c39e90264f33305004495a9","hash":"95bfd5e4d059cf0661d8763da30892c961152f27"}
,"C:\\Users\\lenov\\Desktop\\placement coordination system\\server\\middleware\\auth.js": {"path":"C:\\Users\\lenov\\Desktop\\placement coordination system\\server\\middleware\\auth.js","statementMap":{"0":{"start":{"line":1,"column":12},"end":{"line":1,"column":35}},"1":{"start":{"line":2,"column":13},"end":{"line":2,"column":38}},"2":{"start":{"line":7,"column":21},"end":{"line":44,"column":1}},"3":{"start":{"line":8,"column":2},"end":{"line":43,"column":3}},"4":{"start":{"line":9,"column":23},"end":{"line":9,"column":50}},"5":{"start":{"line":11,"column":4},"end":{"line":13,"column":5}},"6":{"start":{"line":12,"column":6},"end":{"line":12,"column":82}},"7":{"start":{"line":15,"column":18},"end":{"line":15,"column":41}},"8":{"start":{"line":17,"column":4},"end":{"line":19,"column":5}},"9":{"start":{"line":18,"column":6},"end":{"line":18,"column":82}},"10":{"start":{"line":22,"column":20},"end":{"line":22,"column":61}},"11":{"start":{"line":25,"column":17},"end":{"line":25,"column":91}},"12":{"start":{"line":27,"column":4},"end":{"line":29,"column":5}},"13":{"start":{"line":28,"column":6},"end":{"line":28,"column":91}},"14":{"start":{"line":32,"column":4},"end":{"line":32,"column":20}},"15":{"start":{"line":33,"column":4},"end":{"line":33,"column":11}},"16":{"start":{"line":35,"column":4},"end":{"line":39,"column":5}},"17":{"start":{"line":36,"column":6},"end":{"line":36,"column":63}},"18":{"start":{"line":37,"column":11},"end":{"line":39,"column":5}},"19":{"start":{"line":38,"column":6},"end":{"line":38,"column":63}},"20":{"start":{"line":41,"column":4},"end":{"line":41,"column":51}},"21":{"start":{"line":42,"column":4},"end":{"line":42,"column":84}},"22":{"start":{"line":50,"column":18},"end":{"line":66,"column":1}},"23":{"start":{"line":51,"column":2},"end":{"line":65,"column":4}},"24":{"start":{"line":52,"column":4},"end":{"line":54,"column":5}},"25":{"start":{"line":53,"column":6},"end":{"line":53,"column":73}},"26":{"start":{"line":56,"column":4},"end":{"line":62,"column":5}},"27":{"start":{"line":57,"column":6},"end":{"line":61,"column":9}},"28":{"start":{"line":64,"column":4},"end":{"line":64,"column":11}},"29":{"start":{"line":71,"column":21},"end":{"line":97,"column":1}},"30":{"start":{"line":72,"column":2},"end":{"line":96,"column":3}},"31":{"start":{"line":73,"column":23},"end":{"line":73,"column":50}},"32":{"start":{"line":75,"column":4},"end":{"line":77,"column":5}},"33":{"start":{"line":76,"column":6},"end":{"line":76,"column":20}},"34":{"start":{"line":79,"column":18},"end":{"line":79,"column":41}},"35":{"start":{"line":81,"column":4},"end":{"line":83,"column":5}},"36":{"start":{"line":82,"column":6},"end":{"line":82,"column":20}},"37":{"start":{"line":85,"column":20},"end":{"line":85,"column":61}},"38":{"start":{"line":86,"column":17},"end":{"line":86,"column":91}},"39":{"start":{"line":88,"column":4},"end":{"line":90,"column":5}},"40":{"start":{"line":89,"column":6},"end":{"line":89,"column":22}},"41":{"start":{"line":92,"column":4},"end":{"line":92,"column":11}},"42":{"start":{"line":95,"column":4},"end":{"line":95,"column":11}},"43":{"start":{"line":102,"column":23},"end":{"line":122,"column":1}},"44":{"start":{"line":103,"column":2},"end":{"line":121,"column":4}},"45":{"start":{"line":104,"column":4},"end":{"line":106,"column":5}},"46":{"start":{"line":105,"column":6},"end":{"line":105,"column":73}},"47":{"start":{"line":109,"column":4},"end":{"line":111,"column":5}},"48":{"start":{"line":110,"column":6},"end":{"line":110,"column":20}},"49":{"start":{"line":114,"column":27},"end":{"line":114,"column":94}},"50":{"start":{"line":116,"column":4},"end":{"line":118,"column":5}},"51":{"start":{"line":117,"column":6},"end":{"line":117,"column":103}},"52":{"start":{"line":120,"column":4},"end":{"line":120,"column":11}},"53":{"start":{"line":124,"column":0},"end":{"line":129,"column":2}}},"fnMap":{"0":{"name":"(anonymous_0)","decl":{"start":{"line":7,"column":21},"end":{"line":7,"column":22}},"loc":{"start":{"line":7,"column":47},"end":{"line":44,"column":1}},"line":7},"1":{"name":"(anonymous_1)","decl":{"start":{"line":50,"column":18},"end":{"line":50,"column":19}},"loc":{"start":{"line":50,"column":36},"end":{"line":66,"column":1}},"line":50},"2":{"name":"(anonymous_2)","decl":{"start":{"line":51,"column":9},"end":{"line":51,"column":10}},"loc":{"start":{"line":51,"column":29},"end":{"line":65,"column":3}},"line":51},"3":{"name":"(anonymous_3)","decl":{"start":{"line":71,"column":21},"end":{"line":71,"column":22}},"loc":{"start":{"line":71,"column":47},"end":{"line":97,"column":1}},"line":71},"4":{"name":"(anonymous_4)","decl":{"start":{"line":102,"column":23},"end":{"line":102,"column":24}},"loc":{"start":{"line":102,"column":59},"end":{"line":122,"column":1}},"line":102},"5":{"name":"(anonymous_5)","decl":{"start":{"line":103,"column":9},"end":{"line":103,"column":10}},"loc":{"start":{"line":103,"column":29},"end":{"line":121,"column":3}},"line":103}},"branchMap":{"0":{"loc":{"start":{"line":11,"column":4},"end":{"line":13,"column":5}},"type":"if","locations":[{"start":{"line":11,"column":4},"end":{"line":13,"column":5}},{"start":{},"end":{}}],"line":11},"1":{"loc":{"start":{"line":11,"column":8},"end":{"line":11,"column":56}},"type":"binary-expr","locations":[{"start":{"line":11,"column":8},"end":{"line":11,"column":19}},{"start":{"line":11,"column":23},"end":{"line":11,"column":56}}],"line":11},"2":{"loc":{"start":{"line":17,"column":4},"end":{"line":19,"column":5}},"type":"if","locations":[{"start":{"line":17,"column":4},"end":{"line":19,"column":5}},{"start":{},"end":{}}],"line":17},"3":{"loc":{"start":{"line":27,"column":4},"end":{"line":29,"column":5}},"type":"if","locations":[{"start":{"line":27,"column":4},"end":{"line":29,"column":5}},{"start":{},"end":{}}],"line":27},"4":{"loc":{"start":{"line":27,"column":8},"end":{"line":27,"column":31}},"type":"binary-expr","locations":[{"start":{"line":27,"column":8},"end":{"line":27,"column":13}},{"start":{"line":27,"column":17},"end":{"line":27,"column":31}}],"line":27},"5":{"loc":{"start":{"line":35,"column":4},"end":{"line":39,"column":5}},"type":"if","locations":[{"start":{"line":35,"column":4},"end":{"line":39,"column":5}},{"start":{"line":37,"column":11},"end":{"line":39,"column":5}}],"line":35},"6":{"loc":{"start":{"line":37,"column":11},"end":{"line":39,"column":5}},"type":"if","locations":[{"start":{"line":37,"column":11},"end":{"line":39,"column":5}},{"start":{},"end":{}}],"line":37},"7":{"loc":{"start":{"line":52,"column":4},"end":{"line":54,"column":5}},"type":"if","locations":[{"start":{"line":52,"column":4},"end":{"line":54,"column":5}},{"start":{},"end":{}}],"line":52},"8":{"loc":{"start":{"line":56,"column":4},"end":{"line":62,"column":5}},"type":"if","locations":[{"start":{"line":56,"column":4},"end":{"line":62,"column":5}},{"start":{},"end":{}}],"line":56},"9":{"loc":{"start":{"line":75,"column":4},"end":{"line":77,"column":5}},"type":"if","locations":[{"start":{"line":75,"column":4},"end":{"line":77,"column":5}},{"start":{},"end":{}}],"line":75},"10":{"loc":{"start":{"line":75,"column":8},"end":{"line":75,"column":56}},"type":"binary-expr","locations":[{"start":{"line":75,"column":8},"end":{"line":75,"column":19}},{"start":{"line":75,"column":23},"end":{"line":75,"column":56}}],"line":75},"11":{"loc":{"start":{"line":81,"column":4},"end":{"line":83,"column":5}},"type":"if","locations":[{"start":{"line":81,"column":4},"end":{"line":83,"column":5}},{"start":{},"end":{}}],"line":81},"12":{"loc":{"start":{"line":88,"column":4},"end":{"line":90,"column":5}},"type":"if","locations":[{"start":{"line":88,"column":4},"end":{"line":90,"column":5}},{"start":{},"end":{}}],"line":88},"13":{"loc":{"start":{"line":88,"column":8},"end":{"line":88,"column":29}},"type":"binary-expr","locations":[{"start":{"line":88,"column":8},"end":{"line":88,"column":12}},{"start":{"line":88,"column":16},"end":{"line":88,"column":29}}],"line":88},"14":{"loc":{"start":{"line":102,"column":24},"end":{"line":102,"column":54}},"type":"default-arg","locations":[{"start":{"line":102,"column":46},"end":{"line":102,"column":54}}],"line":102},"15":{"loc":{"start":{"line":104,"column":4},"end":{"line":106,"column":5}},"type":"if","locations":[{"start":{"line":104,"column":4},"end":{"line":106,"column":5}},{"start":{},"end":{}}],"line":104},"16":{"loc":{"start":{"line":109,"column":4},"end":{"line":111,"column":5}},"type":"if","locations":[{"start":{"line":109,"column":4},"end":{"line":111,"column":5}},{"start":{},"end":{}}],"line":109},"17":{"loc":{"start":{"line":114,"column":27},"end":{"line":114,"column":94}},"type":"binary-expr","locations":[{"start":{"line":114,"column":27},"end":{"line":114,"column":44}},{"start":{"line":114,"column":48},"end":{"line":114,"column":77}},{"start":{"line":114,"column":81},"end":{"line":114,"column":94}}],"line":114},"18":{"loc":{"start":{"line":116,"column":4},"end":{"line":118,"column":5}},"type":"if","locations":[{"start":{"line":116,"column":4},"end":{"line":118,"column":5}},{"start":{},"end":{}}],"line":116}},"s":{"0":2,"1":2,"2":2,"3":7,"4":7,"5":7,"6":1,"7":6,"8":6,"9":0,"10":6,"11":6,"12":6,"13":1,"14":5,"15":5,"16":0,"17":0,"18":0,"19":0,"20":0,"21":0,"22":2,"23":68,"24":4,"25":0,"26":4,"27":1,"28":3,"29":2,"30":0,"31":0,"32":0,"33":0,"34":0,"35":0,"36":0,"37":0,"38":0,"39":0,"40":0,"41":0,"42":0,"43":2,"44":0,"45":0,"46":0,"47":0,"48":0,"49":0,"50":0,"51":0,"52":0,"53":2},"f":{"0":7,"1":68,"2":4,"3":0,"4":0,"5":0},"b":{"0":[1,6],"1":[7,6],"2":[0,6],"3":[1,5],"4":[6,5],"5":[0,0],"6":[0,0],"7":[0,4],"8":[1,3],"9":[0,0],"10":[0,0],"11":[0,0],"12":[0,0],"13":[0,0],"14":[0],"15":[0,0],"16":[0,0],"17":[0,0,0],"18":[0,0]},"_coverageSchema":"1a1c01bbd47fc00a2c39e90264f33305004495a9","hash":"beed37d49a8eeaf7cd83ee67a2c7954caa86a466"}
,"C:\\Users\\lenov\\Desktop\\placement coordination system\\server\\middleware\\errorHandler.js": {"path":"C:\\Users\\lenov\\Desktop\\placement coordination system\\server\\middleware\\errorHandler.js","statementMap":{"0":{"start":{"line":1,"column":21},"end":{"line":70,"column":1}},"1":{"start":{"line":2,"column":2},"end":{"line":2,"column":31}},"2":{"start":{"line":5,"column":14},"end":{"line":8,"column":3}},"3":{"start":{"line":11,"column":2},"end":{"line":18,"column":3}},"4":{"start":{"line":12,"column":21},"end":{"line":12,"column":74}},"5":{"start":{"line":12,"column":60},"end":{"line":12,"column":73}},"6":{"start":{"line":13,"column":4},"end":{"line":17,"column":6}},"7":{"start":{"line":21,"column":2},"end":{"line":28,"column":3}},"8":{"start":{"line":22,"column":18},"end":{"line":22,"column":46}},"9":{"start":{"line":23,"column":4},"end":{"line":27,"column":6}},"10":{"start":{"line":31,"column":2},"end":{"line":36,"column":3}},"11":{"start":{"line":32,"column":4},"end":{"line":35,"column":6}},"12":{"start":{"line":39,"column":2},"end":{"line":44,"column":3}},"13":{"start":{"line":40,"column":4},"end":{"line":43,"column":6}},"14":{"start":{"line":46,"column":2},"end":{"line":51,"column":3}},"15":{"start":{"line":47,"column":4},"end":{"line":50,"column":6}},"16":{"start":{"line":54,"column":2},"end":{"line":60,"column":3}},"17":{"start":{"line":55,"column":4},"end":{"line":59,"column":6}},"18":{"start":{"line":58,"column":40},"end":{"line":58,"column":54}},"19":{"start":{"line":63,"column":2},"end":{"line":69,"column":5}},"20":{"start":{"line":72,"column":0},"end":{"line":72,"column":30}}},"fnMap":{"0":{"name":"(anonymous_0)","decl":{"start":{"line":1,"column":21},"end":{"line":1,"column":22}},"loc":{"start":{"line":1,"column":46},"end":{"line":70,"column":1}},"line":1},"1":{"name":"(anonymous_1)","decl":{"start":{"line":12,"column":51},"end":{"line":12,"column":52}},"loc":{"start":{"line":12,"column":60},"end":{"line":12,"column":73}},"line":12},"2":{"name":"(anonymous_2)","decl":{"start":{"line":58,"column":30},"end":{"line":58,"column":31}},"loc":{"start":{"line":58,"column":40},"end":{"line":58,"column":54}},"line":58}},"branchMap":{"0":{"loc":{"start":{"line":6,"column":13},"end":{"line":6,"column":51}},"type":"binary-expr","locations":[{"start":{"line":6,"column":13},"end":{"line":6,"column":24}},{"start":{"line":6,"column":28},"end":{"line":6,"column":51}}],"line":6},"1":{"loc":{"start":{"line":7,"column":12},"end":{"line":7,"column":29}},"type":"binary-expr","locations":[{"start":{"line":7,"column":12},"end":{"line":7,"column":22}},{"start":{"line":7,"column":26},"end":{"line":7,"column":29}}],"line":7},"2":{"loc":{"start":{"line":11,"column":2},"end":{"line":18,"column":3}},"type":"if","locations":[{"start":{"line":11,"column":2},"end":{"line":18,"column":3}},{"start":{},"end":{}}],"line":11},"3":{"loc":{"start":{"line":21,"column":2},"end":{"line":28,"column":3}},"type":"if","locations":[{"start":{"line":21,"column":2},"end":{"line":28,"column":3}},{"start":{},"end":{}}],"line":21},"4":{"loc":{"start":{"line":31,"column":2},"end":{"line":36,"column":3}},"type":"if","locations":[{"start":{"line":31,"column":2},"end":{"line":36,"column":3}},{"start":{},"end":{}}],"line":31},"5":{"loc":{"start":{"line":39,"column":2},"end":{"line":44,"column":3}},"type":"if","locations":[{"start":{"line":39,"column":2},"end":{"line":44,"column":3}},{"start":{},"end":{}}],"line":39},"6":{"loc":{"start":{"line":46,"column":2},"end":{"line":51,"column":3}},"type":"if","locations":[{"start":{"line":46,"column":2},"end":{"line":51,"column":3}},{"start":{},"end":{}}],"line":46},"7":{"loc":{"start":{"line":54,"column":2},"end":{"line":60,"column":3}},"type":"if","locations":[{"start":{"line":54,"column":2},"end":{"line":60,"column":3}},{"start":{},"end":{}}],"line":54},"8":{"loc":{"start":{"line":66,"column":8},"end":{"line":66,"column":48}},"type":"binary-expr","locations":[{"start":{"line":66,"column":8},"end":{"line":66,"column":20}},{"start":{"line":66,"column":24},"end":{"line":66,"column":48}}],"line":66},"9":{"loc":{"start":{"line":67,"column":8},"end":{"line":67,"column":45}},"type":"binary-expr","locations":[{"start":{"line":67,"column":8},"end":{"line":67,"column":19}},{"start":{"line":67,"column":23},"end":{"line":67,"column":45}}],"line":67},"10":{"loc":{"start":{"line":68,"column":8},"end":{"line":68,"column":70}},"type":"binary-expr","locations":[{"start":{"line":68,"column":8},"end":{"line":68,"column":46}},{"start":{"line":68,"column":50},"end":{"line":68,"column":70}}],"line":68}},"s":{"0":2,"1":1,"2":1,"3":1,"4":0,"5":0,"6":0,"7":1,"8":0,"9":0,"10":1,"11":0,"12":1,"13":0,"14":1,"15":0,"16":1,"17":0,"18":0,"19":1,"20":2},"f":{"0":1,"1":0,"2":0},"b":{"0":[1,0],"1":[1,1],"2":[0,1],"3":[0,1],"4":[0,1],"5":[0,1],"6":[0,1],"7":[0,1],"8":[1,0],"9":[1,0],"10":[1,0]},"_coverageSchema":"1a1c01bbd47fc00a2c39e90264f33305004495a9","hash":"47bb8a4945f5b3acadd431b97ddac87930eb6e32"}
,"C:\\Users\\lenov\\Desktop\\placement coordination system\\server\\middleware\\rateLimiter.js": {"path":"C:\\Users\\lenov\\Desktop\\placement coordination system\\server\\middleware\\rateLimiter.js","statementMap":{"0":{"start":{"line":1,"column":18},"end":{"line":1,"column":47}},"1":{"start":{"line":4,"column":16},"end":{"line":9,"column":1}},"2":{"start":{"line":5,"column":2},"end":{"line":8,"column":5}},"3":{"start":{"line":12,"column":22},"end":{"line":20,"column":1}},"4":{"start":{"line":13,"column":2},"end":{"line":19,"column":5}},"5":{"start":{"line":16,"column":27},"end":{"line":16,"column":64}},"6":{"start":{"line":23,"column":19},"end":{"line":27,"column":1}},"7":{"start":{"line":29,"column":20},"end":{"line":33,"column":1}},"8":{"start":{"line":35,"column":28},"end":{"line":39,"column":1}},"9":{"start":{"line":41,"column":0},"end":{"line":45,"column":2}}},"fnMap":{"0":{"name":"(anonymous_0)","decl":{"start":{"line":4,"column":16},"end":{"line":4,"column":17}},"loc":{"start":{"line":4,"column":45},"end":{"line":9,"column":1}},"line":4},"1":{"name":"(anonymous_1)","decl":{"start":{"line":12,"column":22},"end":{"line":12,"column":23}},"loc":{"start":{"line":12,"column":55},"end":{"line":20,"column":1}},"line":12},"2":{"name":"(anonymous_2)","decl":{"start":{"line":16,"column":13},"end":{"line":16,"column":14}},"loc":{"start":{"line":16,"column":27},"end":{"line":16,"column":64}},"line":16}},"branchMap":{},"s":{"0":2,"1":2,"2":0,"3":2,"4":6,"5":0,"6":2,"7":2,"8":2,"9":2},"f":{"0":0,"1":6,"2":0},"b":{},"_coverageSchema":"1a1c01bbd47fc00a2c39e90264f33305004495a9","hash":"654bcff5e9b864d17f81c9f0c7d73034bb54b41c"}
,"C:\\Users\\lenov\\Desktop\\placement coordination system\\server\\models\\JobPosting.js": {"path":"C:\\Users\\lenov\\Desktop\\placement coordination system\\server\\models\\JobPosting.js","statementMap":{"0":{"start":{"line":1,"column":17},"end":{"line":1,"column":36}},"1":{"start":{"line":3,"column":25},"end":{"line":88,"column":2}},"2":{"start":{"line":91,"column":0},"end":{"line":91,"column":45}},"3":{"start":{"line":92,"column":0},"end":{"line":92,"column":38}},"4":{"start":{"line":93,"column":0},"end":{"line":93,"column":40}},"5":{"start":{"line":94,"column":0},"end":{"line":94,"column":53}},"6":{"start":{"line":95,"column":0},"end":{"line":95,"column":42}},"7":{"start":{"line":96,"column":0},"end":{"line":96,"column":49}},"8":{"start":{"line":99,"column":0},"end":{"line":106,"column":3}},"9":{"start":{"line":100,"column":2},"end":{"line":100,"column":31}},"10":{"start":{"line":100,"column":22},"end":{"line":100,"column":31}},"11":{"start":{"line":101,"column":16},"end":{"line":101,"column":26}},"12":{"start":{"line":102,"column":19},"end":{"line":102,"column":42}},"13":{"start":{"line":103,"column":19},"end":{"line":103,"column":35}},"14":{"start":{"line":104,"column":19},"end":{"line":104,"column":62}},"15":{"start":{"line":105,"column":2},"end":{"line":105,"column":31}},"16":{"start":{"line":109,"column":0},"end":{"line":111,"column":3}},"17":{"start":{"line":110,"column":2},"end":{"line":110,"column":32}},"18":{"start":{"line":114,"column":0},"end":{"line":116,"column":3}},"19":{"start":{"line":115,"column":2},"end":{"line":115,"column":76}},"20":{"start":{"line":115,"column":39},"end":{"line":115,"column":67}},"21":{"start":{"line":119,"column":0},"end":{"line":121,"column":2}},"22":{"start":{"line":120,"column":2},"end":{"line":120,"column":36}},"23":{"start":{"line":124,"column":0},"end":{"line":141,"column":2}},"24":{"start":{"line":126,"column":30},"end":{"line":128,"column":3}},"25":{"start":{"line":127,"column":11},"end":{"line":127,"column":60}},"26":{"start":{"line":130,"column":2},"end":{"line":132,"column":3}},"27":{"start":{"line":131,"column":4},"end":{"line":131,"column":64}},"28":{"start":{"line":134,"column":2},"end":{"line":138,"column":5}},"29":{"start":{"line":140,"column":2},"end":{"line":140,"column":21}},"30":{"start":{"line":144,"column":0},"end":{"line":155,"column":2}},"31":{"start":{"line":145,"column":22},"end":{"line":147,"column":3}},"32":{"start":{"line":146,"column":11},"end":{"line":146,"column":60}},"33":{"start":{"line":149,"column":2},"end":{"line":151,"column":3}},"34":{"start":{"line":150,"column":4},"end":{"line":150,"column":45}},"35":{"start":{"line":153,"column":2},"end":{"line":153,"column":30}},"36":{"start":{"line":154,"column":2},"end":{"line":154,"column":21}},"37":{"start":{"line":158,"column":0},"end":{"line":163,"column":3}},"38":{"start":{"line":159,"column":2},"end":{"line":161,"column":3}},"39":{"start":{"line":160,"column":4},"end":{"line":160,"column":27}},"40":{"start":{"line":162,"column":2},"end":{"line":162,"column":9}},"41":{"start":{"line":165,"column":0},"end":{"line":165,"column":64}}},"fnMap":{"0":{"name":"(anonymous_0)","decl":{"start":{"line":99,"column":46},"end":{"line":99,"column":47}},"loc":{"start":{"line":99,"column":57},"end":{"line":106,"column":1}},"line":99},"1":{"name":"(anonymous_1)","decl":{"start":{"line":109,"column":49},"end":{"line":109,"column":50}},"loc":{"start":{"line":109,"column":60},"end":{"line":111,"column":1}},"line":109},"2":{"name":"(anonymous_2)","decl":{"start":{"line":114,"column":49},"end":{"line":114,"column":50}},"loc":{"start":{"line":114,"column":60},"end":{"line":116,"column":1}},"line":114},"3":{"name":"(anonymous_3)","decl":{"start":{"line":115,"column":32},"end":{"line":115,"column":33}},"loc":{"start":{"line":115,"column":39},"end":{"line":115,"column":67}},"line":115},"4":{"name":"(anonymous_4)","decl":{"start":{"line":119,"column":37},"end":{"line":119,"column":38}},"loc":{"start":{"line":119,"column":48},"end":{"line":121,"column":1}},"line":119},"5":{"name":"(anonymous_5)","decl":{"start":{"line":124,"column":40},"end":{"line":124,"column":41}},"loc":{"start":{"line":124,"column":76},"end":{"line":141,"column":1}},"line":124},"6":{"name":"(anonymous_6)","decl":{"start":{"line":127,"column":4},"end":{"line":127,"column":5}},"loc":{"start":{"line":127,"column":11},"end":{"line":127,"column":60}},"line":127},"7":{"name":"(anonymous_7)","decl":{"start":{"line":144,"column":49},"end":{"line":144,"column":50}},"loc":{"start":{"line":144,"column":77},"end":{"line":155,"column":1}},"line":144},"8":{"name":"(anonymous_8)","decl":{"start":{"line":146,"column":4},"end":{"line":146,"column":5}},"loc":{"start":{"line":146,"column":11},"end":{"line":146,"column":60}},"line":146},"9":{"name":"(anonymous_9)","decl":{"start":{"line":158,"column":29},"end":{"line":158,"column":30}},"loc":{"start":{"line":158,"column":44},"end":{"line":163,"column":1}},"line":158}},"branchMap":{"0":{"loc":{"start":{"line":100,"column":2},"end":{"line":100,"column":31}},"type":"if","locations":[{"start":{"line":100,"column":2},"end":{"line":100,"column":31}},{"start":{},"end":{}}],"line":100},"1":{"loc":{"start":{"line":124,"column":60},"end":{"line":124,"column":74}},"type":"default-arg","locations":[{"start":{"line":124,"column":73},"end":{"line":124,"column":74}}],"line":124},"2":{"loc":{"start":{"line":130,"column":2},"end":{"line":132,"column":3}},"type":"if","locations":[{"start":{"line":130,"column":2},"end":{"line":132,"column":3}},{"start":{},"end":{}}],"line":130},"3":{"loc":{"start":{"line":149,"column":2},"end":{"line":151,"column":3}},"type":"if","locations":[{"start":{"line":149,"column":2},"end":{"line":151,"column":3}},{"start":{},"end":{}}],"line":149},"4":{"loc":{"start":{"line":159,"column":2},"end":{"line":161,"column":3}},"type":"if","locations":[{"start":{"line":159,"column":2},"end":{"line":161,"column":3}},{"start":{},"end":{}}],"line":159},"5":{"loc":{"start":{"line":159,"column":6},"end":{"line":159,"column":48}},"type":"binary-expr","locations":[{"start":{"line":159,"column":6},"end":{"line":159,"column":22}},{"start":{"line":159,"column":26},"end":{"line":159,"column":48}}],"line":159}},"s":{"0":3,"1":3,"2":3,"3":3,"4":3,"5":3,"6":3,"7":3,"8":3,"9":0,"10":0,"11":0,"12":0,"13":0,"14":0,"15":0,"16":3,"17":0,"18":3,"19":0,"20":0,"21":3,"22":12,"23":3,"24":0,"25":0,"26":0,"27":0,"28":0,"29":0,"30":3,"31":0,"32":0,"33":0,"34":0,"35":0,"36":0,"37":3,"38":12,"39":0,"40":12,"41":3},"f":{"0":0,"1":0,"2":0,"3":0,"4":12,"5":0,"6":0,"7":0,"8":0,"9":12},"b":{"0":[0,0],"1":[0],"2":[0,0],"3":[0,0],"4":[0,12],"5":[12,0]},"_coverageSchema":"1a1c01bbd47fc00a2c39e90264f33305004495a9","hash":"fb23f3b4beb963f06a462cc9d49e9eeb9108930f"}
,"C:\\Users\\lenov\\Desktop\\placement coordination system\\server\\models\\Notification.js": {"path":"C:\\Users\\lenov\\Desktop\\placement coordination system\\server\\models\\Notification.js","statementMap":{"0":{"start":{"line":1,"column":17},"end":{"line":1,"column":36}},"1":{"start":{"line":3,"column":27},"end":{"line":64,"column":2}},"2":{"start":{"line":60,"column":19},"end":{"line":60,"column":66}},"3":{"start":{"line":67,"column":0},"end":{"line":67,"column":55}},"4":{"start":{"line":68,"column":0},"end":{"line":68,"column":51}},"5":{"start":{"line":69,"column":0},"end":{"line":69,"column":38}},"6":{"start":{"line":70,"column":0},"end":{"line":70,"column":70}},"7":{"start":{"line":73,"column":0},"end":{"line":77,"column":2}},"8":{"start":{"line":74,"column":2},"end":{"line":74,"column":21}},"9":{"start":{"line":75,"column":2},"end":{"line":75,"column":27}},"10":{"start":{"line":76,"column":2},"end":{"line":76,"column":21}},"11":{"start":{"line":80,"column":0},"end":{"line":88,"column":2}},"12":{"start":{"line":81,"column":23},"end":{"line":81,"column":37}},"13":{"start":{"line":82,"column":2},"end":{"line":82,"column":28}},"14":{"start":{"line":87,"column":2},"end":{"line":87,"column":22}},"15":{"start":{"line":91,"column":0},"end":{"line":103,"column":2}},"16":{"start":{"line":92,"column":2},"end":{"line":102,"column":4}},"17":{"start":{"line":106,"column":0},"end":{"line":108,"column":2}},"18":{"start":{"line":107,"column":2},"end":{"line":107,"column":56}},"19":{"start":{"line":110,"column":0},"end":{"line":110,"column":68}}},"fnMap":{"0":{"name":"(anonymous_0)","decl":{"start":{"line":60,"column":13},"end":{"line":60,"column":14}},"loc":{"start":{"line":60,"column":19},"end":{"line":60,"column":66}},"line":60},"1":{"name":"(anonymous_1)","decl":{"start":{"line":73,"column":40},"end":{"line":73,"column":41}},"loc":{"start":{"line":73,"column":51},"end":{"line":77,"column":1}},"line":73},"2":{"name":"(anonymous_2)","decl":{"start":{"line":80,"column":48},"end":{"line":80,"column":49}},"loc":{"start":{"line":80,"column":69},"end":{"line":88,"column":1}},"line":80},"3":{"name":"(anonymous_3)","decl":{"start":{"line":91,"column":48},"end":{"line":91,"column":49}},"loc":{"start":{"line":91,"column":88},"end":{"line":103,"column":1}},"line":91},"4":{"name":"(anonymous_4)","decl":{"start":{"line":106,"column":44},"end":{"line":106,"column":45}},"loc":{"start":{"line":106,"column":67},"end":{"line":108,"column":1}},"line":106}},"branchMap":{},"s":{"0":2,"1":2,"2":0,"3":2,"4":2,"5":2,"6":2,"7":2,"8":0,"9":0,"10":0,"11":2,"12":0,"13":0,"14":0,"15":2,"16":0,"17":2,"18":0,"19":2},"f":{"0":0,"1":0,"2":0,"3":0,"4":0},"b":{},"_coverageSchema":"1a1c01bbd47fc00a2c39e90264f33305004495a9","hash":"33a77277aeae94e85a5a45bd34120b1d695ac5a4"}
,"C:\\Users\\lenov\\Desktop\\placement coordination system\\server\\models\\StudentEvaluation.js": {"path":"C:\\Users\\lenov\\Desktop\\placement coordination system\\server\\models\\StudentEvaluation.js","statementMap":{"0":{"start":{"line":1,"column":17},"end":{"line":1,"column":36}},"1":{"start":{"line":3,"column":24},"end":{"line":3,"column":73}},"2":{"start":{"line":5,"column":32},"end":{"line":71,"column":2}},"3":{"start":{"line":73,"column":0},"end":{"line":76,"column":2}},"4":{"start":{"line":78,"column":0},"end":{"line":78,"column":78}}},"fnMap":{},"branchMap":{},"s":{"0":2,"1":2,"2":2,"3":2,"4":2},"f":{},"b":{},"_coverageSchema":"1a1c01bbd47fc00a2c39e90264f33305004495a9","hash":"6e5bead86fb8c724acc395a037b4facf340a297d"}
,"C:\\Users\\lenov\\Desktop\\placement coordination system\\server\\models\\StudentProfile.js": {"path":"C:\\Users\\lenov\\Desktop\\placement coordination system\\server\\models\\StudentProfile.js","statementMap":{"0":{"start":{"line":1,"column":17},"end":{"line":1,"column":36}},"1":{"start":{"line":3,"column":29},"end":{"line":84,"column":2}},"2":{"start":{"line":87,"column":0},"end":{"line":87,"column":42}},"3":{"start":{"line":88,"column":0},"end":{"line":88,"column":42}},"4":{"start":{"line":89,"column":0},"end":{"line":89,"column":41}},"5":{"start":{"line":90,"column":0},"end":{"line":90,"column":64}},"6":{"start":{"line":91,"column":0},"end":{"line":91,"column":51}},"7":{"start":{"line":92,"column":0},"end":{"line":92,"column":49}},"8":{"start":{"line":95,"column":0},"end":{"line":122,"column":2}},"9":{"start":{"line":96,"column":18},"end":{"line":96,"column":19}},"10":{"start":{"line":97,"column":21},"end":{"line":97,"column":22}},"11":{"start":{"line":100,"column":2},"end":{"line":106,"column":3}},"12":{"start":{"line":101,"column":27},"end":{"line":104,"column":9}},"13":{"start":{"line":102,"column":25},"end":{"line":102,"column":59}},"14":{"start":{"line":103,"column":6},"end":{"line":103,"column":30}},"15":{"start":{"line":105,"column":4},"end":{"line":105,"column":51}},"16":{"start":{"line":109,"column":2},"end":{"line":113,"column":3}},"17":{"start":{"line":110,"column":24},"end":{"line":110,"column":91}},"18":{"start":{"line":110,"column":68},"end":{"line":110,"column":87}},"19":{"start":{"line":111,"column":22},"end":{"line":111,"column":62}},"20":{"start":{"line":112,"column":4},"end":{"line":112,"column":40}},"21":{"start":{"line":116,"column":2},"end":{"line":116,"column":77}},"22":{"start":{"line":119,"column":2},"end":{"line":119,"column":92}},"23":{"start":{"line":121,"column":2},"end":{"line":121,"column":29}},"24":{"start":{"line":125,"column":0},"end":{"line":128,"column":3}},"25":{"start":{"line":126,"column":2},"end":{"line":126,"column":33}},"26":{"start":{"line":127,"column":2},"end":{"line":127,"column":9}},"27":{"start":{"line":131,"column":0},"end":{"line":134,"column":3}},"28":{"start":{"line":132,"column":2},"end":{"line":132,"column":52}},"29":{"start":{"line":132,"column":40},"end":{"line":132,"column":52}},"30":{"start":{"line":133,"column":2},"end":{"line":133,"column":61}},"31":{"start":{"line":137,"column":0},"end":{"line":141,"column":2}},"32":{"start":{"line":138,"column":2},"end":{"line":138,"column":28}},"33":{"start":{"line":139,"column":2},"end":{"line":139,"column":33}},"34":{"start":{"line":140,"column":2},"end":{"line":140,"column":21}},"35":{"start":{"line":144,"column":0},"end":{"line":148,"column":2}},"36":{"start":{"line":145,"column":2},"end":{"line":145,"column":39}},"37":{"start":{"line":146,"column":2},"end":{"line":146,"column":33}},"38":{"start":{"line":147,"column":2},"end":{"line":147,"column":21}},"39":{"start":{"line":150,"column":0},"end":{"line":150,"column":72}}},"fnMap":{"0":{"name":"(anonymous_0)","decl":{"start":{"line":95,"column":55},"end":{"line":95,"column":56}},"loc":{"start":{"line":95,"column":66},"end":{"line":122,"column":1}},"line":95},"1":{"name":"(anonymous_1)","decl":{"start":{"line":101,"column":45},"end":{"line":101,"column":46}},"loc":{"start":{"line":101,"column":60},"end":{"line":104,"column":5}},"line":101},"2":{"name":"(anonymous_2)","decl":{"start":{"line":110,"column":51},"end":{"line":110,"column":52}},"loc":{"start":{"line":110,"column":68},"end":{"line":110,"column":87}},"line":110},"3":{"name":"(anonymous_3)","decl":{"start":{"line":125,"column":33},"end":{"line":125,"column":34}},"loc":{"start":{"line":125,"column":48},"end":{"line":128,"column":1}},"line":125},"4":{"name":"(anonymous_4)","decl":{"start":{"line":131,"column":56},"end":{"line":131,"column":57}},"loc":{"start":{"line":131,"column":67},"end":{"line":134,"column":1}},"line":131},"5":{"name":"(anonymous_5)","decl":{"start":{"line":137,"column":39},"end":{"line":137,"column":40}},"loc":{"start":{"line":137,"column":58},"end":{"line":141,"column":1}},"line":137},"6":{"name":"(anonymous_6)","decl":{"start":{"line":144,"column":48},"end":{"line":144,"column":49}},"loc":{"start":{"line":144,"column":69},"end":{"line":148,"column":1}},"line":144}},"branchMap":{"0":{"loc":{"start":{"line":100,"column":2},"end":{"line":106,"column":3}},"type":"if","locations":[{"start":{"line":100,"column":2},"end":{"line":106,"column":3}},{"start":{},"end":{}}],"line":100},"1":{"loc":{"start":{"line":109,"column":2},"end":{"line":113,"column":3}},"type":"if","locations":[{"start":{"line":109,"column":2},"end":{"line":113,"column":3}},{"start":{},"end":{}}],"line":109},"2":{"loc":{"start":{"line":119,"column":27},"end":{"line":119,"column":91}},"type":"binary-expr","locations":[{"start":{"line":119,"column":27},"end":{"line":119,"column":52}},{"start":{"line":119,"column":56},"end":{"line":119,"column":91}}],"line":119},"3":{"loc":{"start":{"line":132,"column":2},"end":{"line":132,"column":52}},"type":"if","locations":[{"start":{"line":132,"column":2},"end":{"line":132,"column":52}},{"start":{},"end":{}}],"line":132}},"s":{"0":3,"1":3,"2":3,"3":3,"4":3,"5":3,"6":3,"7":3,"8":3,"9":27,"10":27,"11":27,"12":11,"13":22,"14":22,"15":11,"16":27,"17":11,"18":22,"19":11,"20":11,"21":27,"22":27,"23":27,"24":3,"25":27,"26":27,"27":3,"28":0,"29":0,"30":0,"31":3,"32":0,"33":0,"34":0,"35":3,"36":0,"37":0,"38":0,"39":3},"f":{"0":27,"1":22,"2":22,"3":27,"4":0,"5":0,"6":0},"b":{"0":[11,16],"1":[11,16],"2":[27,11],"3":[0,0]},"_coverageSchema":"1a1c01bbd47fc00a2c39e90264f33305004495a9","hash":"ee862ce9b8c070b8d5ca6a2b5b56355a2c5ece12"}
,"C:\\Users\\lenov\\Desktop\\placement coordination system\\server\\models\\TrainerEvaluation.js": {"path":"C:\\Users\\lenov\\Desktop\\placement coordination system\\server\\models\\TrainerEvaluation.js","statementMap":{"0":{"start":{"line":1,"column":17},"end":{"line":1,"column":36}},"1":{"start":{"line":3,"column":32},"end":{"line":68,"column":2}},"2":{"start":{"line":71,"column":0},"end":{"line":71,"column":48}},"3":{"start":{"line":72,"column":0},"end":{"line":72,"column":48}},"4":{"start":{"line":73,"column":0},"end":{"line":73,"column":54}},"5":{"start":{"line":74,"column":0},"end":{"line":74,"column":62}},"6":{"start":{"line":77,"column":0},"end":{"line":81,"column":3}},"7":{"start":{"line":78,"column":2},"end":{"line":78,"column":50}},"8":{"start":{"line":78,"column":41},"end":{"line":78,"column":50}},"9":{"start":{"line":79,"column":16},"end":{"line":79,"column":81}},"10":{"start":{"line":79,"column":60},"end":{"line":79,"column":77}},"11":{"start":{"line":80,"column":2},"end":{"line":80,"column":57}},"12":{"start":{"line":84,"column":0},"end":{"line":97,"column":2}},"13":{"start":{"line":85,"column":21},"end":{"line":91,"column":40}},"14":{"start":{"line":91,"column":20},"end":{"line":91,"column":39}},"15":{"start":{"line":93,"column":2},"end":{"line":93,"column":62}},"16":{"start":{"line":93,"column":31},"end":{"line":93,"column":62}},"17":{"start":{"line":95,"column":27},"end":{"line":95,"column":96}},"18":{"start":{"line":95,"column":61},"end":{"line":95,"column":72}},"19":{"start":{"line":96,"column":2},"end":{"line":96,"column":43}},"20":{"start":{"line":99,"column":0},"end":{"line":99,"column":78}}},"fnMap":{"0":{"name":"(anonymous_0)","decl":{"start":{"line":77,"column":57},"end":{"line":77,"column":58}},"loc":{"start":{"line":77,"column":68},"end":{"line":81,"column":1}},"line":77},"1":{"name":"(anonymous_1)","decl":{"start":{"line":79,"column":44},"end":{"line":79,"column":45}},"loc":{"start":{"line":79,"column":60},"end":{"line":79,"column":77}},"line":79},"2":{"name":"(anonymous_2)","decl":{"start":{"line":84,"column":62},"end":{"line":84,"column":63}},"loc":{"start":{"line":84,"column":73},"end":{"line":97,"column":1}},"line":84},"3":{"name":"(anonymous_3)","decl":{"start":{"line":91,"column":11},"end":{"line":91,"column":12}},"loc":{"start":{"line":91,"column":20},"end":{"line":91,"column":39}},"line":91},"4":{"name":"(anonymous_4)","decl":{"start":{"line":95,"column":45},"end":{"line":95,"column":46}},"loc":{"start":{"line":95,"column":61},"end":{"line":95,"column":72}},"line":95}},"branchMap":{"0":{"loc":{"start":{"line":78,"column":2},"end":{"line":78,"column":50}},"type":"if","locations":[{"start":{"line":78,"column":2},"end":{"line":78,"column":50}},{"start":{},"end":{}}],"line":78},"1":{"loc":{"start":{"line":93,"column":2},"end":{"line":93,"column":62}},"type":"if","locations":[{"start":{"line":93,"column":2},"end":{"line":93,"column":62}},{"start":{},"end":{}}],"line":93}},"s":{"0":2,"1":2,"2":2,"3":2,"4":2,"5":2,"6":2,"7":0,"8":0,"9":0,"10":0,"11":0,"12":2,"13":0,"14":0,"15":0,"16":0,"17":0,"18":0,"19":0,"20":2},"f":{"0":0,"1":0,"2":0,"3":0,"4":0},"b":{"0":[0,0],"1":[0,0]},"_coverageSchema":"1a1c01bbd47fc00a2c39e90264f33305004495a9","hash":"a68a32a962f4ee84222b5a16eb2d3eedf13b8c66"}
,"C:\\Users\\lenov\\Desktop\\placement coordination system\\server\\models\\User.js": {"path":"C:\\Users\\lenov\\Desktop\\placement coordination system\\server\\models\\User.js","statementMap":{"0":{"start":{"line":1,"column":17},"end":{"line":1,"column":36}},"1":{"start":{"line":2,"column":15},"end":{"line":2,"column":34}},"2":{"start":{"line":4,"column":19},"end":{"line":50,"column":2}},"3":{"start":{"line":31,"column":27},"end":{"line":31,"column":58}},"4":{"start":{"line":45,"column":6},"end":{"line":45,"column":30}},"5":{"start":{"line":46,"column":6},"end":{"line":46,"column":31}},"6":{"start":{"line":47,"column":6},"end":{"line":47,"column":17}},"7":{"start":{"line":53,"column":0},"end":{"line":53,"column":31}},"8":{"start":{"line":56,"column":0},"end":{"line":58,"column":3}},"9":{"start":{"line":57,"column":2},"end":{"line":57,"column":48}},"10":{"start":{"line":61,"column":0},"end":{"line":71,"column":3}},"11":{"start":{"line":62,"column":2},"end":{"line":62,"column":54}},"12":{"start":{"line":62,"column":40},"end":{"line":62,"column":54}},"13":{"start":{"line":64,"column":2},"end":{"line":70,"column":3}},"14":{"start":{"line":65,"column":17},"end":{"line":65,"column":41}},"15":{"start":{"line":66,"column":4},"end":{"line":66,"column":67}},"16":{"start":{"line":67,"column":4},"end":{"line":67,"column":11}},"17":{"start":{"line":69,"column":4},"end":{"line":69,"column":16}},"18":{"start":{"line":74,"column":0},"end":{"line":76,"column":2}},"19":{"start":{"line":75,"column":2},"end":{"line":75,"column":62}},"20":{"start":{"line":79,"column":0},"end":{"line":86,"column":2}},"21":{"start":{"line":80,"column":2},"end":{"line":80,"column":33}},"22":{"start":{"line":82,"column":2},"end":{"line":84,"column":3}},"23":{"start":{"line":83,"column":4},"end":{"line":83,"column":54}},"24":{"start":{"line":85,"column":2},"end":{"line":85,"column":21}},"25":{"start":{"line":89,"column":0},"end":{"line":92,"column":2}},"26":{"start":{"line":90,"column":2},"end":{"line":90,"column":67}},"27":{"start":{"line":90,"column":54},"end":{"line":90,"column":65}},"28":{"start":{"line":91,"column":2},"end":{"line":91,"column":21}},"29":{"start":{"line":94,"column":0},"end":{"line":94,"column":52}}},"fnMap":{"0":{"name":"(anonymous_0)","decl":{"start":{"line":31,"column":14},"end":{"line":31,"column":15}},"loc":{"start":{"line":31,"column":25},"end":{"line":31,"column":60}},"line":31},"1":{"name":"(anonymous_1)","decl":{"start":{"line":44,"column":15},"end":{"line":44,"column":16}},"loc":{"start":{"line":44,"column":34},"end":{"line":48,"column":5}},"line":44},"2":{"name":"(anonymous_2)","decl":{"start":{"line":56,"column":35},"end":{"line":56,"column":36}},"loc":{"start":{"line":56,"column":46},"end":{"line":58,"column":1}},"line":56},"3":{"name":"(anonymous_3)","decl":{"start":{"line":61,"column":23},"end":{"line":61,"column":24}},"loc":{"start":{"line":61,"column":44},"end":{"line":71,"column":1}},"line":61},"4":{"name":"(anonymous_4)","decl":{"start":{"line":74,"column":37},"end":{"line":74,"column":38}},"loc":{"start":{"line":74,"column":71},"end":{"line":76,"column":1}},"line":74},"5":{"name":"(anonymous_5)","decl":{"start":{"line":79,"column":37},"end":{"line":79,"column":38}},"loc":{"start":{"line":79,"column":53},"end":{"line":86,"column":1}},"line":79},"6":{"name":"(anonymous_6)","decl":{"start":{"line":89,"column":40},"end":{"line":89,"column":41}},"loc":{"start":{"line":89,"column":56},"end":{"line":92,"column":1}},"line":89},"7":{"name":"(anonymous_7)","decl":{"start":{"line":90,"column":49},"end":{"line":90,"column":50}},"loc":{"start":{"line":90,"column":54},"end":{"line":90,"column":65}},"line":90}},"branchMap":{"0":{"loc":{"start":{"line":62,"column":2},"end":{"line":62,"column":54}},"type":"if","locations":[{"start":{"line":62,"column":2},"end":{"line":62,"column":54}},{"start":{},"end":{}}],"line":62},"1":{"loc":{"start":{"line":82,"column":2},"end":{"line":84,"column":3}},"type":"if","locations":[{"start":{"line":82,"column":2},"end":{"line":84,"column":3}},{"start":{},"end":{}}],"line":82}},"s":{"0":3,"1":3,"2":3,"3":35,"4":7,"5":7,"6":7,"7":3,"8":3,"9":0,"10":3,"11":35,"12":7,"13":28,"14":28,"15":28,"16":28,"17":0,"18":3,"19":2,"20":3,"21":6,"22":6,"23":0,"24":6,"25":3,"26":0,"27":0,"28":0,"29":3},"f":{"0":35,"1":7,"2":0,"3":35,"4":2,"5":6,"6":0,"7":0},"b":{"0":[7,28],"1":[0,6]},"_coverageSchema":"1a1c01bbd47fc00a2c39e90264f33305004495a9","hash":"da30b36954b3179f982d1057af3b8850ce2f6880"}
,"C:\\Users\\lenov\\Desktop\\placement coordination system\\server\\routes\\auth.js": {"path":"C:\\Users\\lenov\\Desktop\\placement coordination system\\server\\routes\\auth.js","statementMap":{"0":{"start":{"line":1,"column":16},"end":{"line":1,"column":34}},"1":{"start":{"line":2,"column":12},"end":{"line":2,"column":26}},"2":{"start":{"line":3,"column":20},"end":{"line":3,"column":54}},"3":{"start":{"line":4,"column":25},"end":{"line":4,"column":54}},"4":{"start":{"line":5,"column":45},"end":{"line":5,"column":81}},"5":{"start":{"line":7,"column":15},"end":{"line":7,"column":31}},"6":{"start":{"line":10,"column":23},"end":{"line":43,"column":2}},"7":{"start":{"line":45,"column":20},"end":{"line":48,"column":2}},"8":{"start":{"line":50,"column":27},"end":{"line":52,"column":2}},"9":{"start":{"line":54,"column":29},"end":{"line":57,"column":2}},"10":{"start":{"line":64,"column":0},"end":{"line":105,"column":3}},"11":{"start":{"line":65,"column":2},"end":{"line":104,"column":3}},"12":{"start":{"line":67,"column":29},"end":{"line":67,"column":62}},"13":{"start":{"line":68,"column":4},"end":{"line":74,"column":5}},"14":{"start":{"line":69,"column":6},"end":{"line":73,"column":9}},"15":{"start":{"line":72,"column":45},"end":{"line":72,"column":59}},"16":{"start":{"line":77,"column":19},"end":{"line":77,"column":52}},"17":{"start":{"line":80,"column":21},"end":{"line":86,"column":5}},"18":{"start":{"line":89,"column":4},"end":{"line":92,"column":5}},"19":{"start":{"line":90,"column":6},"end":{"line":90,"column":53}},"20":{"start":{"line":91,"column":6},"end":{"line":91,"column":55}},"21":{"start":{"line":94,"column":4},"end":{"line":94,"column":35}},"22":{"start":{"line":96,"column":4},"end":{"line":101,"column":5}},"23":{"start":{"line":97,"column":6},"end":{"line":100,"column":9}},"24":{"start":{"line":103,"column":4},"end":{"line":103,"column":16}},"25":{"start":{"line":112,"column":0},"end":{"line":145,"column":3}},"26":{"start":{"line":113,"column":2},"end":{"line":144,"column":3}},"27":{"start":{"line":115,"column":29},"end":{"line":115,"column":59}},"28":{"start":{"line":116,"column":4},"end":{"line":122,"column":5}},"29":{"start":{"line":117,"column":6},"end":{"line":121,"column":9}},"30":{"start":{"line":120,"column":45},"end":{"line":120,"column":59}},"31":{"start":{"line":125,"column":19},"end":{"line":125,"column":71}},"32":{"start":{"line":127,"column":4},"end":{"line":135,"column":7}},"33":{"start":{"line":137,"column":4},"end":{"line":142,"column":5}},"34":{"start":{"line":138,"column":6},"end":{"line":141,"column":9}},"35":{"start":{"line":143,"column":4},"end":{"line":143,"column":16}},"36":{"start":{"line":152,"column":0},"end":{"line":181,"column":3}},"37":{"start":{"line":153,"column":2},"end":{"line":180,"column":3}},"38":{"start":{"line":155,"column":29},"end":{"line":155,"column":66}},"39":{"start":{"line":156,"column":4},"end":{"line":162,"column":5}},"40":{"start":{"line":157,"column":6},"end":{"line":161,"column":9}},"41":{"start":{"line":160,"column":45},"end":{"line":160,"column":59}},"42":{"start":{"line":165,"column":19},"end":{"line":165,"column":69}},"43":{"start":{"line":167,"column":4},"end":{"line":171,"column":7}},"44":{"start":{"line":173,"column":4},"end":{"line":178,"column":5}},"45":{"start":{"line":174,"column":6},"end":{"line":177,"column":9}},"46":{"start":{"line":179,"column":4},"end":{"line":179,"column":16}},"47":{"start":{"line":188,"column":0},"end":{"line":201,"column":3}},"48":{"start":{"line":189,"column":2},"end":{"line":200,"column":3}},"49":{"start":{"line":190,"column":25},"end":{"line":190,"column":46}},"50":{"start":{"line":192,"column":4},"end":{"line":192,"column":57}},"51":{"start":{"line":194,"column":4},"end":{"line":197,"column":7}},"52":{"start":{"line":199,"column":4},"end":{"line":199,"column":16}},"53":{"start":{"line":208,"column":0},"end":{"line":239,"column":3}},"54":{"start":{"line":209,"column":2},"end":{"line":238,"column":3}},"55":{"start":{"line":211,"column":29},"end":{"line":211,"column":68}},"56":{"start":{"line":212,"column":4},"end":{"line":218,"column":5}},"57":{"start":{"line":213,"column":6},"end":{"line":217,"column":9}},"58":{"start":{"line":216,"column":45},"end":{"line":216,"column":59}},"59":{"start":{"line":220,"column":4},"end":{"line":224,"column":6}},"60":{"start":{"line":226,"column":4},"end":{"line":229,"column":7}},"61":{"start":{"line":231,"column":4},"end":{"line":236,"column":5}},"62":{"start":{"line":232,"column":6},"end":{"line":235,"column":9}},"63":{"start":{"line":237,"column":4},"end":{"line":237,"column":16}},"64":{"start":{"line":246,"column":0},"end":{"line":257,"column":3}},"65":{"start":{"line":247,"column":2},"end":{"line":256,"column":3}},"66":{"start":{"line":248,"column":20},"end":{"line":248,"column":66}},"67":{"start":{"line":250,"column":4},"end":{"line":253,"column":7}},"68":{"start":{"line":255,"column":4},"end":{"line":255,"column":16}},"69":{"start":{"line":259,"column":0},"end":{"line":259,"column":24}}},"fnMap":{"0":{"name":"(anonymous_0)","decl":{"start":{"line":64,"column":46},"end":{"line":64,"column":47}},"loc":{"start":{"line":64,"column":72},"end":{"line":105,"column":1}},"line":64},"1":{"name":"(anonymous_1)","decl":{"start":{"line":72,"column":35},"end":{"line":72,"column":36}},"loc":{"start":{"line":72,"column":45},"end":{"line":72,"column":59}},"line":72},"2":{"name":"(anonymous_2)","decl":{"start":{"line":112,"column":35},"end":{"line":112,"column":36}},"loc":{"start":{"line":112,"column":61},"end":{"line":145,"column":1}},"line":112},"3":{"name":"(anonymous_3)","decl":{"start":{"line":120,"column":35},"end":{"line":120,"column":36}},"loc":{"start":{"line":120,"column":45},"end":{"line":120,"column":59}},"line":120},"4":{"name":"(anonymous_4)","decl":{"start":{"line":152,"column":24},"end":{"line":152,"column":25}},"loc":{"start":{"line":152,"column":50},"end":{"line":181,"column":1}},"line":152},"5":{"name":"(anonymous_5)","decl":{"start":{"line":160,"column":35},"end":{"line":160,"column":36}},"loc":{"start":{"line":160,"column":45},"end":{"line":160,"column":59}},"line":160},"6":{"name":"(anonymous_6)","decl":{"start":{"line":188,"column":37},"end":{"line":188,"column":38}},"loc":{"start":{"line":188,"column":63},"end":{"line":201,"column":1}},"line":188},"7":{"name":"(anonymous_7)","decl":{"start":{"line":208,"column":46},"end":{"line":208,"column":47}},"loc":{"start":{"line":208,"column":72},"end":{"line":239,"column":1}},"line":208},"8":{"name":"(anonymous_8)","decl":{"start":{"line":216,"column":35},"end":{"line":216,"column":36}},"loc":{"start":{"line":216,"column":45},"end":{"line":216,"column":59}},"line":216},"9":{"name":"(anonymous_9)","decl":{"start":{"line":246,"column":32},"end":{"line":246,"column":33}},"loc":{"start":{"line":246,"column":58},"end":{"line":257,"column":1}},"line":246}},"branchMap":{"0":{"loc":{"start":{"line":68,"column":4},"end":{"line":74,"column":5}},"type":"if","locations":[{"start":{"line":68,"column":4},"end":{"line":74,"column":5}},{"start":{},"end":{}}],"line":68},"1":{"loc":{"start":{"line":82,"column":15},"end":{"line":82,"column":59}},"type":"binary-expr","locations":[{"start":{"line":82,"column":15},"end":{"line":82,"column":29}},{"start":{"line":82,"column":33},"end":{"line":82,"column":59}}],"line":82},"2":{"loc":{"start":{"line":89,"column":4},"end":{"line":92,"column":5}},"type":"if","locations":[{"start":{"line":89,"column":4},"end":{"line":92,"column":5}},{"start":{},"end":{}}],"line":89},"3":{"loc":{"start":{"line":89,"column":8},"end":{"line":89,"column":49}},"type":"binary-expr","locations":[{"start":{"line":89,"column":8},"end":{"line":89,"column":26}},{"start":{"line":89,"column":30},"end":{"line":89,"column":49}}],"line":89},"4":{"loc":{"start":{"line":96,"column":4},"end":{"line":101,"column":5}},"type":"if","locations":[{"start":{"line":96,"column":4},"end":{"line":101,"column":5}},{"start":{},"end":{}}],"line":96},"5":{"loc":{"start":{"line":116,"column":4},"end":{"line":122,"column":5}},"type":"if","locations":[{"start":{"line":116,"column":4},"end":{"line":122,"column":5}},{"start":{},"end":{}}],"line":116},"6":{"loc":{"start":{"line":137,"column":4},"end":{"line":142,"column":5}},"type":"if","locations":[{"start":{"line":137,"column":4},"end":{"line":142,"column":5}},{"start":{},"end":{}}],"line":137},"7":{"loc":{"start":{"line":156,"column":4},"end":{"line":162,"column":5}},"type":"if","locations":[{"start":{"line":156,"column":4},"end":{"line":162,"column":5}},{"start":{},"end":{}}],"line":156},"8":{"loc":{"start":{"line":173,"column":4},"end":{"line":178,"column":5}},"type":"if","locations":[{"start":{"line":173,"column":4},"end":{"line":178,"column":5}},{"start":{},"end":{}}],"line":173},"9":{"loc":{"start":{"line":212,"column":4},"end":{"line":218,"column":5}},"type":"if","locations":[{"start":{"line":212,"column":4},"end":{"line":218,"column":5}},{"start":{},"end":{}}],"line":212},"10":{"loc":{"start":{"line":231,"column":4},"end":{"line":236,"column":5}},"type":"if","locations":[{"start":{"line":231,"column":4},"end":{"line":236,"column":5}},{"start":{},"end":{}}],"line":231}},"s":{"0":2,"1":2,"2":2,"3":2,"4":2,"5":2,"6":2,"7":2,"8":2,"9":2,"10":2,"11":8,"12":8,"13":8,"14":1,"15":1,"16":7,"17":6,"18":6,"19":6,"20":6,"21":6,"22":1,"23":1,"24":0,"25":2,"26":3,"27":3,"28":3,"29":0,"30":0,"31":3,"32":0,"33":3,"34":2,"35":1,"36":2,"37":0,"38":0,"39":0,"40":0,"41":0,"42":0,"43":0,"44":0,"45":0,"46":0,"47":2,"48":0,"49":0,"50":0,"51":0,"52":0,"53":2,"54":0,"55":0,"56":0,"57":0,"58":0,"59":0,"60":0,"61":0,"62":0,"63":0,"64":2,"65":1,"66":1,"67":1,"68":0,"69":2},"f":{"0":8,"1":1,"2":3,"3":0,"4":0,"5":0,"6":0,"7":0,"8":0,"9":1},"b":{"0":[1,7],"1":[6,6],"2":[6,0],"3":[6,6],"4":[1,0],"5":[0,3],"6":[2,1],"7":[0,0],"8":[0,0],"9":[0,0],"10":[0,0]},"_coverageSchema":"1a1c01bbd47fc00a2c39e90264f33305004495a9","hash":"ff5a48c6e9dbde1f63c22679b4443c0c755227de"}
,"C:\\Users\\lenov\\Desktop\\placement coordination system\\server\\routes\\jobs.js": {"path":"C:\\Users\\lenov\\Desktop\\placement coordination system\\server\\routes\\jobs.js","statementMap":{"0":{"start":{"line":1,"column":16},"end":{"line":1,"column":34}},"1":{"start":{"line":2,"column":12},"end":{"line":2,"column":26}},"2":{"start":{"line":3,"column":19},"end":{"line":3,"column":50}},"3":{"start":{"line":4,"column":23},"end":{"line":4,"column":58}},"4":{"start":{"line":5,"column":21},"end":{"line":5,"column":54}},"5":{"start":{"line":6,"column":24},"end":{"line":6,"column":62}},"6":{"start":{"line":7,"column":36},"end":{"line":7,"column":65}},"7":{"start":{"line":9,"column":15},"end":{"line":9,"column":31}},"8":{"start":{"line":12,"column":24},"end":{"line":42,"column":2}},"9":{"start":{"line":44,"column":24},"end":{"line":74,"column":2}},"10":{"start":{"line":76,"column":32},"end":{"line":79,"column":2}},"11":{"start":{"line":86,"column":0},"end":{"line":138,"column":3}},"12":{"start":{"line":87,"column":2},"end":{"line":137,"column":3}},"13":{"start":{"line":89,"column":29},"end":{"line":89,"column":63}},"14":{"start":{"line":90,"column":4},"end":{"line":96,"column":5}},"15":{"start":{"line":91,"column":6},"end":{"line":95,"column":9}},"16":{"start":{"line":94,"column":45},"end":{"line":94,"column":59}},"17":{"start":{"line":99,"column":16},"end":{"line":102,"column":6}},"18":{"start":{"line":104,"column":4},"end":{"line":104,"column":21}},"19":{"start":{"line":107,"column":29},"end":{"line":107,"column":96}},"20":{"start":{"line":110,"column":26},"end":{"line":110,"column":55}},"21":{"start":{"line":112,"column":4},"end":{"line":128,"column":5}},"22":{"start":{"line":113,"column":6},"end":{"line":127,"column":9}},"23":{"start":{"line":130,"column":4},"end":{"line":134,"column":7}},"24":{"start":{"line":136,"column":4},"end":{"line":136,"column":16}},"25":{"start":{"line":145,"column":0},"end":{"line":244,"column":3}},"26":{"start":{"line":146,"column":2},"end":{"line":243,"column":3}},"27":{"start":{"line":158,"column":8},"end":{"line":158,"column":17}},"28":{"start":{"line":161,"column":18},"end":{"line":161,"column":20}},"29":{"start":{"line":163,"column":4},"end":{"line":163,"column":38}},"30":{"start":{"line":163,"column":16},"end":{"line":163,"column":38}},"31":{"start":{"line":164,"column":4},"end":{"line":164,"column":41}},"32":{"start":{"line":164,"column":17},"end":{"line":164,"column":41}},"33":{"start":{"line":165,"column":4},"end":{"line":165,"column":71}},"34":{"start":{"line":165,"column":18},"end":{"line":165,"column":71}},"35":{"start":{"line":166,"column":4},"end":{"line":166,"column":76}},"36":{"start":{"line":166,"column":17},"end":{"line":166,"column":76}},"37":{"start":{"line":167,"column":4},"end":{"line":167,"column":71}},"38":{"start":{"line":167,"column":19},"end":{"line":167,"column":71}},"39":{"start":{"line":168,"column":4},"end":{"line":168,"column":71}},"40":{"start":{"line":168,"column":19},"end":{"line":168,"column":71}},"41":{"start":{"line":169,"column":4},"end":{"line":172,"column":5}},"42":{"start":{"line":170,"column":26},"end":{"line":170,"column":43}},"43":{"start":{"line":171,"column":6},"end":{"line":171,"column":95}},"44":{"start":{"line":171,"column":69},"end":{"line":171,"column":91}},"45":{"start":{"line":173,"column":4},"end":{"line":179,"column":5}},"46":{"start":{"line":174,"column":6},"end":{"line":178,"column":8}},"47":{"start":{"line":182,"column":4},"end":{"line":197,"column":5}},"48":{"start":{"line":183,"column":29},"end":{"line":183,"column":83}},"49":{"start":{"line":184,"column":6},"end":{"line":196,"column":7}},"50":{"start":{"line":186,"column":8},"end":{"line":186,"column":74}},"51":{"start":{"line":189,"column":8},"end":{"line":195,"column":9}},"52":{"start":{"line":190,"column":10},"end":{"line":194,"column":12}},"53":{"start":{"line":200,"column":17},"end":{"line":200,"column":55}},"54":{"start":{"line":201,"column":17},"end":{"line":205,"column":29}},"55":{"start":{"line":207,"column":18},"end":{"line":207,"column":56}},"56":{"start":{"line":210,"column":25},"end":{"line":210,"column":29}},"57":{"start":{"line":211,"column":4},"end":{"line":227,"column":5}},"58":{"start":{"line":212,"column":29},"end":{"line":212,"column":90}},"59":{"start":{"line":213,"column":6},"end":{"line":226,"column":7}},"60":{"start":{"line":214,"column":8},"end":{"line":225,"column":11}},"61":{"start":{"line":215,"column":25},"end":{"line":215,"column":39}},"62":{"start":{"line":216,"column":30},"end":{"line":216,"column":122}},"63":{"start":{"line":217,"column":10},"end":{"line":217,"column":53}},"64":{"start":{"line":220,"column":10},"end":{"line":222,"column":12}},"65":{"start":{"line":221,"column":19},"end":{"line":221,"column":71}},"66":{"start":{"line":224,"column":10},"end":{"line":224,"column":24}},"67":{"start":{"line":229,"column":4},"end":{"line":240,"column":7}},"68":{"start":{"line":242,"column":4},"end":{"line":242,"column":16}},"69":{"start":{"line":251,"column":0},"end":{"line":299,"column":3}},"70":{"start":{"line":252,"column":2},"end":{"line":298,"column":3}},"71":{"start":{"line":253,"column":16},"end":{"line":255,"column":53}},"72":{"start":{"line":257,"column":4},"end":{"line":262,"column":5}},"73":{"start":{"line":258,"column":6},"end":{"line":261,"column":9}},"74":{"start":{"line":264,"column":18},"end":{"line":264,"column":32}},"75":{"start":{"line":267,"column":4},"end":{"line":287,"column":5}},"76":{"start":{"line":268,"column":29},"end":{"line":268,"column":90}},"77":{"start":{"line":269,"column":6},"end":{"line":278,"column":7}},"78":{"start":{"line":270,"column":28},"end":{"line":275,"column":9}},"79":{"start":{"line":276,"column":8},"end":{"line":276,"column":52}},"80":{"start":{"line":277,"column":8},"end":{"line":277,"column":59}},"81":{"start":{"line":281,"column":6},"end":{"line":283,"column":8}},"82":{"start":{"line":282,"column":15},"end":{"line":282,"column":71}},"83":{"start":{"line":286,"column":6},"end":{"line":286,"column":32}},"84":{"start":{"line":290,"column":4},"end":{"line":290,"column":78}},"85":{"start":{"line":292,"column":4},"end":{"line":295,"column":7}},"86":{"start":{"line":297,"column":4},"end":{"line":297,"column":16}},"87":{"start":{"line":306,"column":0},"end":{"line":346,"column":3}},"88":{"start":{"line":307,"column":2},"end":{"line":345,"column":3}},"89":{"start":{"line":309,"column":29},"end":{"line":309,"column":63}},"90":{"start":{"line":310,"column":4},"end":{"line":316,"column":5}},"91":{"start":{"line":311,"column":6},"end":{"line":315,"column":9}},"92":{"start":{"line":314,"column":45},"end":{"line":314,"column":59}},"93":{"start":{"line":318,"column":16},"end":{"line":318,"column":56}},"94":{"start":{"line":319,"column":4},"end":{"line":324,"column":5}},"95":{"start":{"line":320,"column":6},"end":{"line":323,"column":9}},"96":{"start":{"line":327,"column":4},"end":{"line":332,"column":5}},"97":{"start":{"line":328,"column":6},"end":{"line":331,"column":9}},"98":{"start":{"line":335,"column":4},"end":{"line":335,"column":30}},"99":{"start":{"line":336,"column":4},"end":{"line":336,"column":21}},"100":{"start":{"line":338,"column":4},"end":{"line":342,"column":7}},"101":{"start":{"line":344,"column":4},"end":{"line":344,"column":16}},"102":{"start":{"line":353,"column":0},"end":{"line":386,"column":3}},"103":{"start":{"line":354,"column":2},"end":{"line":385,"column":3}},"104":{"start":{"line":361,"column":8},"end":{"line":361,"column":17}},"105":{"start":{"line":363,"column":20},"end":{"line":367,"column":5}},"106":{"start":{"line":369,"column":23},"end":{"line":373,"column":6}},"107":{"start":{"line":375,"column":4},"end":{"line":382,"column":7}},"108":{"start":{"line":384,"column":4},"end":{"line":384,"column":16}},"109":{"start":{"line":393,"column":0},"end":{"line":467,"column":3}},"110":{"start":{"line":394,"column":2},"end":{"line":466,"column":3}},"111":{"start":{"line":396,"column":29},"end":{"line":396,"column":71}},"112":{"start":{"line":397,"column":4},"end":{"line":403,"column":5}},"113":{"start":{"line":398,"column":6},"end":{"line":402,"column":9}},"114":{"start":{"line":401,"column":45},"end":{"line":401,"column":59}},"115":{"start":{"line":405,"column":16},"end":{"line":405,"column":56}},"116":{"start":{"line":406,"column":4},"end":{"line":411,"column":5}},"117":{"start":{"line":407,"column":6},"end":{"line":410,"column":9}},"118":{"start":{"line":414,"column":4},"end":{"line":419,"column":5}},"119":{"start":{"line":415,"column":6},"end":{"line":418,"column":9}},"120":{"start":{"line":422,"column":29},"end":{"line":422,"column":30}},"121":{"start":{"line":423,"column":4},"end":{"line":452,"column":5}},"122":{"start":{"line":424,"column":26},"end":{"line":426,"column":7}},"123":{"start":{"line":425,"column":15},"end":{"line":425,"column":53}},"124":{"start":{"line":428,"column":6},"end":{"line":438,"column":7}},"125":{"start":{"line":429,"column":8},"end":{"line":429,"column":43}},"126":{"start":{"line":430,"column":8},"end":{"line":430,"column":27}},"127":{"start":{"line":433,"column":8},"end":{"line":437,"column":11}},"128":{"start":{"line":441,"column":6},"end":{"line":451,"column":9}},"129":{"start":{"line":454,"column":4},"end":{"line":454,"column":21}},"130":{"start":{"line":456,"column":4},"end":{"line":463,"column":7}},"131":{"start":{"line":465,"column":4},"end":{"line":465,"column":16}},"132":{"start":{"line":474,"column":0},"end":{"line":503,"column":3}},"133":{"start":{"line":475,"column":2},"end":{"line":502,"column":3}},"134":{"start":{"line":476,"column":16},"end":{"line":476,"column":56}},"135":{"start":{"line":477,"column":4},"end":{"line":482,"column":5}},"136":{"start":{"line":478,"column":6},"end":{"line":481,"column":9}},"137":{"start":{"line":485,"column":4},"end":{"line":490,"column":5}},"138":{"start":{"line":486,"column":6},"end":{"line":489,"column":9}},"139":{"start":{"line":492,"column":4},"end":{"line":492,"column":26}},"140":{"start":{"line":493,"column":4},"end":{"line":493,"column":21}},"141":{"start":{"line":495,"column":4},"end":{"line":499,"column":7}},"142":{"start":{"line":501,"column":4},"end":{"line":501,"column":16}},"143":{"start":{"line":510,"column":0},"end":{"line":583,"column":3}},"144":{"start":{"line":511,"column":2},"end":{"line":582,"column":3}},"145":{"start":{"line":512,"column":16},"end":{"line":512,"column":56}},"146":{"start":{"line":513,"column":4},"end":{"line":518,"column":5}},"147":{"start":{"line":514,"column":6},"end":{"line":517,"column":9}},"148":{"start":{"line":520,"column":4},"end":{"line":525,"column":5}},"149":{"start":{"line":521,"column":6},"end":{"line":524,"column":9}},"150":{"start":{"line":528,"column":23},"end":{"line":530,"column":5}},"151":{"start":{"line":529,"column":13},"end":{"line":529,"column":65}},"152":{"start":{"line":532,"column":4},"end":{"line":537,"column":5}},"153":{"start":{"line":533,"column":6},"end":{"line":536,"column":9}},"154":{"start":{"line":540,"column":27},"end":{"line":540,"column":81}},"155":{"start":{"line":541,"column":4},"end":{"line":546,"column":5}},"156":{"start":{"line":542,"column":6},"end":{"line":545,"column":9}},"157":{"start":{"line":548,"column":4},"end":{"line":553,"column":5}},"158":{"start":{"line":549,"column":6},"end":{"line":552,"column":9}},"159":{"start":{"line":555,"column":4},"end":{"line":560,"column":5}},"160":{"start":{"line":556,"column":6},"end":{"line":559,"column":9}},"161":{"start":{"line":563,"column":24},"end":{"line":567,"column":5}},"162":{"start":{"line":570,"column":4},"end":{"line":570,"column":65}},"163":{"start":{"line":572,"column":4},"end":{"line":579,"column":7}},"164":{"start":{"line":581,"column":4},"end":{"line":581,"column":16}},"165":{"start":{"line":590,"column":0},"end":{"line":604,"column":3}},"166":{"start":{"line":591,"column":2},"end":{"line":603,"column":3}},"167":{"start":{"line":592,"column":24},"end":{"line":595,"column":5}},"168":{"start":{"line":597,"column":4},"end":{"line":600,"column":7}},"169":{"start":{"line":602,"column":4},"end":{"line":602,"column":16}},"170":{"start":{"line":606,"column":0},"end":{"line":606,"column":24}}},"fnMap":{"0":{"name":"(anonymous_0)","decl":{"start":{"line":86,"column":59},"end":{"line":86,"column":60}},"loc":{"start":{"line":86,"column":85},"end":{"line":138,"column":1}},"line":86},"1":{"name":"(anonymous_1)","decl":{"start":{"line":94,"column":35},"end":{"line":94,"column":36}},"loc":{"start":{"line":94,"column":45},"end":{"line":94,"column":59}},"line":94},"2":{"name":"(anonymous_2)","decl":{"start":{"line":145,"column":30},"end":{"line":145,"column":31}},"loc":{"start":{"line":145,"column":56},"end":{"line":244,"column":1}},"line":145},"3":{"name":"(anonymous_3)","decl":{"start":{"line":171,"column":60},"end":{"line":171,"column":61}},"loc":{"start":{"line":171,"column":69},"end":{"line":171,"column":91}},"line":171},"4":{"name":"(anonymous_4)","decl":{"start":{"line":214,"column":34},"end":{"line":214,"column":35}},"loc":{"start":{"line":214,"column":41},"end":{"line":225,"column":9}},"line":214},"5":{"name":"(anonymous_5)","decl":{"start":{"line":221,"column":12},"end":{"line":221,"column":13}},"loc":{"start":{"line":221,"column":19},"end":{"line":221,"column":71}},"line":221},"6":{"name":"(anonymous_6)","decl":{"start":{"line":251,"column":33},"end":{"line":251,"column":34}},"loc":{"start":{"line":251,"column":59},"end":{"line":299,"column":1}},"line":251},"7":{"name":"(anonymous_7)","decl":{"start":{"line":282,"column":8},"end":{"line":282,"column":9}},"loc":{"start":{"line":282,"column":15},"end":{"line":282,"column":71}},"line":282},"8":{"name":"(anonymous_8)","decl":{"start":{"line":306,"column":61},"end":{"line":306,"column":62}},"loc":{"start":{"line":306,"column":87},"end":{"line":346,"column":1}},"line":306},"9":{"name":"(anonymous_9)","decl":{"start":{"line":314,"column":35},"end":{"line":314,"column":36}},"loc":{"start":{"line":314,"column":45},"end":{"line":314,"column":59}},"line":314},"10":{"name":"(anonymous_10)","decl":{"start":{"line":353,"column":69},"end":{"line":353,"column":70}},"loc":{"start":{"line":353,"column":95},"end":{"line":386,"column":1}},"line":353},"11":{"name":"(anonymous_11)","decl":{"start":{"line":393,"column":72},"end":{"line":393,"column":73}},"loc":{"start":{"line":393,"column":98},"end":{"line":467,"column":1}},"line":393},"12":{"name":"(anonymous_12)","decl":{"start":{"line":401,"column":35},"end":{"line":401,"column":36}},"loc":{"start":{"line":401,"column":45},"end":{"line":401,"column":59}},"line":401},"13":{"name":"(anonymous_13)","decl":{"start":{"line":425,"column":8},"end":{"line":425,"column":9}},"loc":{"start":{"line":425,"column":15},"end":{"line":425,"column":53}},"line":425},"14":{"name":"(anonymous_14)","decl":{"start":{"line":474,"column":67},"end":{"line":474,"column":68}},"loc":{"start":{"line":474,"column":93},"end":{"line":503,"column":1}},"line":474},"15":{"name":"(anonymous_15)","decl":{"start":{"line":510,"column":64},"end":{"line":510,"column":65}},"loc":{"start":{"line":510,"column":90},"end":{"line":583,"column":1}},"line":510},"16":{"name":"(anonymous_16)","decl":{"start":{"line":529,"column":6},"end":{"line":529,"column":7}},"loc":{"start":{"line":529,"column":13},"end":{"line":529,"column":65}},"line":529},"17":{"name":"(anonymous_17)","decl":{"start":{"line":590,"column":83},"end":{"line":590,"column":84}},"loc":{"start":{"line":590,"column":109},"end":{"line":604,"column":1}},"line":590}},"branchMap":{"0":{"loc":{"start":{"line":90,"column":4},"end":{"line":96,"column":5}},"type":"if","locations":[{"start":{"line":90,"column":4},"end":{"line":96,"column":5}},{"start":{},"end":{}}],"line":90},"1":{"loc":{"start":{"line":118,"column":18},"end":{"line":118,"column":63}},"type":"cond-expr","locations":[{"start":{"line":118,"column":46},"end":{"line":118,"column":52}},{"start":{"line":118,"column":55},"end":{"line":118,"column":63}}],"line":118},"2":{"loc":{"start":{"line":148,"column":6},"end":{"line":148,"column":14}},"type":"default-arg","locations":[{"start":{"line":148,"column":13},"end":{"line":148,"column":14}}],"line":148},"3":{"loc":{"start":{"line":149,"column":6},"end":{"line":149,"column":16}},"type":"default-arg","locations":[{"start":{"line":149,"column":14},"end":{"line":149,"column":16}}],"line":149},"4":{"loc":{"start":{"line":150,"column":6},"end":{"line":150,"column":21}},"type":"default-arg","locations":[{"start":{"line":150,"column":15},"end":{"line":150,"column":21}}],"line":150},"5":{"loc":{"start":{"line":163,"column":4},"end":{"line":163,"column":38}},"type":"if","locations":[{"start":{"line":163,"column":4},"end":{"line":163,"column":38}},{"start":{},"end":{}}],"line":163},"6":{"loc":{"start":{"line":164,"column":4},"end":{"line":164,"column":41}},"type":"if","locations":[{"start":{"line":164,"column":4},"end":{"line":164,"column":41}},{"start":{},"end":{}}],"line":164},"7":{"loc":{"start":{"line":165,"column":4},"end":{"line":165,"column":71}},"type":"if","locations":[{"start":{"line":165,"column":4},"end":{"line":165,"column":71}},{"start":{},"end":{}}],"line":165},"8":{"loc":{"start":{"line":166,"column":4},"end":{"line":166,"column":76}},"type":"if","locations":[{"start":{"line":166,"column":4},"end":{"line":166,"column":76}},{"start":{},"end":{}}],"line":166},"9":{"loc":{"start":{"line":167,"column":4},"end":{"line":167,"column":71}},"type":"if","locations":[{"start":{"line":167,"column":4},"end":{"line":167,"column":71}},{"start":{},"end":{}}],"line":167},"10":{"loc":{"start":{"line":168,"column":4},"end":{"line":168,"column":71}},"type":"if","locations":[{"start":{"line":168,"column":4},"end":{"line":168,"column":71}},{"start":{},"end":{}}],"line":168},"11":{"loc":{"start":{"line":169,"column":4},"end":{"line":172,"column":5}},"type":"if","locations":[{"start":{"line":169,"column":4},"end":{"line":172,"column":5}},{"start":{},"end":{}}],"line":169},"12":{"loc":{"start":{"line":173,"column":4},"end":{"line":179,"column":5}},"type":"if","locations":[{"start":{"line":173,"column":4},"end":{"line":179,"column":5}},{"start":{},"end":{}}],"line":173},"13":{"loc":{"start":{"line":182,"column":4},"end":{"line":197,"column":5}},"type":"if","locations":[{"start":{"line":182,"column":4},"end":{"line":197,"column":5}},{"start":{},"end":{}}],"line":182},"14":{"loc":{"start":{"line":184,"column":6},"end":{"line":196,"column":7}},"type":"if","locations":[{"start":{"line":184,"column":6},"end":{"line":196,"column":7}},{"start":{},"end":{}}],"line":184},"15":{"loc":{"start":{"line":189,"column":8},"end":{"line":195,"column":9}},"type":"if","locations":[{"start":{"line":189,"column":8},"end":{"line":195,"column":9}},{"start":{},"end":{}}],"line":189},"16":{"loc":{"start":{"line":211,"column":4},"end":{"line":227,"column":5}},"type":"if","locations":[{"start":{"line":211,"column":4},"end":{"line":227,"column":5}},{"start":{},"end":{}}],"line":211},"17":{"loc":{"start":{"line":213,"column":6},"end":{"line":226,"column":7}},"type":"if","locations":[{"start":{"line":213,"column":6},"end":{"line":226,"column":7}},{"start":{},"end":{}}],"line":213},"18":{"loc":{"start":{"line":257,"column":4},"end":{"line":262,"column":5}},"type":"if","locations":[{"start":{"line":257,"column":4},"end":{"line":262,"column":5}},{"start":{},"end":{}}],"line":257},"19":{"loc":{"start":{"line":267,"column":4},"end":{"line":287,"column":5}},"type":"if","locations":[{"start":{"line":267,"column":4},"end":{"line":287,"column":5}},{"start":{},"end":{}}],"line":267},"20":{"loc":{"start":{"line":269,"column":6},"end":{"line":278,"column":7}},"type":"if","locations":[{"start":{"line":269,"column":6},"end":{"line":278,"column":7}},{"start":{},"end":{}}],"line":269},"21":{"loc":{"start":{"line":310,"column":4},"end":{"line":316,"column":5}},"type":"if","locations":[{"start":{"line":310,"column":4},"end":{"line":316,"column":5}},{"start":{},"end":{}}],"line":310},"22":{"loc":{"start":{"line":319,"column":4},"end":{"line":324,"column":5}},"type":"if","locations":[{"start":{"line":319,"column":4},"end":{"line":324,"column":5}},{"start":{},"end":{}}],"line":319},"23":{"loc":{"start":{"line":327,"column":4},"end":{"line":332,"column":5}},"type":"if","locations":[{"start":{"line":327,"column":4},"end":{"line":332,"column":5}},{"start":{},"end":{}}],"line":327},"24":{"loc":{"start":{"line":356,"column":6},"end":{"line":356,"column":16}},"type":"default-arg","locations":[{"start":{"line":356,"column":14},"end":{"line":356,"column":16}}],"line":356},"25":{"loc":{"start":{"line":357,"column":6},"end":{"line":357,"column":32}},"type":"default-arg","locations":[{"start":{"line":357,"column":27},"end":{"line":357,"column":32}}],"line":357},"26":{"loc":{"start":{"line":358,"column":6},"end":{"line":358,"column":23}},"type":"default-arg","locations":[{"start":{"line":358,"column":20},"end":{"line":358,"column":23}}],"line":358},"27":{"loc":{"start":{"line":359,"column":6},"end":{"line":359,"column":23}},"type":"default-arg","locations":[{"start":{"line":359,"column":19},"end":{"line":359,"column":23}}],"line":359},"28":{"loc":{"start":{"line":360,"column":6},"end":{"line":360,"column":26}},"type":"default-arg","locations":[{"start":{"line":360,"column":22},"end":{"line":360,"column":26}}],"line":360},"29":{"loc":{"start":{"line":397,"column":4},"end":{"line":403,"column":5}},"type":"if","locations":[{"start":{"line":397,"column":4},"end":{"line":403,"column":5}},{"start":{},"end":{}}],"line":397},"30":{"loc":{"start":{"line":406,"column":4},"end":{"line":411,"column":5}},"type":"if","locations":[{"start":{"line":406,"column":4},"end":{"line":411,"column":5}},{"start":{},"end":{}}],"line":406},"31":{"loc":{"start":{"line":414,"column":4},"end":{"line":419,"column":5}},"type":"if","locations":[{"start":{"line":414,"column":4},"end":{"line":419,"column":5}},{"start":{},"end":{}}],"line":414},"32":{"loc":{"start":{"line":428,"column":6},"end":{"line":438,"column":7}},"type":"if","locations":[{"start":{"line":428,"column":6},"end":{"line":438,"column":7}},{"start":{"line":431,"column":13},"end":{"line":438,"column":7}}],"line":428},"33":{"loc":{"start":{"line":477,"column":4},"end":{"line":482,"column":5}},"type":"if","locations":[{"start":{"line":477,"column":4},"end":{"line":482,"column":5}},{"start":{},"end":{}}],"line":477},"34":{"loc":{"start":{"line":485,"column":4},"end":{"line":490,"column":5}},"type":"if","locations":[{"start":{"line":485,"column":4},"end":{"line":490,"column":5}},{"start":{},"end":{}}],"line":485},"35":{"loc":{"start":{"line":513,"column":4},"end":{"line":518,"column":5}},"type":"if","locations":[{"start":{"line":513,"column":4},"end":{"line":518,"column":5}},{"start":{},"end":{}}],"line":513},"36":{"loc":{"start":{"line":520,"column":4},"end":{"line":525,"column":5}},"type":"if","locations":[{"start":{"line":520,"column":4},"end":{"line":525,"column":5}},{"start":{},"end":{}}],"line":520},"37":{"loc":{"start":{"line":532,"column":4},"end":{"line":537,"column":5}},"type":"if","locations":[{"start":{"line":532,"column":4},"end":{"line":537,"column":5}},{"start":{},"end":{}}],"line":532},"38":{"loc":{"start":{"line":541,"column":4},"end":{"line":546,"column":5}},"type":"if","locations":[{"start":{"line":541,"column":4},"end":{"line":546,"column":5}},{"start":{},"end":{}}],"line":541},"39"
[...]
4,"column":52}},"94":{"start":{"line":333,"column":4},"end":{"line":333,"column":81}},"95":{"start":{"line":333,"column":72},"end":{"line":333,"column":81}},"96":{"start":{"line":335,"column":18},"end":{"line":335,"column":88}},"97":{"start":{"line":335,"column":65},"end":{"line":335,"column":84}},"98":{"start":{"line":336,"column":4},"end":{"line":336,"column":73}},"99":{"start":{"line":345,"column":4},"end":{"line":345,"column":66}},"100":{"start":{"line":345,"column":54},"end":{"line":345,"column":66}},"101":{"start":{"line":347,"column":18},"end":{"line":347,"column":64}},"102":{"start":{"line":347,"column":44},"end":{"line":347,"column":63}},"103":{"start":{"line":348,"column":4},"end":{"line":348,"column":40}},"104":{"start":{"line":357,"column":4},"end":{"line":357,"column":84}},"105":{"start":{"line":357,"column":72},"end":{"line":357,"column":84}},"106":{"start":{"line":359,"column":18},"end":{"line":359,"column":77}},"107":{"start":{"line":359,"column":55},"end":{"line":359,"column":76}},"108":{"start":{"line":360,"column":4},"end":{"line":360,"column":40}},"109":{"start":{"line":371,"column":20},"end":{"line":373,"column":13}},"110":{"start":{"line":375,"column":4},"end":{"line":377,"column":5}},"111":{"start":{"line":376,"column":6},"end":{"line":376,"column":43}},"112":{"start":{"line":379,"column":16},"end":{"line":379,"column":48}},"113":{"start":{"line":380,"column":4},"end":{"line":382,"column":5}},"114":{"start":{"line":381,"column":6},"end":{"line":381,"column":39}},"115":{"start":{"line":384,"column":4},"end":{"line":384,"column":65}},"116":{"start":{"line":388,"column":0},"end":{"line":388,"column":39}}},"fnMap":{"0":{"name":"(anonymous_0)","decl":{"start":{"line":28,"column":2},"end":{"line":28,"column":3}},"loc":{"start":{"line":28,"column":50},"end":{"line":92,"column":3}},"line":28},"1":{"name":"(anonymous_1)","decl":{"start":{"line":72,"column":8},"end":{"line":72,"column":9}},"loc":{"start":{"line":72,"column":15},"end":{"line":72,"column":73}},"line":72},"2":{"name":"(anonymous_2)","decl":{"start":{"line":89,"column":20},"end":{"line":89,"column":21}},"loc":{"start":{"line":89,"column":30},"end":{"line":89,"column":57}},"line":89},"3":{"name":"(anonymous_3)","decl":{"start":{"line":102,"column":2},"end":{"line":102,"column":3}},"loc":{"start":{"line":102,"column":73},"end":{"line":170,"column":3}},"line":102},"4":{"name":"(anonymous_4)","decl":{"start":{"line":178,"column":2},"end":{"line":178,"column":3}},"loc":{"start":{"line":178,"column":52},"end":{"line":206,"column":3}},"line":178},"5":{"name":"(anonymous_5)","decl":{"start":{"line":194,"column":8},"end":{"line":194,"column":9}},"loc":{"start":{"line":194,"column":17},"end":{"line":194,"column":78}},"line":194},"6":{"name":"(anonymous_6)","decl":{"start":{"line":214,"column":2},"end":{"line":214,"column":3}},"loc":{"start":{"line":214,"column":48},"end":{"line":254,"column":3}},"line":214},"7":{"name":"(anonymous_7)","decl":{"start":{"line":221,"column":50},"end":{"line":221,"column":51}},"loc":{"start":{"line":221,"column":59},"end":{"line":221,"column":83}},"line":221},"8":{"name":"(anonymous_8)","decl":{"start":{"line":225,"column":8},"end":{"line":225,"column":9}},"loc":{"start":{"line":225,"column":17},"end":{"line":225,"column":78}},"line":225},"9":{"name":"(anonymous_9)","decl":{"start":{"line":261,"column":2},"end":{"line":261,"column":3}},"loc":{"start":{"line":261,"column":30},"end":{"line":263,"column":3}},"line":261},"10":{"name":"(anonymous_10)","decl":{"start":{"line":270,"column":2},"end":{"line":270,"column":3}},"loc":{"start":{"line":270,"column":33},"end":{"line":277,"column":3}},"line":270},"11":{"name":"(anonymous_11)","decl":{"start":{"line":284,"column":2},"end":{"line":284,"column":3}},"loc":{"start":{"line":284,"column":33},"end":{"line":309,"column":3}},"line":284},"12":{"name":"(anonymous_12)","decl":{"start":{"line":291,"column":46},"end":{"line":291,"column":47}},"loc":{"start":{"line":292,"column":6},"end":{"line":292,"column":41}},"line":292},"13":{"name":"(anonymous_13)","decl":{"start":{"line":300,"column":57},"end":{"line":300,"column":58}},"loc":{"start":{"line":301,"column":6},"end":{"line":301,"column":43}},"line":301},"14":{"name":"(anonymous_14)","decl":{"start":{"line":316,"column":2},"end":{"line":316,"column":3}},"loc":{"start":{"line":316,"column":31},"end":{"line":325,"column":3}},"line":316},"15":{"name":"(anonymous_15)","decl":{"start":{"line":319,"column":39},"end":{"line":319,"column":40}},"loc":{"start":{"line":319,"column":54},"end":{"line":322,"column":5}},"line":319},"16":{"name":"(anonymous_16)","decl":{"start":{"line":332,"column":2},"end":{"line":332,"column":3}},"loc":{"start":{"line":332,"column":35},"end":{"line":337,"column":3}},"line":332},"17":{"name":"(anonymous_17)","decl":{"start":{"line":335,"column":48},"end":{"line":335,"column":49}},"loc":{"start":{"line":335,"column":65},"end":{"line":335,"column":84}},"line":335},"18":{"name":"(anonymous_18)","decl":{"start":{"line":344,"column":2},"end":{"line":344,"column":3}},"loc":{"start":{"line":344,"column":27},"end":{"line":349,"column":3}},"line":344},"19":{"name":"(anonymous_19)","decl":{"start":{"line":347,"column":36},"end":{"line":347,"column":37}},"loc":{"start":{"line":347,"column":44},"end":{"line":347,"column":63}},"line":347},"20":{"name":"(anonymous_20)","decl":{"start":{"line":356,"column":2},"end":{"line":356,"column":3}},"loc":{"start":{"line":356,"column":29},"end":{"line":361,"column":3}},"line":356},"21":{"name":"(anonymous_21)","decl":{"start":{"line":359,"column":45},"end":{"line":359,"column":46}},"loc":{"start":{"line":359,"column":55},"end":{"line":359,"column":76}},"line":359},"22":{"name":"(anonymous_22)","decl":{"start":{"line":370,"column":2},"end":{"line":370,"column":3}},"loc":{"start":{"line":370,"column":87},"end":{"line":385,"column":3}},"line":370}},"branchMap":{"0":{"loc":{"start":{"line":28,"column":36},"end":{"line":28,"column":48}},"type":"default-arg","locations":[{"start":{"line":28,"column":46},"end":{"line":28,"column":48}}],"line":28},"1":{"loc":{"start":{"line":30,"column":6},"end":{"line":30,"column":47}},"type":"default-arg","locations":[{"start":{"line":30,"column":16},"end":{"line":30,"column":47}}],"line":30},"2":{"loc":{"start":{"line":31,"column":6},"end":{"line":31,"column":16}},"type":"default-arg","locations":[{"start":{"line":31,"column":14},"end":{"line":31,"column":16}}],"line":31},"3":{"loc":{"start":{"line":32,"column":6},"end":{"line":32,"column":32}},"type":"default-arg","locations":[{"start":{"line":32,"column":27},"end":{"line":32,"column":32}}],"line":32},"4":{"loc":{"start":{"line":37,"column":4},"end":{"line":39,"column":5}},"type":"if","locations":[{"start":{"line":37,"column":4},"end":{"line":39,"column":5}},{"start":{},"end":{}}],"line":37},"5":{"loc":{"start":{"line":41,"column":4},"end":{"line":43,"column":5}},"type":"if","locations":[{"start":{"line":41,"column":4},"end":{"line":43,"column":5}},{"start":{},"end":{}}],"line":41},"6":{"loc":{"start":{"line":53,"column":4},"end":{"line":55,"column":5}},"type":"if","locations":[{"start":{"line":53,"column":4},"end":{"line":55,"column":5}},{"start":{},"end":{}}],"line":53},"7":{"loc":{"start":{"line":53,"column":8},"end":{"line":53,"column":61}},"type":"binary-expr","locations":[{"start":{"line":53,"column":8},"end":{"line":53,"column":27}},{"start":{"line":53,"column":31},"end":{"line":53,"column":61}}],"line":53},"8":{"loc":{"start":{"line":57,"column":4},"end":{"line":59,"column":5}},"type":"if","locations":[{"start":{"line":57,"column":4},"end":{"line":59,"column":5}},{"start":{},"end":{}}],"line":57},"9":{"loc":{"start":{"line":57,"column":8},"end":{"line":57,"column":63}},"type":"binary-expr","locations":[{"start":{"line":57,"column":8},"end":{"line":57,"column":28}},{"start":{"line":57,"column":32},"end":{"line":57,"column":63}}],"line":57},"10":{"loc":{"start":{"line":75,"column":6},"end":{"line":75,"column":31}},"type":"if","locations":[{"start":{"line":75,"column":6},"end":{"line":75,"column":31}},{"start":{},"end":{}}],"line":75},"11":{"loc":{"start":{"line":79,"column":6},"end":{"line":85,"column":7}},"type":"if","locations":[{"start":{"line":79,"column":6},"end":{"line":85,"column":7}},{"start":{},"end":{}}],"line":79},"12":{"loc":{"start":{"line":83,"column":14},"end":{"line":83,"column":76}},"type":"binary-expr","locations":[{"start":{"line":83,"column":14},"end":{"line":83,"column":32}},{"start":{"line":83,"column":36},"end":{"line":83,"column":76}}],"line":83},"13":{"loc":{"start":{"line":102,"column":45},"end":{"line":102,"column":71}},"type":"default-arg","locations":[{"start":{"line":102,"column":66},"end":{"line":102,"column":71}}],"line":102},"14":{"loc":{"start":{"line":159,"column":4},"end":{"line":167,"column":5}},"type":"if","locations":[{"start":{"line":159,"column":4},"end":{"line":167,"column":5}},{"start":{},"end":{}}],"line":159},"15":{"loc":{"start":{"line":179,"column":4},"end":{"line":181,"column":5}},"type":"if","locations":[{"start":{"line":179,"column":4},"end":{"line":181,"column":5}},{"start":{},"end":{}}],"line":179},"16":{"loc":{"start":{"line":179,"column":8},"end":{"line":179,"column":54}},"type":"binary-expr","locations":[{"start":{"line":179,"column":8},"end":{"line":179,"column":23}},{"start":{"line":179,"column":27},"end":{"line":179,"column":54}}],"line":179},"17":{"loc":{"start":{"line":183,"column":4},"end":{"line":185,"column":5}},"type":"if","locations":[{"start":{"line":183,"column":4},"end":{"line":185,"column":5}},{"start":{},"end":{}}],"line":183},"18":{"loc":{"start":{"line":183,"column":8},"end":{"line":183,"column":54}},"type":"binary-expr","locations":[{"start":{"line":183,"column":8},"end":{"line":183,"column":23}},{"start":{"line":183,"column":27},"end":{"line":183,"column":54}}],"line":183},"19":{"loc":{"start":{"line":197,"column":6},"end":{"line":202,"column":7}},"type":"if","locations":[{"start":{"line":197,"column":6},"end":{"line":202,"column":7}},{"start":{},"end":{}}],"line":197},"20":{"loc":{"start":{"line":197,"column":10},"end":{"line":197,"column":70}},"type":"binary-expr","locations":[{"start":{"line":197,"column":10},"end":{"line":197,"column":22}},{"start":{"line":197,"column":26},"end":{"line":197,"column":70}}],"line":197},"21":{"loc":{"start":{"line":205,"column":11},"end":{"line":205,"column":80}},"type":"cond-expr","locations":[{"start":{"line":205,"column":29},"end":{"line":205,"column":76}},{"start":{"line":205,"column":79},"end":{"line":205,"column":80}}],"line":205},"22":{"loc":{"start":{"line":228,"column":6},"end":{"line":240,"column":7}},"type":"if","locations":[{"start":{"line":228,"column":6},"end":{"line":240,"column":7}},{"start":{"line":235,"column":13},"end":{"line":240,"column":7}}],"line":228},"23":{"loc":{"start":{"line":244,"column":31},"end":{"line":244,"column":51}},"type":"binary-expr","locations":[{"start":{"line":244,"column":31},"end":{"line":244,"column":45}},{"start":{"line":244,"column":49},"end":{"line":244,"column":51}}],"line":244},"24":{"loc":{"start":{"line":245,"column":6},"end":{"line":250,"column":7}},"type":"if","locations":[{"start":{"line":245,"column":6},"end":{"line":250,"column":7}},{"start":{},"end":{}}],"line":245},"25":{"loc":{"start":{"line":262,"column":11},"end":{"line":262,"column":38}},"type":"binary-expr","locations":[{"start":{"line":262,"column":11},"end":{"line":262,"column":33}},{"start":{"line":262,"column":37},"end":{"line":262,"column":38}}],"line":262},"26":{"loc":{"start":{"line":271,"column":4},"end":{"line":273,"column":5}},"type":"if","locations":[{"start":{"line":271,"column":4},"end":{"line":273,"column":5}},{"start":{},"end":{}}],"line":271},"27":{"loc":{"start":{"line":271,"column":8},"end":{"line":271,"column":70}},"type":"binary-expr","locations":[{"start":{"line":271,"column":8},"end":{"line":271,"column":31}},{"start":{"line":271,"column":35},"end":{"line":271,"column":70}}],"line":271},"28":{"loc":{"start":{"line":291,"column":24},"end":{"line":293,"column":11}},"type":"binary-expr","locations":[{"start":{"line":291,"column":24},"end":{"line":293,"column":5}},{"start":{"line":293,"column":9},"end":{"line":293,"column":11}}],"line":291},"29":{"loc":{"start":{"line":295,"column":4},"end":{"line":297,"column":5}},"type":"if","locations":[{"start":{"line":295,"column":4},"end":{"line":297,"column":5}},{"start":{},"end":{}}],"line":295},"30":{"loc":{"start":{"line":300,"column":26},"end":{"line":302,"column":11}},"type":"binary-expr","locations":[{"start":{"line":300,"column":26},"end":{"line":302,"column":5}},{"start":{"line":302,"column":9},"end":{"line":302,"column":11}}],"line":300},"31":{"loc":{"start":{"line":304,"column":4},"end":{"line":306,"column":5}},"type":"if","locations":[{"start":{"line":304,"column":4},"end":{"line":306,"column":5}},{"start":{},"end":{}}],"line":304},"32":{"loc":{"start":{"line":317,"column":4},"end":{"line":317,"column":63}},"type":"if","locations":[{"start":{"line":317,"column":4},"end":{"line":317,"column":63}},{"start":{},"end":{}}],"line":317},"33":{"loc":{"start":{"line":317,"column":8},"end":{"line":317,"column":52}},"type":"binary-expr","locations":[{"start":{"line":317,"column":8},"end":{"line":317,"column":22}},{"start":{"line":317,"column":26},"end":{"line":317,"column":52}}],"line":317},"34":{"loc":{"start":{"line":333,"column":4},"end":{"line":333,"column":81}},"type":"if","locations":[{"start":{"line":333,"column":4},"end":{"line":333,"column":81}},{"start":{},"end":{}}],"line":333},"35":{"loc":{"start":{"line":333,"column":8},"end":{"line":333,"column":70}},"type":"binary-expr","locations":[{"start":{"line":333,"column":8},"end":{"line":333,"column":31}},{"start":{"line":333,"column":35},"end":{"line":333,"column":70}}],"line":333},"36":{"loc":{"start":{"line":345,"column":4},"end":{"line":345,"column":66}},"type":"if","locations":[{"start":{"line":345,"column":4},"end":{"line":345,"column":66}},{"start":{},"end":{}}],"line":345},"37":{"loc":{"start":{"line":345,"column":8},"end":{"line":345,"column":52}},"type":"binary-expr","locations":[{"start":{"line":345,"column":8},"end":{"line":345,"column":22}},{"start":{"line":345,"column":26},"end":{"line":345,"column":52}}],"line":345},"38":{"loc":{"start":{"line":357,"column":4},"end":{"line":357,"column":84}},"type":"if","locations":[{"start":{"line":357,"column":4},"end":{"line":357,"column":84}},{"start":{},"end":{}}],"line":357},"39":{"loc":{"start":{"line":357,"column":8},"end":{"line":357,"column":70}},"type":"binary-expr","locations":[{"start":{"line":357,"column":8},"end":{"line":357,"column":31}},{"start":{"line":357,"column":35},"end":{"line":357,"column":70}}],"line":357},"40":{"loc":{"start":{"line":370,"column":44},"end":{"line":370,"column":85}},"type":"default-arg","locations":[{"start":{"line":370,"column":54},"end":{"line":370,"column":85}}],"line":370},"41":{"loc":{"start":{"line":375,"column":4},"end":{"line":377,"column":5}},"type":"if","locations":[{"start":{"line":375,"column":4},"end":{"line":377,"column":5}},{"start":{},"end":{}}],"line":375},"42":{"loc":{"start":{"line":380,"column":4},"end":{"line":382,"column":5}},"type":"if","locations":[{"start":{"line":380,"column":4},"end":{"line":382,"column":5}},{"start":{},"end":{}}],"line":380}},"s":{"0":3,"1":3,"2":3,"3":3,"4":2,"5":2,"6":2,"7":0,"8":2,"9":0,"10":2,"11":2,"12":0,"13":2,"14":0,"15":2,"16":2,"17":2,"18":1,"19":0,"20":1,"21":0,"22":1,"23":1,"24":1,"25":2,"26":0,"27":2,"28":6,"29":6,"30":6,"31":6,"32":6,"33":6,"34":6,"35":6,"36":6,"37":6,"38":6,"39":6,"40":6,"41":4,"42":6,"43":8,"44":1,"45":7,"46":2,"47":5,"48":5,"49":5,"50":10,"51":10,"52":16,"53":10,"54":8,"55":8,"56":8,"57":5,"58":6,"59":6,"60":12,"61":6,"62":12,"63":16,"64":12,"65":8,"66":4,"67":6,"68":18,"69":10,"70":6,"71":6,"72":6,"73":0,"74":6,"75":6,"76":6,"77":6,"78":6,"79":6,"80":12,"81":6,"82":6,"83":6,"84":12,"85":6,"86":6,"87":6,"88":6,"89":0,"90":6,"91":12,"92":12,"93":6,"94":12,"95":0,"96":12,"97":24,"98":12,"99":6,"100":0,"101":6,"102":12,"103":6,"104":6,"105":0,"106":6,"107":12,"108":6,"109":3,"110":3,"111":1,"112":2,"113":2,"114":1,"115":1,"116":3},"f":{"0":2,"1":0,"2":0,"3":6,"4":8,"5":16,"6":6,"7":12,"8":16,"9":6,"10":6,"11":6,"12":12,"13":12,"14":6,"15":12,"16":12,"17":24,"18":6,"19":12,"20":6,"21":12,"22":3},"b":{"0":[1],"1":[2],"2":[1],"3":[1],"4":[0,2],"5":[0,2],"6":[0,2],"7":[2,2],"8":[0,2],"9":[2,2],"10":[0,1],"11":[1,0],"12":[1,1],"13":[2],"14":[4,2],"15":[1,7],"16":[8,8],"17":[2,5],"18":[7,7],"19":[8,2],"20":[10,8],"21":[5,0],"22":[8,4],"23":[6,0],"24":[10,8],"25":[6,0],"26":[0,6],"27":[6,6],"28":[6,0],"29":[6,0],"30":[6,0],"31":[6,0],"32":[0,6],"33":[6,6],"34":[0,12],"35":[12,12],"36":[0,6],"37":[6,6],"38":[0,6],"39":[6,6],"40":[3],"41":[1,2],"42":[1,1]},"_coverageSchema":"1a1c01bbd47fc00a2c39e90264f33305004495a9","hash":"15e5cf30912664850f20c88eeaa6e9bc4b6f6292"}
,"C:\\Users\\lenov\\Desktop\\placement coordination system\\server\\utils\\evaluationUtils.js": {"path":"C:\\Users\\lenov\\Desktop\\placement coordination system\\server\\utils\\evaluationUtils.js","statementMap":{"0":{"start":{"line":1,"column":14},"end":{"line":1,"column":30}},"1":{"start":{"line":2,"column":12},"end":{"line":2,"column":39}},"2":{"start":{"line":3,"column":0},"end":{"line":3,"column":18}},"3":{"start":{"line":5,"column":24},"end":{"line":10,"column":1}},"4":{"start":{"line":12,"column":30},"end":{"line":12,"column":58}},"5":{"start":{"line":14,"column":21},"end":{"line":24,"column":1}},"6":{"start":{"line":15,"column":14},"end":{"line":15,"column":46}},"7":{"start":{"line":16,"column":18},"end":{"line":16,"column":27}},"8":{"start":{"line":17,"column":16},"end":{"line":17,"column":68}},"9":{"start":{"line":18,"column":14},"end":{"line":18,"column":46}},"10":{"start":{"line":19,"column":2},"end":{"line":23,"column":4}},"11":{"start":{"line":26,"column":22},"end":{"line":33,"column":1}},"12":{"start":{"line":27,"column":14},"end":{"line":27,"column":48}},"13":{"start":{"line":28,"column":2},"end":{"line":32,"column":4}},"14":{"start":{"line":35,"column":26},"end":{"line":38,"column":1}},"15":{"start":{"line":36,"column":24},"end":{"line":36,"column":45}},"16":{"start":{"line":37,"column":2},"end":{"line":37,"column":92}},"17":{"start":{"line":40,"column":22},"end":{"line":40,"column":53}},"18":{"start":{"line":40,"column":32},"end":{"line":40,"column":53}},"19":{"start":{"line":42,"column":0},"end":{"line":47,"column":2}}},"fnMap":{"0":{"name":"(anonymous_0)","decl":{"start":{"line":14,"column":21},"end":{"line":14,"column":22}},"loc":{"start":{"line":14,"column":31},"end":{"line":24,"column":1}},"line":14},"1":{"name":"(anonymous_1)","decl":{"start":{"line":26,"column":22},"end":{"line":26,"column":23}},"loc":{"start":{"line":26,"column":32},"end":{"line":33,"column":1}},"line":26},"2":{"name":"(anonymous_2)","decl":{"start":{"line":35,"column":26},"end":{"line":35,"column":27}},"loc":{"start":{"line":35,"column":50},"end":{"line":38,"column":1}},"line":35},"3":{"name":"(anonymous_3)","decl":{"start":{"line":40,"column":22},"end":{"line":40,"column":23}},"loc":{"start":{"line":40,"column":32},"end":{"line":40,"column":53}},"line":40}},"branchMap":{"0":{"loc":{"start":{"line":17,"column":29},"end":{"line":17,"column":60}},"type":"cond-expr","locations":[{"start":{"line":17,"column":45},"end":{"line":17,"column":46}},{"start":{"line":17,"column":49},"end":{"line":17,"column":60}}],"line":17},"1":{"loc":{"start":{"line":37,"column":9},"end":{"line":37,"column":91}},"type":"cond-expr","locations":[{"start":{"line":37,"column":35},"end":{"line":37,"column":62}},{"start":{"line":37,"column":65},"end":{"line":37,"column":91}}],"line":37}},"s":{"0":2,"1":2,"2":2,"3":2,"4":2,"5":2,"6":0,"7":0,"8":0,"9":0,"10":0,"11":2,"12":0,"13":0,"14":2,"15":0,"16":0,"17":2,"18":0,"19":2},"f":{"0":0,"1":0,"2":0,"3":0},"b":{"0":[0,0],"1":[0,0]},"_coverageSchema":"1a1c01bbd47fc00a2c39e90264f33305004495a9","hash":"0f88821e404cd0444c87798c9c80b654ca7b67d6"}
}
