TN:
SF:index.js
FN:44,ensureAdminCoordinator
FN:86,(anonymous_1)
FN:94,(anonymous_2)
FNF:3
FNH:0
FNDA:0,ensureAdminCoordinator
FNDA:0,(anonymous_1)
FNDA:0,(anonymous_2)
DA:1,2
DA:2,2
DA:3,2
DA:4,2
DA:5,2
DA:6,2
DA:8,2
DA:9,2
DA:10,2
DA:11,2
DA:12,2
DA:13,2
DA:14,2
DA:16,2
DA:17,2
DA:19,2
DA:22,2
DA:23,2
DA:29,2
DA:32,2
DA:33,2
DA:34,2
DA:37,2
DA:38,2
DA:41,2
DA:45,0
DA:46,0
DA:47,0
DA:49,0
DA:51,0
DA:53,0
DA:60,0
DA:61,0
DA:64,0
DA:65,0
DA:66,0
DA:67,0
DA:68,0
DA:69,0
DA:72,0
DA:77,2
DA:78,2
DA:79,2
DA:80,2
DA:81,2
DA:82,2
DA:83,2
DA:86,2
DA:87,0
DA:91,2
DA:94,2
DA:95,0
DA:98,2
LF:53
LH:36
BRDA:24,0,0,2
BRDA:24,0,1,0
BRDA:46,1,0,0
BRDA:46,1,1,0
BRDA:47,2,0,0
BRDA:47,2,1,0
BRDA:51,3,0,0
BRDA:51,3,1,0
BRF:8
BRH:1
end_of_record
TN:
SF:config\roles.js
FNF:0
FNH:0
DA:4,2
DA:11,2
DA:18,2
DA:25,2
DA:34,2
DA:40,2
LF:6
LH:6
BRF:0
BRH:0
end_of_record
TN:
SF:middleware\auth.js
FN:7,(anonymous_0)
FN:50,(anonymous_1)
FN:51,(anonymous_2)
FN:71,(anonymous_3)
FN:102,(anonymous_4)
FN:103,(anonymous_5)
FNF:6
FNH:3
FNDA:7,(anonymous_0)
FNDA:68,(anonymous_1)
FNDA:4,(anonymous_2)
FNDA:0,(anonymous_3)
FNDA:0,(anonymous_4)
FNDA:0,(anonymous_5)
DA:1,2
DA:2,2
DA:7,2
DA:8,7
DA:9,7
DA:11,7
DA:12,1
DA:15,6
DA:17,6
DA:18,0
DA:22,6
DA:25,6
DA:27,6
DA:28,1
DA:32,5
DA:33,5
DA:35,0
DA:36,0
DA:37,0
DA:38,0
DA:41,0
DA:42,0
DA:50,2
DA:51,68
DA:52,4
DA:53,0
DA:56,4
DA:57,1
DA:64,3
DA:71,2
DA:72,0
DA:73,0
DA:75,0
DA:76,0
DA:79,0
DA:81,0
DA:82,0
DA:85,0
DA:86,0
DA:88,0
DA:89,0
DA:92,0
DA:95,0
DA:102,2
DA:103,0
DA:104,0
DA:105,0
DA:109,0
DA:110,0
DA:114,0
DA:116,0
DA:117,0
DA:120,0
DA:124,2
LF:54
LH:24
BRDA:11,0,0,1
BRDA:11,0,1,6
BRDA:11,1,0,7
BRDA:11,1,1,6
BRDA:17,2,0,0
BRDA:17,2,1,6
BRDA:27,3,0,1
BRDA:27,3,1,5
BRDA:27,4,0,6
BRDA:27,4,1,5
BRDA:35,5,0,0
BRDA:35,5,1,0
BRDA:37,6,0,0
BRDA:37,6,1,0
BRDA:52,7,0,0
BRDA:52,7,1,4
BRDA:56,8,0,1
BRDA:56,8,1,3
BRDA:75,9,0,0
BRDA:75,9,1,0
BRDA:75,10,0,0
BRDA:75,10,1,0
BRDA:81,11,0,0
BRDA:81,11,1,0
BRDA:88,12,0,0
BRDA:88,12,1,0
BRDA:88,13,0,0
BRDA:88,13,1,0
BRDA:102,14,0,0
BRDA:104,15,0,0
BRDA:104,15,1,0
BRDA:109,16,0,0
BRDA:109,16,1,0
BRDA:114,17,0,0
BRDA:114,17,1,0
BRDA:114,17,2,0
BRDA:116,18,0,0
BRDA:116,18,1,0
BRF:38
BRH:12
end_of_record
TN:
SF:middleware\errorHandler.js
FN:1,(anonymous_0)
FN:12,(anonymous_1)
FN:58,(anonymous_2)
FNF:3
FNH:1
FNDA:1,(anonymous_0)
FNDA:0,(anonymous_1)
FNDA:0,(anonymous_2)
DA:1,2
DA:2,1
DA:5,1
DA:11,1
DA:12,0
DA:13,0
DA:21,1
DA:22,0
DA:23,0
DA:31,1
DA:32,0
DA:39,1
DA:40,0
DA:46,1
DA:47,0
DA:54,1
DA:55,0
DA:58,0
DA:63,1
DA:72,2
LF:20
LH:11
BRDA:6,0,0,1
BRDA:6,0,1,0
BRDA:7,1,0,1
BRDA:7,1,1,1
BRDA:11,2,0,0
BRDA:11,2,1,1
BRDA:21,3,0,0
BRDA:21,3,1,1
BRDA:31,4,0,0
BRDA:31,4,1,1
BRDA:39,5,0,0
BRDA:39,5,1,1
BRDA:46,6,0,0
BRDA:46,6,1,1
BRDA:54,7,0,0
BRDA:54,7,1,1
BRDA:66,8,0,1
BRDA:66,8,1,0
BRDA:67,9,0,1
BRDA:67,9,1,0
BRDA:68,10,0,1
BRDA:68,10,1,0
BRF:22
BRH:12
end_of_record
TN:
SF:middleware\rateLimiter.js
FN:4,(anonymous_0)
FN:12,(anonymous_1)
FN:16,(anonymous_2)
FNF:3
FNH:1
FNDA:0,(anonymous_0)
FNDA:6,(anonymous_1)
FNDA:0,(anonymous_2)
DA:1,2
DA:4,2
DA:5,0
DA:12,2
DA:13,6
DA:16,0
DA:23,2
DA:29,2
DA:35,2
DA:41,2
LF:10
LH:8
BRF:0
BRH:0
end_of_record
TN:
SF:models\JobPosting.js
FN:99,(anonymous_0)
FN:109,(anonymous_1)
FN:114,(anonymous_2)
FN:115,(anonymous_3)
FN:119,(anonymous_4)
FN:124,(anonymous_5)
FN:127,(anonymous_6)
FN:144,(anonymous_7)
FN:146,(anonymous_8)
FN:158,(anonymous_9)
FNF:10
FNH:2
FNDA:0,(anonymous_0)
FNDA:0,(anonymous_1)
FNDA:0,(anonymous_2)
FNDA:0,(anonymous_3)
FNDA:12,(anonymous_4)
FNDA:0,(anonymous_5)
FNDA:0,(anonymous_6)
FNDA:0,(anonymous_7)
FNDA:0,(anonymous_8)
FNDA:12,(anonymous_9)
DA:1,3
DA:3,3
DA:91,3
DA:92,3
DA:93,3
DA:94,3
DA:95,3
DA:96,3
DA:99,3
DA:100,0
DA:101,0
DA:102,0
DA:103,0
DA:104,0
DA:105,0
DA:109,3
DA:110,0
DA:114,3
DA:115,0
DA:119,3
DA:120,12
DA:124,3
DA:126,0
DA:127,0
DA:130,0
DA:131,0
DA:134,0
DA:140,0
DA:144,3
DA:145,0
DA:146,0
DA:149,0
DA:150,0
DA:153,0
DA:154,0
DA:158,3
DA:159,12
DA:160,0
DA:162,12
DA:165,3
LF:40
LH:19
BRDA:100,0,0,0
BRDA:100,0,1,0
BRDA:124,1,0,0
BRDA:130,2,0,0
BRDA:130,2,1,0
BRDA:149,3,0,0
BRDA:149,3,1,0
BRDA:159,4,0,0
BRDA:159,4,1,12
BRDA:159,5,0,12
BRDA:159,5,1,0
BRF:11
BRH:2
end_of_record
TN:
SF:models\Notification.js
FN:60,(anonymous_0)
FN:73,(anonymous_1)
FN:80,(anonymous_2)
FN:91,(anonymous_3)
FN:106,(anonymous_4)
FNF:5
FNH:0
FNDA:0,(anonymous_0)
FNDA:0,(anonymous_1)
FNDA:0,(anonymous_2)
FNDA:0,(anonymous_3)
FNDA:0,(anonymous_4)
DA:1,2
DA:3,2
DA:60,0
DA:67,2
DA:68,2
DA:69,2
DA:70,2
DA:73,2
DA:74,0
DA:75,0
DA:76,0
DA:80,2
DA:81,0
DA:82,0
DA:87,0
DA:91,2
DA:92,0
DA:106,2
DA:107,0
DA:110,2
LF:20
LH:11
BRF:0
BRH:0
end_of_record
TN:
SF:models\StudentEvaluation.js
FNF:0
FNH:0
DA:1,2
DA:3,2
DA:5,2
DA:73,2
DA:78,2
LF:5
LH:5
BRF:0
BRH:0
end_of_record
TN:
SF:models\StudentProfile.js
FN:95,(anonymous_0)
FN:101,(anonymous_1)
FN:110,(anonymous_2)
FN:125,(anonymous_3)
FN:131,(anonymous_4)
FN:137,(anonymous_5)
FN:144,(anonymous_6)
FNF:7
FNH:4
FNDA:27,(anonymous_0)
FNDA:22,(anonymous_1)
FNDA:22,(anonymous_2)
FNDA:27,(anonymous_3)
FNDA:0,(anonymous_4)
FNDA:0,(anonymous_5)
FNDA:0,(anonymous_6)
DA:1,3
DA:3,3
DA:87,3
DA:88,3
DA:89,3
DA:90,3
DA:91,3
DA:92,3
DA:95,3
DA:96,27
DA:97,27
DA:100,27
DA:101,11
DA:102,22
DA:103,22
DA:105,11
DA:109,27
DA:110,22
DA:111,11
DA:112,11
DA:116,27
DA:119,27
DA:121,27
DA:125,3
DA:126,27
DA:127,27
DA:131,3
DA:132,0
DA:133,0
DA:137,3
DA:138,0
DA:139,0
DA:140,0
DA:144,3
DA:145,0
DA:146,0
DA:147,0
DA:150,3
LF:38
LH:30
BRDA:100,0,0,11
BRDA:100,0,1,16
BRDA:109,1,0,11
BRDA:109,1,1,16
BRDA:119,2,0,27
BRDA:119,2,1,11
BRDA:132,3,0,0
BRDA:132,3,1,0
BRF:8
BRH:6
end_of_record
TN:
SF:models\TrainerEvaluation.js
FN:77,(anonymous_0)
FN:79,(anonymous_1)
FN:84,(anonymous_2)
FN:91,(anonymous_3)
FN:95,(anonymous_4)
FNF:5
FNH:0
FNDA:0,(anonymous_0)
FNDA:0,(anonymous_1)
FNDA:0,(anonymous_2)
FNDA:0,(anonymous_3)
FNDA:0,(anonymous_4)
DA:1,2
DA:3,2
DA:71,2
DA:72,2
DA:73,2
DA:74,2
DA:77,2
DA:78,0
DA:79,0
DA:80,0
DA:84,2
DA:85,0
DA:91,0
DA:93,0
DA:95,0
DA:96,0
DA:99,2
LF:17
LH:9
BRDA:78,0,0,0
BRDA:78,0,1,0
BRDA:93,1,0,0
BRDA:93,1,1,0
BRF:4
BRH:0
end_of_record
TN:
SF:models\User.js
FN:31,(anonymous_0)
FN:44,(anonymous_1)
FN:56,(anonymous_2)
FN:61,(anonymous_3)
FN:74,(anonymous_4)
FN:79,(anonymous_5)
FN:89,(anonymous_6)
FN:90,(anonymous_7)
FNF:8
FNH:5
FNDA:35,(anonymous_0)
FNDA:7,(anonymous_1)
FNDA:0,(anonymous_2)
FNDA:35,(anonymous_3)
FNDA:2,(anonymous_4)
FNDA:6,(anonymous_5)
FNDA:0,(anonymous_6)
FNDA:0,(anonymous_7)
DA:1,3
DA:2,3
DA:4,3
DA:31,35
DA:45,7
DA:46,7
DA:47,7
DA:53,3
DA:56,3
DA:57,0
DA:61,3
DA:62,35
DA:64,28
DA:65,28
DA:66,28
DA:67,28
DA:69,0
DA:74,3
DA:75,2
DA:79,3
DA:80,6
DA:82,6
DA:83,0
DA:85,6
DA:89,3
DA:90,0
DA:91,0
DA:94,3
LF:28
LH:23
BRDA:62,0,0,7
BRDA:62,0,1,28
BRDA:82,1,0,0
BRDA:82,1,1,6
BRF:4
BRH:3
end_of_record
TN:
SF:routes\auth.js
FN:64,(anonymous_0)
FN:72,(anonymous_1)
FN:112,(anonymous_2)
FN:120,(anonymous_3)
FN:152,(anonymous_4)
FN:160,(anonymous_5)
FN:188,(anonymous_6)
FN:208,(anonymous_7)
FN:216,(anonymous_8)
FN:246,(anonymous_9)
FNF:10
FNH:4
FNDA:8,(anonymous_0)
FNDA:1,(anonymous_1)
FNDA:3,(anonymous_2)
FNDA:0,(anonymous_3)
FNDA:0,(anonymous_4)
FNDA:0,(anonymous_5)
FNDA:0,(anonymous_6)
FNDA:0,(anonymous_7)
FNDA:0,(anonymous_8)
FNDA:1,(anonymous_9)
DA:1,2
DA:2,2
DA:3,2
DA:4,2
DA:5,2
DA:7,2
DA:10,2
DA:45,2
DA:50,2
DA:54,2
DA:64,2
DA:65,8
DA:67,8
DA:68,8
DA:69,1
DA:72,1
DA:77,7
DA:80,6
DA:89,6
DA:90,6
DA:91,6
DA:94,6
DA:96,1
DA:97,1
DA:103,0
DA:112,2
DA:113,3
DA:115,3
DA:116,3
DA:117,0
DA:120,0
DA:125,3
DA:127,0
DA:137,3
DA:138,2
DA:143,1
DA:152,2
DA:153,0
DA:155,0
DA:156,0
DA:157,0
DA:160,0
DA:165,0
DA:167,0
DA:173,0
DA:174,0
DA:179,0
DA:188,2
DA:189,0
DA:190,0
DA:192,0
DA:194,0
DA:199,0
DA:208,2
DA:209,0
DA:211,0
DA:212,0
DA:213,0
DA:216,0
DA:220,0
DA:226,0
DA:231,0
DA:232,0
DA:237,0
DA:246,2
DA:247,1
DA:248,1
DA:250,1
DA:255,0
DA:259,2
LF:70
LH:40
BRDA:68,0,0,1
BRDA:68,0,1,7
BRDA:82,1,0,6
BRDA:82,1,1,6
BRDA:89,2,0,6
BRDA:89,2,1,0
BRDA:89,3,0,6
BRDA:89,3,1,6
BRDA:96,4,0,1
BRDA:96,4,1,0
BRDA:116,5,0,0
BRDA:116,5,1,3
BRDA:137,6,0,2
BRDA:137,6,1,1
BRDA:156,7,0,0
BRDA:156,7,1,0
BRDA:173,8,0,0
BRDA:173,8,1,0
BRDA:212,9,0,0
BRDA:212,9,1,0
BRDA:231,10,0,0
BRDA:231,10,1,0
BRF:22
BRH:11
end_of_record
TN:
SF:routes\jobs.js
FN:86,(anonymous_0)
FN:94,(anonymous_1)
FN:145,(anonymous_2)
FN:171,(anonymous_3)
FN:214,(anonymous_4)
FN:221,(anonymous_5)
FN:251,(anonymous_6)
FN:282,(anonymous_7)
FN:306,(anonymous_8)
FN:314,(anonymous_9)
FN:353,(anonymous_10)
FN:393,(anonymous_11)
FN:401,(anonymous_12)
FN:425,(anonymous_13)
FN:474,(anonymous_14)
FN:510,(anonymous_15)
FN:529,(anonymous_16)
FN:590,(anonymous_17)
FNF:18
FNH:0
FNDA:0,(anonymous_0)
FNDA:0,(anonymous_1)
FNDA:0,(anonymous_2)
FNDA:0,(anonymous_3)
FNDA:0,(anonymous_4)
FNDA:0,(anonymous_5)
FNDA:0,(anonymous_6)
FNDA:0,(anonymous_7)
FNDA:0,(anonymous_8)
FNDA:0,(anonymous_9)
FNDA:0,(anonymous_10)
FNDA:0,(anonymous_11)
FNDA:0,(anonymous_12)
FNDA:0,(anonymous_13)
FNDA:0,(anonymous_14)
FNDA:0,(anonymous_15)
FNDA:0,(anonymous_16)
FNDA:0,(anonymous_17)
DA:1,2
DA:2,2
DA:3,2
DA:4,2
DA:5,2
DA:6,2
DA:7,2
DA:9,2
DA:12,2
DA:44,2
DA:76,2
DA:86,2
DA:87,0
DA:89,0
DA:90,0
DA:91,0
DA:94,0
DA:99,0
DA:104,0
DA:107,0
DA:110,0
DA:112,0
DA:113,0
DA:130,0
DA:136,0
DA:145,2
DA:146,0
DA:158,0
DA:161,0
DA:163,0
DA:164,0
DA:165,0
DA:166,0
DA:167,0
DA:168,0
DA:169,0
DA:170,0
DA:171,0
DA:173,0
DA:174,0
DA:182,0
DA:183,0
DA:184,0
DA:186,0
DA:189,0
DA:190,0
DA:200,0
DA:201,0
DA:207,0
DA:210,0
DA:211,0
DA:212,0
DA:213,0
DA:214,0
DA:215,0
DA:216,0
DA:217,0
DA:220,0
DA:221,0
DA:224,0
DA:229,0
DA:242,0
DA:251,2
DA:252,0
DA:253,0
DA:257,0
DA:258,0
DA:264,0
DA:267,0
DA:268,0
DA:269,0
DA:270,0
DA:276,0
DA:277,0
DA:281,0
DA:282,0
DA:286,0
DA:290,0
DA:292,0
DA:297,0
DA:306,2
DA:307,0
DA:309,0
DA:310,0
DA:311,0
DA:314,0
DA:318,0
DA:319,0
DA:320,0
DA:327,0
DA:328,0
DA:335,0
DA:336,0
DA:338,0
DA:344,0
DA:353,2
DA:354,0
DA:361,0
DA:363,0
DA:369,0
DA:375,0
DA:384,0
DA:393,2
DA:394,0
DA:396,0
DA:397,0
DA:398,0
DA:401,0
DA:405,0
DA:406,0
DA:407,0
DA:414,0
DA:415,0
DA:422,0
DA:423,0
DA:424,0
DA:425,0
DA:428,0
DA:429,0
DA:430,0
DA:433,0
DA:441,0
DA:454,0
DA:456,0
DA:465,0
DA:474,2
DA:475,0
DA:476,0
DA:477,0
DA:478,0
DA:485,0
DA:486,0
DA:492,0
DA:493,0
DA:495,0
DA:501,0
DA:510,2
DA:511,0
DA:512,0
DA:513,0
DA:514,0
DA:520,0
DA:521,0
DA:528,0
DA:529,0
DA:532,0
DA:533,0
DA:540,0
DA:541,0
DA:542,0
DA:548,0
DA:549,0
DA:555,0
DA:556,0
DA:563,0
DA:570,0
DA:572,0
DA:581,0
DA:590,2
DA:591,0
DA:592,0
DA:597,0
DA:602,0
DA:606,2
LF:164
LH:21
BRDA:90,0,0,0
BRDA:90,0,1,0
BRDA:118,1,0,0
BRDA:118,1,1,0
BRDA:148,2,0,0
BRDA:149,3,0,0
BRDA:150,4,0,0
BRDA:163,5,0,0
BRDA:163,5,1,0
BRDA:164,6,0,0
BRDA:164,6,1,0
BRDA:165,7,0,0
BRDA:165,7,1,0
BRDA:166,8,0,0
BRDA:166,8,1,0
BRDA:167,9,0,0
BRDA:167,9,1,0
BRDA:168,10,0,0
BRDA:168,10,1,0
BRDA:169,11,0,0
BRDA:169,11,1,0
BRDA:173,12,0,0
BRDA:173,12,1,0
BRDA:182,13,0,0
BRDA:182,13,1,0
BRDA:184,14,0,0
BRDA:184,14,1,0
BRDA:189,15,0,0
BRDA:189,15,1,0
BRDA:211,16,0,0
BRDA:211,16,1,0
BRDA:213,17,0,0
BRDA:213,17,1,0
BRDA:257,18,0,0
BRDA:257,18,1,0
BRDA:267,19,0,0
BRDA:267,19,1,0
BRDA:269,20,0,0
BRDA:269,20,1,0
BRDA:310,21,0,0
BRDA:310,21,1,0
BRDA:319,22,0,0
BRDA:319,22,1,0
BRDA:327,23,0,0
BRDA:327,23,1,0
BRDA:356,24,0,0
BRDA:357,25,0,0
BRDA:358,26,0,0
BRDA:359,27,0,0
BRDA:360,28,0,0
BRDA:397,29,0,0
BRDA:397,29,1,0
BRDA:406,30,0,0
BRDA:406,30,1,0
BRDA:414,31,0,0
BRDA:414,31,1,0
BRDA:428,32,0,0
BRDA:428,32,1,0
BRDA:477,33,0,0
BRDA:477,33,1,0
BRDA:485,34,0,0
BRDA:485,34,1,0
BRDA:513,35,0,0
BRDA:513,35,1,0
BRDA:520,36,0,0
BRDA:520,36,1,0
BRDA:532,37,0,0
BRDA:532,37,1,0
BRDA:541,38,0,0
BRDA:541,38,1,0
BRDA:548,39,0,0
BRDA:548,39,1,0
BRDA:555,40,0,0
BRDA:555,40,1,0
BRF:74
BRH:0
end_of_record
TN:
SF:routes\notifications.js
FN:19,(anonymous_0)
FN:69,(anonymous_1)
FN:87,(anonymous_2)
FN:95,(anonymous_3)
FN:134,(anonymous_4)
FN:165,(anonymous_5)
FN:193,(anonymous_6)
FNF:7
FNH:0
FNDA:0,(anonymous_0)
FNDA:0,(anonymous_1)
FNDA:0,(anonymous_2)
FNDA:0,(anonymous_3)
FNDA:0,(anonymous_4)
FNDA:0,(anonymous_5)
FNDA:0,(anonymous_6)
DA:1,2
DA:2,2
DA:3,2
DA:4,2
DA:6,2
DA:9,2
DA:19,2
DA:20,0
DA:27,0
DA:30,0
DA:32,0
DA:33,0
DA:34,0
DA:37,0
DA:38,0
DA:43,0
DA:44,0
DA:46,0
DA:60,0
DA:69,2
DA:70,0
DA:71,0
DA:73,0
DA:78,0
DA:87,2
DA:88,0
DA:90,0
DA:91,0
DA:92,0
DA:95,0
DA:101,0
DA:103,0
DA:107,0
DA:109,0
DA:111,0
DA:117,0
DA:125,0
DA:134,2
DA:135,0
DA:136,0
DA:141,0
DA:142,0
DA:148,0
DA:150,0
DA:156,0
DA:165,2
DA:166,0
DA:167,0
DA:172,0
DA:173,0
DA:179,0
DA:184,0
DA:193,2
DA:194,0
DA:195,0
DA:199,0
DA:201,0
DA:209,0
DA:213,2
LF:59
LH:13
BRDA:22,0,0,0
BRDA:23,1,0,0
BRDA:32,2,0,0
BRDA:32,2,1,0
BRDA:33,3,0,0
BRDA:33,3,1,0
BRDA:34,4,0,0
BRDA:34,4,1,0
BRDA:91,5,0,0
BRDA:91,5,1,0
BRDA:101,6,0,0
BRDA:101,6,1,0
BRDA:107,7,0,0
BRDA:107,7,1,0
BRDA:107,8,0,0
BRDA:107,8,1,0
BRDA:141,9,0,0
BRDA:141,9,1,0
BRDA:172,10,0,0
BRDA:172,10,1,0
BRF:20
BRH:0
end_of_record
TN:
SF:routes\reports.js
FN:15,(anonymous_0)
FN:192,(anonymous_1)
FN:283,(anonymous_2)
FN:387,(anonymous_3)
FN:416,(anonymous_4)
FN:432,(anonymous_5)
FN:432,(anonymous_6)
FN:448,(anonymous_7)
FNF:8
FNH:0
FNDA:0,(anonymous_0)
FNDA:0,(anonymous_1)
FNDA:0,(anonymous_2)
FNDA:0,(anonymous_3)
FNDA:0,(anonymous_4)
FNDA:0,(anonymous_5)
FNDA:0,(anonymous_6)
FNDA:0,(anonymous_7)
DA:1,2
DA:2,2
DA:3,2
DA:4,2
DA:5,2
DA:6,2
DA:8,2
DA:15,2
DA:16,0
DA:18,0
DA:41,0
DA:78,0
DA:103,0
DA:118,0
DA:139,0
DA:153,0
DA:170,0
DA:183,0
DA:192,2
DA:193,0
DA:195,0
DA:228,0
DA:266,0
DA:274,0
DA:283,2
DA:284,0
DA:286,0
DA:302,0
DA:317,0
DA:369,0
DA:378,0
DA:387,2
DA:388,0
DA:389,0
DA:392,0
DA:393,0
DA:394,0
DA:395,0
DA:397,0
DA:402,0
DA:416,0
DA:431,0
DA:432,0
DA:435,0
DA:436,0
DA:437,0
DA:439,0
DA:448,2
DA:449,0
DA:451,0
DA:452,0
DA:462,0
DA:472,0
DA:487,0
DA:502,0
DA:507,0
DA:511,2
LF:57
LH:13
BRDA:173,0,0,0
BRDA:173,0,1,0
BRDA:179,1,0,0
BRDA:179,1,1,0
BRDA:393,2,0,0
BRDA:393,2,1,0
BRDA:394,3,0,0
BRDA:394,3,1,0
BRDA:395,4,0,0
BRDA:395,4,1,0
BRDA:424,5,0,0
BRDA:424,5,1,0
BRDA:425,6,0,0
BRDA:425,6,1,0
BRDA:426,7,0,0
BRDA:426,7,1,0
BRDA:427,8,0,0
BRDA:427,8,1,0
BRDA:497,9,0,0
BRDA:497,9,1,0
BRF:20
BRH:0
end_of_record
TN:
SF:routes\students.js
FN:59,(anonymous_0)
FN:75,(anonymous_1)
FN:76,(anonymous_2)
FN:80,(anonymous_3)
FN:87,(anonymous_4)
FN:88,(anonymous_5)
FN:93,(anonymous_6)
FN:169,(anonymous_7)
FN:170,(anonymous_8)
FN:173,(anonymous_9)
FN:176,(anonymous_10)
FN:185,(anonymous_11)
FN:218,(anonymous_12)
FN:238,(anonymous_13)
FN:249,(anonymous_14)
FN:281,(anonymous_15)
FN:315,(anonymous_16)
FN:353,(anonymous_17)
FN:372,(anonymous_18)
FN:401,(anonymous_19)
FN:430,(anonymous_20)
FN:465,(anonymous_21)
FN:473,(anonymous_22)
FN:521,(anonymous_23)
FN:529,(anonymous_24)
FN:587,(anonymous_25)
FN:595,(anonymous_26)
FN:643,(anonymous_27)
FN:651,(anonymous_28)
FN:705,(anonymous_29)
FNF:30
FNH:5
FNDA:0,(anonymous_0)
FNDA:0,(anonymous_1)
FNDA:0,(anonymous_2)
FNDA:0,(anonymous_3)
FNDA:0,(anonymous_4)
FNDA:0,(anonymous_5)
FNDA:0,(anonymous_6)
FNDA:0,(anonymous_7)
FNDA:0,(anonymous_8)
FNDA:0,(anonymous_9)
FNDA:0,(anonymous_10)
FNDA:0,(anonymous_11)
FNDA:1,(anonymous_12)
FNDA:1,(anonymous_13)
FNDA:1,(anonymous_14)
FNDA:1,(anonymous_15)
FNDA:2,(anonymous_16)
FNDA:0,(anonymous_17)
FNDA:0,(anonymous_18)
FNDA:0,(anonymous_19)
FNDA:0,(anonymous_20)
FNDA:0,(anonymous_21)
FNDA:0,(anonymous_22)
FNDA:0,(anonymous_23)
FNDA:0,(anonymous_24)
FNDA:0,(anonymous_25)
FNDA:0,(anonymous_26)
FNDA:0,(anonymous_27)
FNDA:0,(anonymous_28)
FNDA:0,(anonymous_29)
DA:1,2
DA:2,2
DA:3,2
DA:4,2
DA:5,2
DA:6,2
DA:7,2
DA:8,2
DA:9,2
DA:11,2
DA:14,2
DA:27,2
DA:44,2
DA:49,2
DA:59,2
DA:60,0
DA:61,0
DA:64,0
DA:65,0
DA:71,0
DA:75,0
DA:76,0
DA:77,0
DA:80,0
DA:81,0
DA:82,0
DA:84,0
DA:87,0
DA:88,0
DA:91,0
DA:93,0
DA:94,0
DA:95,0
DA:97,0
DA:98,0
DA:99,0
DA:100,0
DA:102,0
DA:103,0
DA:109,0
DA:110,0
DA:124,0
DA:126,0
DA:127,0
DA:131,0
DA:146,0
DA:147,0
DA:148,0
DA:149,0
DA:153,0
DA:156,0
DA:157,0
DA:160,0
DA:161,0
DA:162,0
DA:164,0
DA:169,0
DA:170,0
DA:171,0
DA:172,0
DA:173,0
DA:174,0
DA:176,0
DA:177,0
DA:178,0
DA:180,0
DA:181,0
DA:182,0
DA:185,0
DA:186,0
DA:187,0
DA:188,0
DA:192,0
DA:196,0
DA:209,0
DA:218,2
DA:219,1
DA:220,1
DA:224,1
DA:225,0
DA:232,1
DA:233,1
DA:234,1
DA:235,1
DA:236,1
DA:238,1
DA:239,1
DA:240,1
DA:243,1
DA:244,1
DA:245,1
DA:246,1
DA:247,1
DA:249,1
DA:250,1
DA:254,1
DA:255,1
DA:256,1
DA:258,1
DA:259,1
DA:261,1
DA:262,1
DA:265,1
DA:266,1
DA:269,1
DA:270,0
DA:280,1
DA:281,1
DA:282,1
DA:283,1
DA:284,1
DA:287,1
DA:288,1
DA:290,1
DA:306,0
DA:315,2
DA:316,2
DA:317,2
DA:319,2
DA:320,2
DA:322,2
DA:323,2
DA:324,2
DA:325,2
DA:332,2
DA:336,2
DA:344,0
DA:353,2
DA:354,0
DA:365,0
DA:368,0
DA:370,0
DA:371,0
DA:372,0
DA:375,0
DA:376,0
DA:377,0
DA:378,0
DA:379,0
DA:382,0
DA:383,0
DA:391,0
DA:392,0
DA:401,0
DA:402,0
DA:405,0
DA:406,0
DA:408,0
DA:421,0
DA:430,2
DA:431,0
DA:432,0
DA:436,0
DA:437,0
DA:444,0
DA:448,0
DA:456,0
DA:465,2
DA:466,0
DA:468,0
DA:469,0
DA:470,0
DA:473,0
DA:478,0
DA:479,0
DA:480,0
DA:487,0
DA:492,0
DA:495,0
DA:506,0
DA:512,0
DA:521,2
DA:522,0
DA:524,0
DA:525,0
DA:526,0
DA:529,0
DA:534,0
DA:535,0
DA:536,0
DA:543,0
DA:549,0
DA:552,0
DA:558,0
DA:561,0
DA:572,0
DA:578,0
DA:587,2
DA:588,0
DA:590,0
DA:591,0
DA:592,0
DA:595,0
DA:600,0
DA:601,0
DA:602,0
DA:609,0
DA:614,0
DA:617,0
DA:628,0
DA:634,0
DA:643,2
DA:644,0
DA:646,0
DA:647,0
DA:648,0
DA:651,0
DA:656,0
DA:657,0
DA:658,0
DA:665,0
DA:666,0
DA:669,0
DA:671,0
DA:674,0
DA:678,0
DA:690,0
DA:696,0
DA:705,2
DA:706,0
DA:707,0
DA:726,0
DA:743,0
DA:757,0
DA:761,2
LF:225
LH:71
BRDA:64,0,0,0
BRDA:64,0,1,0
BRDA:81,1,0,0
BRDA:81,1,1,0
BRDA:94,2,0,0
BRDA:94,2,1,0
BRDA:94,2,2,0
BRDA:95,3,0,0
BRDA:95,3,1,0
BRDA:102,4,0,0
BRDA:102,4,1,0
BRDA:109,5,0,0
BRDA:109,5,1,0
BRDA:127,6,0,0
BRDA:127,6,1,0
BRDA:146,7,0,0
BRDA:146,7,1,0
BRDA:148,8,0,0
BRDA:148,8,1,0
BRDA:153,9,0,0
BRDA:153,9,1,0
BRDA:156,10,0,0
BRDA:156,10,1,0
BRDA:156,11,0,0
BRDA:156,11,1,0
BRDA:160,12,0,0
BRDA:160,12,1,0
BRDA:161,13,0,0
BRDA:161,13,1,0
BRDA:171,14,0,0
BRDA:171,14,1,0
BRDA:172,15,0,0
BRDA:172,15,1,0
BRDA:177,16,0,0
BRDA:177,16,1,0
BRDA:224,17,0,0
BRDA:224,17,1,1
BRDA:233,18,0,1
BRDA:233,18,1,0
BRDA:233,18,2,0
BRDA:239,19,0,1
BRDA:239,19,1,0
BRDA:239,19,2,0
BRDA:240,20,0,1
BRDA:240,20,1,1
BRDA:250,21,0,1
BRDA:250,21,1,0
BRDA:254,22,0,1
BRDA:254,22,1,0
BRDA:258,23,0,1
BRDA:258,23,1,0
BRDA:265,24,0,1
BRDA:265,24,1,0
BRDA:265,25,0,1
BRDA:265,25,1,0
BRDA:269,26,0,0
BRDA:269,26,1,1
BRDA:280,27,0,1
BRDA:280,27,1,0
BRDA:283,28,0,1
BRDA:283,28,1,0
BRDA:288,29,0,0
BRDA:288,29,1,1
BRDA:322,30,0,2
BRDA:322,30,1,0
BRDA:324,31,0,2
BRDA:324,31,1,0
BRDA:340,32,0,2
BRDA:340,32,1,0
BRDA:356,33,0,0
BRDA:357,34,0,0
BRDA:370,35,0,0
BRDA:370,35,1,0
BRDA:375,36,0,0
BRDA:375,36,1,0
BRDA:376,37,0,0
BRDA:376,37,1,0
BRDA:377,38,0,0
BRDA:377,38,1,0
BRDA:378,39,0,0
BRDA:378,39,1,0
BRDA:379,40,0,0
BRDA:379,40,1,0
BRDA:391,41,0,0
BRDA:391,41,1,0
BRDA:436,42,0,0
BRDA:436,42,1,0
BRDA:469,43,0,0
BRDA:469,43,1,0
BRDA:479,44,0,0
BRDA:479,44,1,0
BRDA:525,45,0,0
BRDA:525,45,1,0
BRDA:535,46,0,0
BRDA:535,46,1,0
BRDA:554,47,0,0
BRDA:554,47,1,0
BRDA:591,48,0,0
BRDA:591,48,1,0
BRDA:601,49,0,0
BRDA:601,49,1,0
BRDA:647,50,0,0
BRDA:647,50,1,0
BRDA:657,51,0,0
BRDA:657,51,1,0
BRDA:665,52,0,0
BRDA:665,52,1,0
BRDA:674,53,0,0
BRDA:674,53,1,0
BRDA:681,54,0,0
BRDA:681,54,1,0
BRDA:683,55,0,0
BRDA:683,55,1,0
BRDA:692,56,0,0
BRDA:692,56,1,0
BRDA:746,57,0,0
BRDA:746,57,1,0
BRF:117
BRH:17
end_of_record
TN:
SF:routes\trainers.js
FN:29,(anonymous_0)
FN:38,(anonymous_1)
FN:79,(anonymous_2)
FN:86,(anonymous_3)
FN:158,(anonymous_4)
FN:165,(anonymous_5)
FN:227,(anonymous_6)
FN:250,(anonymous_7)
FN:291,(anonymous_8)
FN:322,(anonymous_9)
FN:366,(anonymous_10)
FN:429,(anonymous_11)
FN:492,(anonymous_12)
FNF:13
FNH:0
FNDA:0,(anonymous_0)
FNDA:0,(anonymous_1)
FNDA:0,(anonymous_2)
FNDA:0,(anonymous_3)
FNDA:0,(anonymous_4)
FNDA:0,(anonymous_5)
FNDA:0,(anonymous_6)
FNDA:0,(anonymous_7)
FNDA:0,(anonymous_8)
FNDA:0,(anonymous_9)
FNDA:0,(anonymous_10)
FNDA:0,(anonymous_11)
FNDA:0,(anonymous_12)
DA:1,2
DA:2,2
DA:3,2
DA:4,2
DA:5,2
DA:6,2
DA:7,2
DA:8,2
DA:10,2
DA:12,2
DA:14,2
DA:22,2
DA:29,2
DA:30,0
DA:35,0
DA:38,2
DA:39,0
DA:40,0
DA:41,0
DA:43,0
DA:45,0
DA:46,0
DA:52,0
DA:56,0
DA:57,0
DA:58,0
DA:63,0
DA:66,0
DA:70,0
DA:75,0
DA:79,2
DA:80,0
DA:81,0
DA:82,0
DA:83,0
DA:86,0
DA:90,0
DA:91,0
DA:93,0
DA:94,0
DA:100,0
DA:101,0
DA:102,0
DA:104,0
DA:105,0
DA:111,0
DA:112,0
DA:118,0
DA:120,0
DA:126,0
DA:142,0
DA:148,0
DA:154,0
DA:158,2
DA:159,0
DA:160,0
DA:161,0
DA:162,0
DA:165,0
DA:169,0
DA:171,0
DA:172,0
DA:178,0
DA:179,0
DA:180,0
DA:181,0
DA:188,0
DA:189,0
DA:195,0
DA:196,0
DA:197,0
DA:199,0
DA:200,0
DA:201,0
DA:202,0
DA:205,0
DA:206,0
DA:207,0
DA:208,0
DA:210,0
DA:212,0
DA:218,0
DA:227,2
DA:228,0
DA:229,0
DA:236,0
DA:241,0
DA:250,2
DA:251,0
DA:252,0
DA:254,0
DA:255,0
DA:261,0
DA:266,0
DA:267,0
DA:273,0
DA:274,0
DA:276,0
DA:282,0
DA:291,2
DA:292,0
DA:297,0
DA:300,0
DA:302,0
DA:303,0
DA:311,0
DA:312,0
DA:318,0
DA:321,0
DA:323,0
DA:326,0
DA:331,0
DA:335,0
DA:340,0
DA:344,0
DA:357,0
DA:366,2
DA:367,0
DA:368,0
DA:373,0
DA:374,0
DA:381,0
DA:387,0
DA:395,0
DA:399,0
DA:404,0
DA:410,0
DA:420,0
DA:429,2
DA:430,0
DA:432,0
DA:433,0
DA:439,0
DA:440,0
DA:450,0
DA:453,0
DA:458,0
DA:461,0
DA:462,0
DA:468,0
DA:470,0
DA:483,0
DA:492,2
DA:493,0
DA:495,0
DA:496,0
DA:502,0
DA:503,0
DA:510,0
DA:527,0
DA:544,0
DA:559,0
DA:576,0
DA:586,0
DA:590,2
LF:155
LH:23
BRDA:45,0,0,0
BRDA:45,0,1,0
BRDA:56,1,0,0
BRDA:56,1,1,0
BRDA:57,2,0,0
BRDA:57,2,1,0
BRDA:82,3,0,0
BRDA:82,3,1,0
BRDA:93,4,0,0
BRDA:93,4,1,0
BRDA:100,5,0,0
BRDA:100,5,1,0
BRDA:102,6,0,0
BRDA:102,6,1,0
BRDA:104,7,0,0
BRDA:104,7,1,0
BRDA:104,8,0,0
BRDA:104,8,1,0
BRDA:111,9,0,0
BRDA:111,9,1,0
BRDA:161,10,0,0
BRDA:161,10,1,0
BRDA:171,11,0,0
BRDA:171,11,1,0
BRDA:171,12,0,0
BRDA:171,12,1,0
BRDA:178,13,0,0
BRDA:178,13,1,0
BRDA:179,14,0,0
BRDA:179,14,1,0
BRDA:180,15,0,0
BRDA:180,15,1,0
BRDA:188,16,0,0
BRDA:188,16,1,0
BRDA:188,17,0,0
BRDA:188,17,1,0
BRDA:188,17,2,0
BRDA:195,18,0,0
BRDA:195,18,1,0
BRDA:205,19,0,0
BRDA:205,19,1,0
BRDA:206,20,0,0
BRDA:206,20,1,0
BRDA:207,21,0,0
BRDA:207,21,1,0
BRDA:254,22,0,0
BRDA:254,22,1,0
BRDA:266,23,0,0
BRDA:266,23,1,0
BRDA:294,24,0,0
BRDA:295,25,0,0
BRDA:302,26,0,0
BRDA:302,26,1,0
BRDA:373,27,0,0
BRDA:373,27,1,0
BRDA:407,28,0,0
BRDA:407,28,1,0
BRDA:432,29,0,0
BRDA:432,29,1,0
BRDA:432,30,0,0
BRDA:432,30,1,0
BRDA:439,31,0,0
BRDA:439,31,1,0
BRDA:447,32,0,0
BRDA:448,33,0,0
BRDA:458,34,0,0
BRDA:458,34,1,0
BRDA:495,35,0,0
BRDA:495,35,1,0
BRDA:495,36,0,0
BRDA:495,36,1,0
BRDA:502,37,0,0
BRDA:502,37,1,0
BRDA:579,38,0,0
BRDA:579,38,1,0
BRDA:582,39,0,0
BRDA:582,39,1,0
BRF:77
BRH:0
end_of_record
TN:
SF:routes\users.js
FN:40,(anonymous_0)
FN:68,(anonymous_1)
FN:76,(anonymous_2)
FN:114,(anonymous_3)
FN:122,(anonymous_4)
FN:140,(anonymous_5)
FN:163,(anonymous_6)
FN:199,(anonymous_7)
FN:253,(anonymous_8)
FN:293,(anonymous_9)
FN:326,(anonymous_10)
FN:351,(anonymous_11)
FN:377,(anonymous_12)
FNF:13
FNH:0
FNDA:0,(anonymous_0)
FNDA:0,(anonymous_1)
FNDA:0,(anonymous_2)
FNDA:0,(anonymous_3)
FNDA:0,(anonymous_4)
FNDA:0,(anonymous_5)
FNDA:0,(anonymous_6)
FNDA:0,(anonymous_7)
FNDA:0,(anonymous_8)
FNDA:0,(anonymous_9)
FNDA:0,(anonymous_10)
FNDA:0,(anonymous_11)
FNDA:0,(anonymous_12)
DA:1,2
DA:2,2
DA:3,2
DA:4,2
DA:5,2
DA:6,2
DA:8,2
DA:11,2
DA:23,2
DA:40,2
DA:41,0
DA:42,0
DA:45,0
DA:46,0
DA:49,0
DA:50,0
DA:54,0
DA:59,0
DA:68,2
DA:69,0
DA:71,0
DA:72,0
DA:73,0
DA:76,0
DA:81,0
DA:82,0
DA:83,0
DA:90,0
DA:91,0
DA:93,0
DA:94,0
DA:97,0
DA:99,0
DA:105,0
DA:114,2
DA:115,0
DA:117,0
DA:118,0
DA:119,0
DA:122,0
DA:127,0
DA:128,0
DA:129,0
DA:136,0
DA:137,0
DA:138,0
DA:140,0
DA:141,0
DA:143,0
DA:146,0
DA:148,0
DA:154,0
DA:163,2
DA:164,0
DA:165,0
DA:166,0
DA:167,0
DA:173,0
DA:176,0
DA:177,0
DA:180,0
DA:181,0
DA:185,0
DA:190,0
DA:199,2
DA:200,0
DA:207,0
DA:210,0
DA:211,0
DA:212,0
DA:213,0
DA:214,0
DA:222,0
DA:223,0
DA:229,0
DA:231,0
DA:244,0
DA:253,2
DA:254,0
DA:255,0
DA:257,0
DA:258,0
DA:264,0
DA:265,0
DA:266,0
DA:272,0
DA:273,0
DA:275,0
DA:281,0
DA:290,2
DA:294,0
DA:295,0
DA:296,0
DA:298,0
DA:302,0
DA:303,0
DA:304,0
DA:309,0
DA:312,0
DA:314,0
DA:320,0
DA:326,2
DA:327,0
DA:328,0
DA:334,0
DA:339,0
DA:348,2
DA:352,0
DA:353,0
DA:358,0
DA:364,0
DA:374,2
DA:378,0
DA:379,0
DA:381,0
DA:382,0
DA:388,0
DA:398,0
DA:399,0
DA:405,0
DA:411,0
DA:416,2
LF:122
LH:20
BRDA:45,0,0,0
BRDA:45,0,1,0
BRDA:49,1,0,0
BRDA:49,1,1,0
BRDA:72,2,0,0
BRDA:72,2,1,0
BRDA:82,3,0,0
BRDA:82,3,1,0
BRDA:90,4,0,0
BRDA:90,4,1,0
BRDA:93,5,0,0
BRDA:93,5,1,0
BRDA:118,6,0,0
BRDA:118,6,1,0
BRDA:128,7,0,0
BRDA:128,7,1,0
BRDA:136,8,0,0
BRDA:136,8,1,0
BRDA:137,9,0,0
BRDA:137,9,1,0
BRDA:138,10,0,0
BRDA:138,10,1,0
BRDA:166,11,0,0
BRDA:166,11,1,0
BRDA:176,12,0,0
BRDA:176,12,1,0
BRDA:180,13,0,0
BRDA:180,13,1,0
BRDA:203,14,0,0
BRDA:204,15,0,0
BRDA:211,16,0,0
BRDA:211,16,1,0
BRDA:212,17,0,0
BRDA:212,17,1,0
BRDA:213,18,0,0
BRDA:213,18,1,0
BRDA:257,19,0,0
BRDA:257,19,1,0
BRDA:265,20,0,0
BRDA:265,20,1,0
BRDA:277,21,0,0
BRDA:277,21,1,0
BRDA:302,22,0,0
BRDA:302,22,1,0
BRDA:303,23,0,0
BRDA:303,23,1,0
BRDA:381,24,0,0
BRDA:381,24,1,0
BRDA:398,25,0,0
BRDA:398,25,1,0
BRF:50
BRH:0
end_of_record
TN:
SF:services\authService.js
FN:12,(anonymous_0)
FN:25,(anonymous_1)
FN:44,(anonymous_2)
FN:99,(anonymous_3)
FN:160,(anonymous_4)
FN:197,(anonymous_5)
FN:210,(anonymous_6)
FN:236,(anonymous_7)
FNF:8
FNH:5
FNDA:13,(anonymous_0)
FNDA:6,(anonymous_1)
FNDA:7,(anonymous_2)
FNDA:3,(anonymous_3)
FNDA:0,(anonymous_4)
FNDA:0,(anonymous_5)
FNDA:0,(anonymous_6)
FNDA:1,(anonymous_7)
DA:1,2
DA:2,2
DA:3,2
DA:4,2
DA:13,13
DA:26,6
DA:28,6
DA:29,0
DA:32,6
DA:45,7
DA:48,7
DA:49,7
DA:50,1
DA:54,6
DA:63,6
DA:66,6
DA:67,5
DA:76,5
DA:80,6
DA:81,6
DA:84,6
DA:86,6
DA:101,3
DA:102,3
DA:103,1
DA:107,2
DA:108,0
DA:112,2
DA:113,2
DA:114,2
DA:115,0
DA:118,2
DA:119,0
DA:122,2
DA:123,0
DA:126,2
DA:127,0
DA:132,2
DA:133,2
DA:134,1
DA:138,1
DA:139,1
DA:142,0
DA:143,0
DA:146,0
DA:148,0
DA:161,0
DA:163,0
DA:165,0
DA:166,0
DA:170,0
DA:171,0
DA:172,0
DA:176,0
DA:177,0
DA:180,0
DA:181,0
DA:183,0
DA:188,0
DA:198,0
DA:199,0
DA:200,0
DA:211,0
DA:212,0
DA:213,0
DA:217,0
DA:218,0
DA:219,0
DA:223,0
DA:224,0
DA:227,0
DA:228,0
DA:237,1
DA:238,1
DA:239,0
DA:242,1
DA:245,1
DA:246,1
DA:247,1
DA:248,1
DA:252,1
DA:256,2
LF:82
LH:45
BRDA:16,0,0,13
BRDA:16,0,1,0
BRDA:26,1,0,6
BRDA:26,1,1,0
BRDA:28,2,0,0
BRDA:28,2,1,6
BRDA:49,3,0,1
BRDA:49,3,1,6
BRDA:59,4,0,1
BRDA:59,4,1,5
BRDA:60,5,0,6
BRDA:60,5,1,6
BRDA:66,6,0,5
BRDA:66,6,1,1
BRDA:69,7,0,5
BRDA:69,7,1,0
BRDA:70,8,0,5
BRDA:70,8,1,5
BRDA:72,9,0,5
BRDA:72,9,1,0
BRDA:73,10,0,5
BRDA:73,10,1,0
BRDA:74,11,0,5
BRDA:74,11,1,5
BRDA:102,12,0,1
BRDA:102,12,1,2
BRDA:102,13,0,3
BRDA:102,13,1,2
BRDA:107,14,0,0
BRDA:107,14,1,2
BRDA:107,15,0,2
BRDA:107,15,1,0
BRDA:112,16,0,2
BRDA:112,16,1,0
BRDA:114,17,0,0
BRDA:114,17,1,2
BRDA:118,18,0,0
BRDA:118,18,1,2
BRDA:122,19,0,0
BRDA:122,19,1,2
BRDA:126,20,0,0
BRDA:126,20,1,2
BRDA:133,21,0,1
BRDA:133,21,1,1
BRDA:165,22,0,0
BRDA:165,22,1,0
BRDA:171,23,0,0
BRDA:171,23,1,0
BRDA:171,24,0,0
BRDA:171,24,1,0
BRDA:171,24,2,0
BRDA:199,25,0,0
BRDA:199,25,1,0
BRDA:199,26,0,0
BRDA:199,26,1,0
BRDA:212,27,0,0
BRDA:212,27,1,0
BRDA:218,28,0,0
BRDA:218,28,1,0
BRDA:238,29,0,0
BRDA:238,29,1,1
BRDA:245,30,0,1
BRDA:245,30,1,0
BRDA:247,31,0,1
BRDA:247,31,1,0
BRF:65
BRH:34
end_of_record
TN:
SF:services\matchingService.js
FN:28,(anonymous_0)
FN:72,(anonymous_1)
FN:89,(anonymous_2)
FN:102,(anonymous_3)
FN:178,(anonymous_4)
FN:194,(anonymous_5)
FN:214,(anonymous_6)
FN:221,(anonymous_7)
FN:225,(anonymous_8)
FN:261,(anonymous_9)
FN:270,(anonymous_10)
FN:284,(anonymous_11)
FN:291,(anonymous_12)
FN:300,(anonymous_13)
FN:316,(anonymous_14)
FN:319,(anonymous_15)
FN:332,(anonymous_16)
FN:335,(anonymous_17)
FN:344,(anonymous_18)
FN:347,(anonymous_19)
FN:356,(anonymous_20)
FN:359,(anonymous_21)
FN:370,(anonymous_22)
FNF:23
FNH:21
FNDA:2,(anonymous_0)
FNDA:0,(anonymous_1)
FNDA:0,(anonymous_2)
FNDA:6,(anonymous_3)
FNDA:8,(anonymous_4)
FNDA:16,(anonymous_5)
FNDA:6,(anonymous_6)
FNDA:12,(anonymous_7)
FNDA:16,(anonymous_8)
FNDA:6,(anonymous_9)
FNDA:6,(anonymous_10)
FNDA:6,(anonymous_11)
FNDA:12,(anonymous_12)
FNDA:12,(anonymous_13)
FNDA:6,(anonymous_14)
FNDA:12,(anonymous_15)
FNDA:12,(anonymous_16)
FNDA:24,(anonymous_17)
FNDA:6,(anonymous_18)
FNDA:12,(anonymous_19)
FNDA:6,(anonymous_20)
FNDA:12,(anonymous_21)
FNDA:3,(anonymous_22)
DA:1,3
DA:2,3
DA:3,3
DA:13,3
DA:33,2
DA:36,2
DA:37,2
DA:38,0
DA:41,2
DA:42,0
DA:46,2
DA:53,2
DA:54,0
DA:57,2
DA:58,0
DA:62,2
DA:67,2
DA:69,2
DA:71,1
DA:72,0
DA:75,1
DA:77,1
DA:79,1
DA:80,1
DA:89,2
DA:91,2
DA:103,6
DA:106,6
DA:107,6
DA:115,6
DA:116,6
DA:128,6
DA:129,6
DA:141,6
DA:142,6
DA:151,6
DA:155,6
DA:157,6
DA:159,6
DA:160,4
DA:169,6
DA:179,8
DA:180,1
DA:183,7
DA:184,2
DA:187,5
DA:188,5
DA:190,5
DA:191,10
DA:193,10
DA:194,16
DA:197,10
DA:199,8
DA:200,8
DA:201,8
DA:205,5
DA:215,6
DA:221,12
DA:223,6
DA:224,12
DA:225,16
DA:228,12
DA:229,8
DA:236,4
DA:244,6
DA:245,18
DA:246,10
DA:253,6
DA:262,6
DA:271,6
DA:272,0
DA:275,6
DA:276,6
DA:285,6
DA:286,6
DA:288,6
DA:291,6
DA:292,12
DA:295,6
DA:296,6
DA:300,6
DA:301,12
DA:304,6
DA:305,6
DA:308,6
DA:317,6
DA:319,6
DA:320,12
DA:321,12
DA:324,6
DA:333,12
DA:335,24
DA:336,12
DA:345,6
DA:347,12
DA:348,6
DA:357,6
DA:359,12
DA:360,6
DA:371,3
DA:375,3
DA:376,1
DA:379,2
DA:380,2
DA:381,1
DA:384,1
DA:388,3
LF:107
LH:101
BRDA:28,0,0,1
BRDA:30,1,0,2
BRDA:31,2,0,1
BRDA:32,3,0,1
BRDA:37,4,0,0
BRDA:37,4,1,2
BRDA:41,5,0,0
BRDA:41,5,1,2
BRDA:53,6,0,0
BRDA:53,6,1,2
BRDA:53,7,0,2
BRDA:53,7,1,2
BRDA:57,8,0,0
BRDA:57,8,1,2
BRDA:57,9,0,2
BRDA:57,9,1,2
BRDA:75,10,0,0
BRDA:75,10,1,1
BRDA:79,11,0,1
BRDA:79,11,1,0
BRDA:83,12,0,1
BRDA:83,12,1,1
BRDA:102,13,0,2
BRDA:159,14,0,4
BRDA:159,14,1,2
BRDA:179,15,0,1
BRDA:179,15,1,7
BRDA:179,16,0,8
BRDA:179,16,1,8
BRDA:183,17,0,2
BRDA:183,17,1,5
BRDA:183,18,0,7
BRDA:183,18,1,7
BRDA:197,19,0,8
BRDA:197,19,1,2
BRDA:197,20,0,10
BRDA:197,20,1,8
BRDA:205,21,0,5
BRDA:205,21,1,0
BRDA:228,22,0,8
BRDA:228,22,1,4
BRDA:244,23,0,6
BRDA:244,23,1,0
BRDA:245,24,0,10
BRDA:245,24,1,8
BRDA:262,25,0,6
BRDA:262,25,1,0
BRDA:271,26,0,0
BRDA:271,26,1,6
BRDA:271,27,0,6
BRDA:271,27,1,6
BRDA:291,28,0,6
BRDA:291,28,1,0
BRDA:295,29,0,6
BRDA:295,29,1,0
BRDA:300,30,0,6
BRDA:300,30,1,0
BRDA:304,31,0,6
BRDA:304,31,1,0
BRDA:317,32,0,0
BRDA:317,32,1,6
BRDA:317,33,0,6
BRDA:317,33,1,6
BRDA:333,34,0,0
BRDA:333,34,1,12
BRDA:333,35,0,12
BRDA:333,35,1,12
BRDA:345,36,0,0
BRDA:345,36,1,6
BRDA:345,37,0,6
BRDA:345,37,1,6
BRDA:357,38,0,0
BRDA:357,38,1,6
BRDA:357,39,0,6
BRDA:357,39,1,6
BRDA:370,40,0,3
BRDA:375,41,0,1
BRDA:375,41,1,2
BRDA:380,42,0,1
BRDA:380,42,1,1
BRF:80
BRH:62
end_of_record
TN:
SF:utils\evaluationUtils.js
FN:14,(anonymous_0)
FN:26,(anonymous_1)
FN:35,(anonymous_2)
FN:40,(anonymous_3)
FNF:4
FNH:0
FNDA:0,(anonymous_0)
FNDA:0,(anonymous_1)
FNDA:0,(anonymous_2)
FNDA:0,(anonymous_3)
DA:1,2
DA:2,2
DA:3,2
DA:5,2
DA:12,2
DA:14,2
DA:15,0
DA:16,0
DA:17,0
DA:18,0
DA:19,0
DA:26,2
DA:27,0
DA:28,0
DA:35,2
DA:36,0
DA:37,0
DA:40,2
DA:42,2
LF:19
LH:10
BRDA:17,0,0,0
BRDA:17,0,1,0
BRDA:37,1,0,0
BRDA:37,1,1,0
BRF:4
BRH:0
end_of_record
